Connecting to host 1.2.2.1, port 5201
[  4] local 10.0.10.1 port 52317 connected to 1.2.2.1 port 5201
[ ID] Interval           Transfer     Bandwidth       Total Datagrams
[  4]   0.00-1.00   sec  10.6 MBytes  89.3 Mbits/sec  1363  
[  4]   1.00-2.00   sec  11.8 MBytes  99.0 Mbits/sec  1510  
[  4]   2.00-3.00   sec  11.8 MBytes  99.0 Mbits/sec  1510  
[  4]   3.00-4.00   sec  11.8 MBytes  99.1 Mbits/sec  1512  
[  4]   4.00-5.00   sec  11.8 MBytes  99.0 Mbits/sec  1510  
[  4]   5.00-6.00   sec  11.8 MBytes  99.0 Mbits/sec  1510  
[  4]   6.00-7.00   sec  11.8 MBytes  99.0 Mbits/sec  1511  
[  4]   7.00-8.00   sec  11.8 MBytes  99.0 Mbits/sec  1510  
[  4]   8.00-9.00   sec  11.8 MBytes  99.2 Mbits/sec  1513  
[  4]   9.00-10.00  sec  11.8 MBytes  99.0 Mbits/sec  1510  
[  4]  10.00-11.00  sec  11.8 MBytes  99.0 Mbits/sec  1510  
[  4]  11.00-12.00  sec  11.8 MBytes  99.0 Mbits/sec  1511  
[  4]  12.00-13.00  sec  11.8 MBytes  99.0 Mbits/sec  1510  
[  4]  13.00-14.00  sec  11.8 MBytes  99.0 Mbits/sec  1510  
[  4]  14.00-15.00  sec  11.8 MBytes  99.0 Mbits/sec  1510  
[  4]  15.00-16.00  sec  11.8 MBytes  99.2 Mbits/sec  1513  
[  4]  16.00-17.00  sec  11.8 MBytes  98.8 Mbits/sec  1508  
[  4]  17.00-18.00  sec  11.8 MBytes  99.0 Mbits/sec  1511  
[  4]  18.00-19.00  sec  11.8 MBytes  99.0 Mbits/sec  1511  
[  4]  19.00-20.00  sec  11.8 MBytes  99.0 Mbits/sec  1510  
[  4]  20.00-21.00  sec  11.8 MBytes  99.2 Mbits/sec  1513  
[  4]  21.00-22.00  sec  11.8 MBytes  98.9 Mbits/sec  1509  
[  4]  22.00-23.00  sec  11.8 MBytes  99.0 Mbits/sec  1511  
[  4]  23.00-24.00  sec  11.8 MBytes  99.0 Mbits/sec  1510  
[  4]  24.00-25.00  sec  2.42 MBytes  20.3 Mbits/sec  310  
[  4]  25.00-26.00  sec  0.00 Bytes  0.00 bits/sec  0  
[  4]  26.00-27.00  sec  0.00 Bytes  0.00 bits/sec  0  
[  4]  27.00-28.00  sec  44.8 MBytes   376 Mbits/sec  5734  
[  4]  28.00-29.00  sec  11.8 MBytes  98.9 Mbits/sec  1509  
[  4]  29.00-30.00  sec  11.8 MBytes  99.0 Mbits/sec  1511  
[  4]  30.00-31.00  sec  11.8 MBytes  99.1 Mbits/sec  1512  
[  4]  31.00-32.00  sec  11.8 MBytes  99.0 Mbits/sec  1511  
[  4]  32.00-33.00  sec  11.8 MBytes  99.0 Mbits/sec  1511  
[  4]  33.00-34.00  sec  11.8 MBytes  98.8 Mbits/sec  1508  
[  4]  34.00-35.00  sec  11.8 MBytes  99.0 Mbits/sec  1511  
[  4]  35.00-36.00  sec  11.8 MBytes  99.1 Mbits/sec  1512  
[  4]  36.00-37.00  sec  11.8 MBytes  98.9 Mbits/sec  1509  
[  4]  37.00-38.00  sec  11.8 MBytes  99.0 Mbits/sec  1511  
[  4]  38.00-39.00  sec  11.8 MBytes  99.1 Mbits/sec  1512  
[  4]  39.00-40.00  sec  11.8 MBytes  98.9 Mbits/sec  1509  
[  4]  40.00-41.00  sec  11.8 MBytes  99.1 Mbits/sec  1512  
[  4]  41.00-42.00  sec  11.8 MBytes  98.9 Mbits/sec  1509  
[  4]  42.00-43.00  sec  11.8 MBytes  99.2 Mbits/sec  1513  
[  4]  43.00-44.00  sec  11.8 MBytes  98.8 Mbits/sec  1508  
[  4]  44.00-45.00  sec  11.8 MBytes  99.2 Mbits/sec  1513  
[  4]  45.00-46.00  sec  11.8 MBytes  98.9 Mbits/sec  1509  
[  4]  46.00-47.00  sec  11.8 MBytes  99.1 Mbits/sec  1512  
[  4]  47.00-48.00  sec  11.8 MBytes  99.0 Mbits/sec  1511  
[  4]  48.00-49.00  sec  11.8 MBytes  99.0 Mbits/sec  1510  
[  4]  49.00-50.00  sec  11.8 MBytes  99.0 Mbits/sec  1510  
[  4]  50.00-51.00  sec  11.8 MBytes  99.0 Mbits/sec  1511  
[  4]  51.00-52.00  sec  11.8 MBytes  98.9 Mbits/sec  1509  
[  4]  52.00-53.00  sec  11.8 MBytes  99.1 Mbits/sec  1512  
[  4]  53.00-54.00  sec  11.8 MBytes  99.1 Mbits/sec  1512  
[  4]  54.00-55.00  sec  3.61 MBytes  30.3 Mbits/sec  462  
[  4]  55.00-56.00  sec  0.00 Bytes  0.00 bits/sec  0  
[  4]  56.00-57.00  sec  0.00 Bytes  0.00 bits/sec  0  
[  4]  57.00-58.00  sec  43.6 MBytes   366 Mbits/sec  5578  
[  4]  58.00-59.00  sec  11.8 MBytes  99.2 Mbits/sec  1513  
[  4]  59.00-60.00  sec  11.8 MBytes  99.0 Mbits/sec  1511  
[  4]  60.00-61.00  sec  11.8 MBytes  98.8 Mbits/sec  1508  
[  4]  61.00-62.00  sec  11.8 MBytes  99.0 Mbits/sec  1511  
[  4]  62.00-63.00  sec  11.8 MBytes  99.2 Mbits/sec  1513  
[  4]  63.00-64.00  sec  11.8 MBytes  98.8 Mbits/sec  1508  
[  4]  64.00-65.00  sec  11.8 MBytes  99.0 Mbits/sec  1511  
[  4]  65.00-66.00  sec  11.8 MBytes  99.1 Mbits/sec  1512  
[  4]  66.00-67.00  sec  11.8 MBytes  99.0 Mbits/sec  1511  
[  4]  67.00-68.00  sec  11.8 MBytes  99.0 Mbits/sec  1510  
[  4]  68.00-69.00  sec  11.8 MBytes  99.1 Mbits/sec  1512  
[  4]  69.00-70.00  sec  11.8 MBytes  98.9 Mbits/sec  1509  
[  4]  70.00-71.00  sec  11.8 MBytes  98.9 Mbits/sec  1509  
[  4]  71.00-72.00  sec  11.8 MBytes  99.0 Mbits/sec  1511  
[  4]  72.00-73.00  sec  11.8 MBytes  99.1 Mbits/sec  1512  
[  4]  73.00-74.00  sec  11.8 MBytes  99.1 Mbits/sec  1512  
[  4]  74.00-75.00  sec  11.8 MBytes  99.0 Mbits/sec  1510  
[  4]  75.00-76.00  sec  11.8 MBytes  99.0 Mbits/sec  1510  
[  4]  76.00-77.00  sec  11.8 MBytes  99.0 Mbits/sec  1511  
[  4]  77.00-78.00  sec  11.8 MBytes  98.8 Mbits/sec  1508  
[  4]  78.00-79.00  sec  11.8 MBytes  99.1 Mbits/sec  1512  
[  4]  79.00-80.00  sec  11.8 MBytes  99.0 Mbits/sec  1510  
[  4]  80.00-81.00  sec  11.8 MBytes  99.1 Mbits/sec  1512  
[  4]  81.00-82.00  sec  11.8 MBytes  98.9 Mbits/sec  1509  
[  4]  82.00-83.00  sec  11.8 MBytes  99.0 Mbits/sec  1511  
[  4]  83.00-84.00  sec  11.8 MBytes  99.0 Mbits/sec  1510  
[  4]  84.00-85.00  sec  3.62 MBytes  30.4 Mbits/sec  464  
[  4]  85.00-86.00  sec  0.00 Bytes  0.00 bits/sec  0  
[  4]  86.00-87.00  sec  0.00 Bytes  0.00 bits/sec  0  
[  4]  87.00-88.00  sec  43.6 MBytes   366 Mbits/sec  5580  
[  4]  88.00-89.00  sec  11.8 MBytes  99.0 Mbits/sec  1511  
[  4]  89.00-90.00  sec  11.8 MBytes  99.0 Mbits/sec  1511  
[  4]  90.00-91.00  sec  11.8 MBytes  99.0 Mbits/sec  1510  
[  4]  91.00-92.00  sec  11.8 MBytes  98.9 Mbits/sec  1509  
[  4]  92.00-93.00  sec  11.8 MBytes  99.2 Mbits/sec  1513  
[  4]  93.00-94.00  sec  11.8 MBytes  99.0 Mbits/sec  1510  
[  4]  94.00-95.00  sec  11.8 MBytes  99.0 Mbits/sec  1511  
[  4]  95.00-96.00  sec  11.8 MBytes  99.0 Mbits/sec  1511  
[  4]  96.00-97.00  sec  11.8 MBytes  98.8 Mbits/sec  1508  
[  4]  97.00-98.00  sec  11.8 MBytes  99.2 Mbits/sec  1513  
[  4]  98.00-99.00  sec  11.8 MBytes  98.9 Mbits/sec  1509  
[  4]  99.00-100.00 sec  11.8 MBytes  99.1 Mbits/sec  1512  
- - - - - - - - - - - - - - - - - - - - - - - - -
[ ID] Interval           Transfer     Bandwidth       Jitter    Lost/Total Datagrams
[  4]   0.00-100.00 sec  1.15 GBytes  98.9 Mbits/sec  0.094 ms  51879/128576 (40%)  
[  4] Sent 128576 datagrams

Server output:
Accepted connection from 10.0.10.1, port 34244
[  5] local 1.2.2.1 port 5201 connected to 10.0.10.1 port 52317
[ ID] Interval           Transfer     Bandwidth       Jitter    Lost/Total Datagrams
[  5]   0.00-1.00   sec  10.6 MBytes  89.3 Mbits/sec  0.064 ms  0/1363 (0%)  
[  5]   1.00-2.00   sec  11.8 MBytes  99.0 Mbits/sec  0.060 ms  0/1510 (0%)  
[  5]   2.00-3.00   sec  11.8 MBytes  99.0 Mbits/sec  0.060 ms  0/1510 (0%)  
[  5]   3.00-4.00   sec  11.8 MBytes  99.1 Mbits/sec  0.068 ms  0/1512 (0%)  
[  5]   4.00-5.00   sec  11.8 MBytes  99.0 Mbits/sec  0.063 ms  0/1510 (0%)  
[  5]   5.00-6.00   sec  11.8 MBytes  99.0 Mbits/sec  0.063 ms  0/1510 (0%)  
[  5]   6.00-7.00   sec  11.8 MBytes  99.0 Mbits/sec  0.065 ms  0/1511 (0%)  
[  5]   7.00-8.00   sec  11.8 MBytes  99.0 Mbits/sec  0.063 ms  0/1510 (0%)  
[  5]   8.00-9.00   sec  11.8 MBytes  99.2 Mbits/sec  0.065 ms  0/1513 (0%)  
[  5]   9.00-10.00  sec  11.8 MBytes  99.0 Mbits/sec  0.070 ms  0/1510 (0%)  
[  5]  10.00-11.00  sec  11.8 MBytes  99.0 Mbits/sec  0.065 ms  0/1510 (0%)  
[  5]  11.00-12.00  sec  11.8 MBytes  99.0 Mbits/sec  0.065 ms  0/1511 (0%)  
[  5]  12.00-13.00  sec  11.8 MBytes  99.0 Mbits/sec  0.059 ms  0/1510 (0%)  
[  5]  13.00-14.00  sec  11.8 MBytes  99.0 Mbits/sec  0.068 ms  0/1510 (0%)  
[  5]  14.00-15.00  sec  11.8 MBytes  99.0 Mbits/sec  0.072 ms  0/1510 (0%)  
[  5]  15.00-16.00  sec  11.8 MBytes  99.2 Mbits/sec  0.071 ms  0/1513 (0%)  
[  5]  16.00-17.00  sec  11.8 MBytes  98.8 Mbits/sec  0.067 ms  0/1508 (0%)  
[  5]  17.00-18.00  sec  11.8 MBytes  99.0 Mbits/sec  0.066 ms  0/1511 (0%)  
[  5]  18.00-19.00  sec  11.8 MBytes  99.0 Mbits/sec  0.065 ms  0/1511 (0%)  
[  5]  19.00-20.00  sec  11.8 MBytes  99.0 Mbits/sec  0.059 ms  0/1510 (0%)  
[  5]  20.00-21.00  sec  11.8 MBytes  99.2 Mbits/sec  0.060 ms  0/1513 (0%)  
[  5]  21.00-22.00  sec  11.8 MBytes  98.9 Mbits/sec  0.060 ms  0/1509 (0%)  
[  5]  22.00-23.00  sec  11.8 MBytes  99.0 Mbits/sec  0.068 ms  0/1511 (0%)  
[  5]  23.00-24.00  sec  11.8 MBytes  99.0 Mbits/sec  0.059 ms  0/1510 (0%)  
[  5]  24.00-25.00  sec  2.36 MBytes  19.8 Mbits/sec  0.060 ms  0/302 (0%)  
[  5]  25.00-26.00  sec  0.00 Bytes  0.00 bits/sec  0.060 ms  0/0 (-nan%)  
[  5]  26.00-27.00  sec  0.00 Bytes  0.00 bits/sec  0.060 ms  0/0 (-nan%)  
[  5]  27.00-28.00  sec  3.16 MBytes  26.5 Mbits/sec  0.110 ms  859/1263 (68%)  
[  5]  28.00-29.00  sec  0.00 Bytes  0.00 bits/sec  0.110 ms  0/0 (-nan%)  
[  5]  29.00-30.00  sec  0.00 Bytes  0.00 bits/sec  0.110 ms  0/0 (-nan%)  
[  5]  30.00-31.00  sec  0.00 Bytes  0.00 bits/sec  0.110 ms  0/0 (-nan%)  
[  5]  31.00-32.00  sec  0.00 Bytes  0.00 bits/sec  0.110 ms  0/0 (-nan%)  
[  5]  32.00-33.00  sec  0.00 Bytes  0.00 bits/sec  0.110 ms  0/0 (-nan%)  
[  5]  33.00-34.00  sec  0.00 Bytes  0.00 bits/sec  0.110 ms  0/0 (-nan%)  
[  5]  34.00-35.00  sec  0.00 Bytes  0.00 bits/sec  0.110 ms  0/0 (-nan%)  
[  5]  35.00-36.00  sec  0.00 Bytes  0.00 bits/sec  0.110 ms  0/0 (-nan%)  
[  5]  36.00-37.00  sec  0.00 Bytes  0.00 bits/sec  0.110 ms  0/0 (-nan%)  
[  5]  37.00-38.00  sec  0.00 Bytes  0.00 bits/sec  0.110 ms  0/0 (-nan%)  
[  5]  38.00-39.00  sec  0.00 Bytes  0.00 bits/sec  0.110 ms  0/0 (-nan%)  
[  5]  39.00-40.00  sec  0.00 Bytes  0.00 bits/sec  0.110 ms  0/0 (-nan%)  
[  5]  40.00-41.00  sec  0.00 Bytes  0.00 bits/sec  0.110 ms  0/0 (-nan%)  
[  5]  41.00-42.00  sec  0.00 Bytes  0.00 bits/sec  0.110 ms  0/0 (-nan%)  
[  5]  42.00-43.00  sec  0.00 Bytes  0.00 bits/sec  0.110 ms  0/0 (-nan%)  
[  5]  43.00-44.00  sec  0.00 Bytes  0.00 bits/sec  0.110 ms  0/0 (-nan%)  
[  5]  44.00-45.00  sec  0.00 Bytes  0.00 bits/sec  0.110 ms  0/0 (-nan%)  
[  5]  45.00-46.00  sec  0.00 Bytes  0.00 bits/sec  0.110 ms  0/0 (-nan%)  
[  5]  46.00-47.00  sec  0.00 Bytes  0.00 bits/sec  0.110 ms  0/0 (-nan%)  
[  5]  47.00-48.00  sec  0.00 Bytes  0.00 bits/sec  0.110 ms  0/0 (-nan%)  
[  5]  48.00-49.00  sec  0.00 Bytes  0.00 bits/sec  0.110 ms  0/0 (-nan%)  
[  5]  49.00-50.00  sec  0.00 Bytes  0.00 bits/sec  0.110 ms  0/0 (-nan%)  
[  5]  50.00-51.00  sec  0.00 Bytes  0.00 bits/sec  0.110 ms  0/0 (-nan%)  
[  5]  51.00-52.00  sec  0.00 Bytes  0.00 bits/sec  0.110 ms  0/0 (-nan%)  
[  5]  52.00-53.00  sec  0.00 Bytes  0.00 bits/sec  0.110 ms  0/0 (-nan%)  
[  5]  53.00-54.00  sec  0.00 Bytes  0.00 bits/sec  0.110 ms  0/0 (-nan%)  
[  5]  54.00-55.00  sec  0.00 Bytes  0.00 bits/sec  0.110 ms  0/0 (-nan%)  
[  5]  55.00-56.00  sec  0.00 Bytes  0.00 bits/sec  0.110 ms  0/0 (-nan%)  
[  5]  56.00-57.00  sec  0.00 Bytes  0.00 bits/sec  0.110 ms  0/0 (-nan%)  
[  5]  57.00-58.00  sec  0.00 Bytes  0.00 bits/sec  0.110 ms  0/0 (-nan%)  
[  5]  58.00-59.00  sec  9.45 MBytes  79.3 Mbits/sec  0.068 ms  50100/51309 (98%)  
[  5]  59.00-60.00  sec  11.8 MBytes  99.0 Mbits/sec  0.063 ms  0/1511 (0%)  
[  5]  60.00-61.00  sec  11.8 MBytes  98.8 Mbits/sec  0.060 ms  0/1508 (0%)  
[  5]  61.00-62.00  sec  11.8 MBytes  99.0 Mbits/sec  0.060 ms  0/1511 (0%)  
[  5]  62.00-63.00  sec  11.8 MBytes  99.2 Mbits/sec  0.066 ms  0/1513 (0%)  
[  5]  63.00-64.00  sec  11.8 MBytes  98.8 Mbits/sec  0.067 ms  0/1508 (0%)  
[  5]  64.00-65.00  sec  11.8 MBytes  99.0 Mbits/sec  0.065 ms  0/1511 (0%)  
[  5]  65.00-66.00  sec  11.8 MBytes  99.1 Mbits/sec  0.063 ms  0/1512 (0%)  
[  5]  66.00-67.00  sec  11.8 MBytes  99.0 Mbits/sec  0.065 ms  0/1511 (0%)  
[  5]  67.00-68.00  sec  11.8 MBytes  99.0 Mbits/sec  0.064 ms  0/1510 (0%)  
[  5]  68.00-69.00  sec  11.8 MBytes  99.1 Mbits/sec  0.066 ms  0/1512 (0%)  
[  5]  69.00-70.00  sec  11.8 MBytes  98.9 Mbits/sec  0.068 ms  0/1509 (0%)  
[  5]  70.00-71.00  sec  11.8 MBytes  98.9 Mbits/sec  0.057 ms  0/1509 (0%)  
[  5]  71.00-72.00  sec  11.8 MBytes  99.0 Mbits/sec  0.068 ms  0/1511 (0%)  
[  5]  72.00-73.00  sec  11.8 MBytes  99.1 Mbits/sec  0.067 ms  0/1512 (0%)  
[  5]  73.00-74.00  sec  11.8 MBytes  99.1 Mbits/sec  0.072 ms  0/1512 (0%)  
[  5]  74.00-75.00  sec  11.8 MBytes  99.0 Mbits/sec  0.068 ms  0/1510 (0%)  
[  5]  75.00-76.00  sec  11.8 MBytes  99.0 Mbits/sec  0.063 ms  0/1510 (0%)  
[  5]  76.00-77.00  sec  11.8 MBytes  99.0 Mbits/sec  0.059 ms  0/1511 (0%)  
[  5]  77.00-78.00  sec  11.8 MBytes  98.8 Mbits/sec  0.059 ms  0/1508 (0%)  
[  5]  78.00-79.00  sec  11.8 MBytes  99.1 Mbits/sec  0.065 ms  0/1512 (0%)  
[  5]  79.00-80.00  sec  11.8 MBytes  99.0 Mbits/sec  0.065 ms  0/1510 (0%)  
[  5]  80.00-81.00  sec  11.8 MBytes  99.1 Mbits/sec  0.060 ms  0/1512 (0%)  
[  5]  81.00-82.00  sec  11.8 MBytes  98.9 Mbits/sec  0.072 ms  0/1509 (0%)  
[  5]  82.00-83.00  sec  11.8 MBytes  99.0 Mbits/sec  0.064 ms  0/1511 (0%)  
[  5]  83.00-84.00  sec  11.8 MBytes  99.0 Mbits/sec  0.058 ms  0/1510 (0%)  
[  5]  84.00-85.00  sec  3.56 MBytes  29.9 Mbits/sec  0.060 ms  0/456 (0%)  
[  5]  85.00-86.00  sec  0.00 Bytes  0.00 bits/sec  0.060 ms  0/0 (-nan%)  
[  5]  86.00-87.00  sec  0.00 Bytes  0.00 bits/sec  0.060 ms  0/0 (-nan%)  
[  5]  87.00-88.00  sec  3.57 MBytes  30.0 Mbits/sec  0.094 ms  920/1377 (67%)  
[  5]  88.00-89.00  sec  0.00 Bytes  0.00 bits/sec  0.094 ms  0/0 (-nan%)  
[  5]  89.00-90.00  sec  0.00 Bytes  0.00 bits/sec  0.094 ms  0/0 (-nan%)  
[  5]  90.00-91.00  sec  0.00 Bytes  0.00 bits/sec  0.094 ms  0/0 (-nan%)  
[  5]  91.00-92.00  sec  0.00 Bytes  0.00 bits/sec  0.094 ms  0/0 (-nan%)  
[  5]  92.00-93.00  sec  0.00 Bytes  0.00 bits/sec  0.094 ms  0/0 (-nan%)  
[  5]  93.00-94.00  sec  0.00 Bytes  0.00 bits/sec  0.094 ms  0/0 (-nan%)  
[  5]  94.00-95.00  sec  0.00 Bytes  0.00 bits/sec  0.094 ms  0/0 (-nan%)  
[  5]  95.00-96.00  sec  0.00 Bytes  0.00 bits/sec  0.094 ms  0/0 (-nan%)  
[  5]  96.00-97.00  sec  0.00 Bytes  0.00 bits/sec  0.094 ms  0/0 (-nan%)  
[  5]  97.00-98.00  sec  0.00 Bytes  0.00 bits/sec  0.094 ms  0/0 (-nan%)  
[  5]  98.00-99.00  sec  0.00 Bytes  0.00 bits/sec  0.094 ms  0/0 (-nan%)  
[  5]  99.00-100.00 sec  0.00 Bytes  0.00 bits/sec  0.094 ms  0/0 (-nan%)  


iperf Done.
