Connecting to host 1.2.2.1, port 5201
[  4] local 10.0.10.1 port 41115 connected to 1.2.2.1 port 5201
[ ID] Interval           Transfer     Bandwidth       Total Datagrams
[  4]   0.00-1.00   sec  10.7 MBytes  89.4 Mbits/sec  1364  
[  4]   1.00-2.00   sec  11.8 MBytes  99.0 Mbits/sec  1510  
[  4]   2.00-3.00   sec  11.8 MBytes  99.0 Mbits/sec  1511  
[  4]   3.00-4.00   sec  11.8 MBytes  99.1 Mbits/sec  1512  
[  4]   4.00-5.00   sec  11.8 MBytes  98.8 Mbits/sec  1507  
[  4]   5.00-6.00   sec  11.8 MBytes  99.1 Mbits/sec  1513  
[  4]   6.00-7.00   sec  11.8 MBytes  99.0 Mbits/sec  1510  
[  4]   7.00-8.00   sec  11.8 MBytes  99.0 Mbits/sec  1511  
[  4]   8.00-9.00   sec  11.8 MBytes  99.0 Mbits/sec  1510  
[  4]   9.00-10.00  sec  11.8 MBytes  99.0 Mbits/sec  1511  
[  4]  10.00-11.00  sec  11.8 MBytes  99.0 Mbits/sec  1510  
[  4]  11.00-12.00  sec  11.8 MBytes  99.0 Mbits/sec  1511  
[  4]  12.00-13.00  sec  11.8 MBytes  98.9 Mbits/sec  1509  
[  4]  13.00-14.00  sec  11.8 MBytes  99.1 Mbits/sec  1512  
[  4]  14.00-15.00  sec  11.8 MBytes  99.0 Mbits/sec  1511  
[  4]  15.00-16.00  sec  11.8 MBytes  99.0 Mbits/sec  1511  
[  4]  16.00-17.00  sec  11.8 MBytes  98.9 Mbits/sec  1509  
[  4]  17.00-18.00  sec  11.8 MBytes  99.1 Mbits/sec  1512  
[  4]  18.00-19.00  sec  11.8 MBytes  98.9 Mbits/sec  1509  
[  4]  19.00-20.00  sec  11.8 MBytes  99.2 Mbits/sec  1513  
[  4]  20.00-21.00  sec  11.8 MBytes  99.0 Mbits/sec  1510  
[  4]  21.00-22.00  sec  11.8 MBytes  99.0 Mbits/sec  1511  
[  4]  22.00-23.00  sec  11.8 MBytes  98.8 Mbits/sec  1508  
[  4]  23.00-24.00  sec  11.8 MBytes  99.0 Mbits/sec  1511  
[  4]  24.00-25.00  sec  11.8 MBytes  99.0 Mbits/sec  1511  
[  4]  25.00-26.00  sec  11.8 MBytes  99.0 Mbits/sec  1510  
[  4]  26.00-27.00  sec  11.8 MBytes  99.1 Mbits/sec  1513  
[  4]  27.00-28.00  sec  11.8 MBytes  98.8 Mbits/sec  1508  
[  4]  28.00-29.00  sec  11.8 MBytes  99.2 Mbits/sec  1513  
[  4]  29.00-30.00  sec  11.8 MBytes  99.0 Mbits/sec  1510  
[  4]  30.00-31.00  sec  11.8 MBytes  99.0 Mbits/sec  1511  
[  4]  31.00-32.00  sec  11.8 MBytes  99.0 Mbits/sec  1511  
[  4]  32.00-33.00  sec  11.8 MBytes  99.0 Mbits/sec  1510  
[  4]  33.00-34.00  sec  11.8 MBytes  98.9 Mbits/sec  1509  
[  4]  34.00-35.00  sec  11.8 MBytes  99.4 Mbits/sec  1516  
[  4]  35.00-36.00  sec  11.8 MBytes  98.7 Mbits/sec  1506  
[  4]  36.00-37.00  sec  11.8 MBytes  99.0 Mbits/sec  1511  
[  4]  37.00-38.00  sec  11.8 MBytes  99.1 Mbits/sec  1512  
[  4]  38.00-39.00  sec  11.8 MBytes  99.0 Mbits/sec  1510  
[  4]  39.00-40.00  sec  11.8 MBytes  99.0 Mbits/sec  1511  
[  4]  40.00-41.00  sec  11.8 MBytes  99.0 Mbits/sec  1510  
[  4]  41.00-42.00  sec  11.8 MBytes  99.0 Mbits/sec  1510  
[  4]  42.00-43.00  sec  11.8 MBytes  99.0 Mbits/sec  1510  
[  4]  43.00-44.00  sec  11.8 MBytes  99.0 Mbits/sec  1510  
[  4]  44.00-45.00  sec  11.8 MBytes  99.0 Mbits/sec  1511  
[  4]  45.00-46.00  sec  11.8 MBytes  99.0 Mbits/sec  1511  
[  4]  46.00-47.00  sec  11.8 MBytes  99.0 Mbits/sec  1510  
[  4]  47.00-48.00  sec  11.8 MBytes  99.0 Mbits/sec  1511  
[  4]  48.00-49.00  sec  11.8 MBytes  99.2 Mbits/sec  1513  
[  4]  49.00-50.00  sec  11.8 MBytes  99.0 Mbits/sec  1510  
[  4]  50.00-51.00  sec  11.8 MBytes  98.9 Mbits/sec  1509  
[  4]  51.00-52.00  sec  11.8 MBytes  99.0 Mbits/sec  1510  
[  4]  52.00-53.00  sec  11.8 MBytes  99.1 Mbits/sec  1513  
[  4]  53.00-54.00  sec  11.8 MBytes  98.8 Mbits/sec  1508  
[  4]  54.00-55.00  sec  11.8 MBytes  99.0 Mbits/sec  1511  
[  4]  55.00-56.00  sec  11.8 MBytes  99.0 Mbits/sec  1510  
[  4]  56.00-57.00  sec  11.8 MBytes  99.2 Mbits/sec  1513  
[  4]  57.00-58.00  sec  11.8 MBytes  99.0 Mbits/sec  1510  
[  4]  58.00-59.00  sec  11.8 MBytes  99.1 Mbits/sec  1512  
[  4]  59.00-60.00  sec  11.8 MBytes  99.0 Mbits/sec  1510  
[  4]  60.00-61.00  sec  11.8 MBytes  99.0 Mbits/sec  1511  
[  4]  61.00-62.00  sec  11.8 MBytes  99.0 Mbits/sec  1510  
[  4]  62.00-63.00  sec  11.8 MBytes  98.9 Mbits/sec  1509  
[  4]  63.00-64.00  sec  11.8 MBytes  99.0 Mbits/sec  1511  
[  4]  64.00-65.00  sec  11.8 MBytes  99.0 Mbits/sec  1510  
[  4]  65.00-66.00  sec  11.8 MBytes  99.1 Mbits/sec  1512  
[  4]  66.00-67.00  sec  11.8 MBytes  98.9 Mbits/sec  1509  
[  4]  67.00-68.00  sec  11.8 MBytes  99.2 Mbits/sec  1513  
[  4]  68.00-69.00  sec  11.8 MBytes  98.9 Mbits/sec  1509  
[  4]  69.00-70.00  sec  11.8 MBytes  99.0 Mbits/sec  1511  
[  4]  70.00-71.00  sec  11.8 MBytes  99.0 Mbits/sec  1511  
[  4]  71.00-72.00  sec  11.8 MBytes  99.2 Mbits/sec  1514  
[  4]  72.00-73.00  sec  11.8 MBytes  98.8 Mbits/sec  1508  
[  4]  73.00-74.00  sec  11.8 MBytes  99.0 Mbits/sec  1511  
[  4]  74.00-75.00  sec  11.8 MBytes  99.0 Mbits/sec  1510  
[  4]  75.00-76.00  sec  11.8 MBytes  99.0 Mbits/sec  1511  
[  4]  76.00-77.00  sec  11.8 MBytes  98.9 Mbits/sec  1509  
[  4]  77.00-78.00  sec  11.8 MBytes  99.1 Mbits/sec  1512  
[  4]  78.00-79.00  sec  11.8 MBytes  99.0 Mbits/sec  1511  
[  4]  79.00-80.00  sec  11.8 MBytes  99.0 Mbits/sec  1511  
[  4]  80.00-81.00  sec  11.8 MBytes  99.0 Mbits/sec  1510  
[  4]  81.00-82.00  sec  11.8 MBytes  98.9 Mbits/sec  1509  
[  4]  82.00-83.00  sec  11.8 MBytes  99.2 Mbits/sec  1513  
[  4]  83.00-84.00  sec  11.8 MBytes  99.0 Mbits/sec  1510  
[  4]  84.00-85.00  sec  11.8 MBytes  99.1 Mbits/sec  1512  
[  4]  85.00-86.00  sec  11.8 MBytes  98.8 Mbits/sec  1507  
[  4]  86.00-87.00  sec  11.8 MBytes  99.2 Mbits/sec  1513  
[  4]  87.00-88.00  sec  11.8 MBytes  99.0 Mbits/sec  1510  
[  4]  88.00-89.00  sec  11.8 MBytes  98.9 Mbits/sec  1509  
[  4]  89.00-90.00  sec  11.8 MBytes  99.0 Mbits/sec  1511  
[  4]  90.00-91.00  sec  11.8 MBytes  99.0 Mbits/sec  1510  
[  4]  91.00-92.00  sec  11.8 MBytes  99.1 Mbits/sec  1512  
[  4]  92.00-93.00  sec  11.8 MBytes  99.0 Mbits/sec  1510  
[  4]  93.00-94.00  sec  11.8 MBytes  99.1 Mbits/sec  1512  
[  4]  94.00-95.00  sec  11.8 MBytes  98.9 Mbits/sec  1509  
[  4]  95.00-96.00  sec  11.8 MBytes  99.0 Mbits/sec  1510  
[  4]  96.00-97.00  sec  11.8 MBytes  99.1 Mbits/sec  1512  
[  4]  97.00-98.00  sec  11.8 MBytes  99.1 Mbits/sec  1512  
[  4]  98.00-99.00  sec  11.8 MBytes  99.0 Mbits/sec  1510  
[  4]  99.00-100.00 sec  11.8 MBytes  99.0 Mbits/sec  1511  
[  4] 100.00-101.00 sec  11.8 MBytes  99.0 Mbits/sec  1510  
[  4] 101.00-102.00 sec  11.8 MBytes  98.9 Mbits/sec  1509  
[  4] 102.00-103.00 sec  11.8 MBytes  99.1 Mbits/sec  1512  
[  4] 103.00-104.00 sec  11.8 MBytes  99.0 Mbits/sec  1510  
[  4] 104.00-105.00 sec  11.8 MBytes  99.0 Mbits/sec  1510  
[  4] 105.00-106.00 sec  11.8 MBytes  99.3 Mbits/sec  1515  
[  4] 106.00-107.00 sec  11.8 MBytes  98.8 Mbits/sec  1508  
[  4] 107.00-108.00 sec  11.8 MBytes  98.9 Mbits/sec  1509  
[  4] 108.00-109.00 sec  11.8 MBytes  99.0 Mbits/sec  1511  
[  4] 109.00-110.00 sec  11.8 MBytes  99.0 Mbits/sec  1511  
[  4] 110.00-111.00 sec  11.8 MBytes  99.1 Mbits/sec  1512  
[  4] 111.00-112.00 sec  11.8 MBytes  99.0 Mbits/sec  1511  
[  4] 112.00-113.00 sec  11.8 MBytes  98.8 Mbits/sec  1508  
[  4] 113.00-114.00 sec  11.8 MBytes  99.0 Mbits/sec  1511  
[  4] 114.00-115.00 sec  11.8 MBytes  99.0 Mbits/sec  1510  
[  4] 115.00-116.00 sec  11.8 MBytes  99.0 Mbits/sec  1511  
[  4] 116.00-117.00 sec  11.8 MBytes  99.1 Mbits/sec  1512  
[  4] 117.00-118.00 sec  11.8 MBytes  98.9 Mbits/sec  1509  
[  4] 118.00-119.00 sec  11.8 MBytes  99.2 Mbits/sec  1513  
[  4] 119.00-120.00 sec  11.8 MBytes  99.0 Mbits/sec  1511  
[  4] 120.00-121.00 sec  11.8 MBytes  99.0 Mbits/sec  1510  
[  4] 121.00-122.00 sec  11.8 MBytes  98.9 Mbits/sec  1509  
[  4] 122.00-123.00 sec  11.8 MBytes  99.0 Mbits/sec  1510  
[  4] 123.00-124.00 sec  11.8 MBytes  99.2 Mbits/sec  1513  
[  4] 124.00-125.00 sec  11.8 MBytes  98.9 Mbits/sec  1509  
[  4] 125.00-126.00 sec  11.8 MBytes  99.1 Mbits/sec  1512  
[  4] 126.00-127.00 sec  11.8 MBytes  99.0 Mbits/sec  1510  
[  4] 127.00-128.00 sec  11.8 MBytes  98.9 Mbits/sec  1509  
[  4] 128.00-129.00 sec  11.8 MBytes  99.2 Mbits/sec  1513  
[  4] 129.00-130.00 sec  11.8 MBytes  98.9 Mbits/sec  1509  
[  4] 130.00-131.00 sec  11.8 MBytes  99.1 Mbits/sec  1512  
[  4] 131.00-132.00 sec  11.8 MBytes  99.0 Mbits/sec  1511  
[  4] 132.00-133.00 sec  11.8 MBytes  99.0 Mbits/sec  1510  
[  4] 133.00-134.00 sec  11.8 MBytes  98.9 Mbits/sec  1509  
[  4] 134.00-135.00 sec  11.8 MBytes  99.0 Mbits/sec  1511  
[  4] 135.00-136.00 sec  11.8 MBytes  99.1 Mbits/sec  1512  
[  4] 136.00-137.00 sec  11.8 MBytes  98.9 Mbits/sec  1509  
[  4] 137.00-138.00 sec  11.8 MBytes  99.2 Mbits/sec  1513  
[  4] 138.00-139.00 sec  11.8 MBytes  99.0 Mbits/sec  1510  
[  4] 139.00-140.00 sec  11.8 MBytes  99.0 Mbits/sec  1511  
[  4] 140.00-141.00 sec  11.8 MBytes  98.8 Mbits/sec  1508  
[  4] 141.00-142.00 sec  11.8 MBytes  99.1 Mbits/sec  1513  
[  4] 142.00-143.00 sec  11.8 MBytes  99.0 Mbits/sec  1510  
[  4] 143.00-144.00 sec  11.8 MBytes  99.1 Mbits/sec  1512  
[  4] 144.00-145.00 sec  11.8 MBytes  98.8 Mbits/sec  1508  
[  4] 145.00-146.00 sec  11.8 MBytes  99.0 Mbits/sec  1511  
[  4] 146.00-147.00 sec  11.8 MBytes  99.1 Mbits/sec  1512  
[  4] 147.00-148.00 sec  11.8 MBytes  98.9 Mbits/sec  1509  
[  4] 148.00-149.00 sec  11.8 MBytes  99.0 Mbits/sec  1510  
[  4] 149.00-150.00 sec  11.8 MBytes  99.1 Mbits/sec  1513  
- - - - - - - - - - - - - - - - - - - - - - - - -
[ ID] Interval           Transfer     Bandwidth       Jitter    Lost/Total Datagrams
[  4]   0.00-150.00 sec  1.73 GBytes  98.9 Mbits/sec  0.064 ms  0/226446 (0%)  
[  4] Sent 226446 datagrams

Server output:
Accepted connection from 10.0.10.1, port 34238
[  5] local 1.2.2.1 port 5201 connected to 10.0.10.1 port 41115
[ ID] Interval           Transfer     Bandwidth       Jitter    Lost/Total Datagrams
[  5]   0.00-1.00   sec  10.7 MBytes  89.4 Mbits/sec  0.064 ms  0/1364 (0%)  
[  5]   1.00-2.00   sec  11.8 MBytes  99.0 Mbits/sec  0.066 ms  0/1510 (0%)  
[  5]   2.00-3.00   sec  11.8 MBytes  99.0 Mbits/sec  0.071 ms  0/1511 (0%)  
[  5]   3.00-4.00   sec  11.8 MBytes  99.1 Mbits/sec  0.074 ms  0/1512 (0%)  
[  5]   4.00-5.00   sec  11.8 MBytes  98.8 Mbits/sec  0.059 ms  0/1507 (0%)  
[  5]   5.00-6.00   sec  11.8 MBytes  99.2 Mbits/sec  0.065 ms  0/1513 (0%)  
[  5]   6.00-7.00   sec  11.8 MBytes  99.0 Mbits/sec  0.071 ms  0/1510 (0%)  
[  5]   7.00-8.00   sec  11.8 MBytes  99.0 Mbits/sec  0.069 ms  0/1511 (0%)  
[  5]   8.00-9.00   sec  11.8 MBytes  99.0 Mbits/sec  0.074 ms  0/1510 (0%)  
[  5]   9.00-10.00  sec  11.8 MBytes  99.0 Mbits/sec  0.064 ms  0/1511 (0%)  
[  5]  10.00-11.00  sec  11.8 MBytes  99.0 Mbits/sec  0.066 ms  0/1510 (0%)  
[  5]  11.00-12.00  sec  11.8 MBytes  99.0 Mbits/sec  0.063 ms  0/1511 (0%)  
[  5]  12.00-13.00  sec  11.8 MBytes  98.9 Mbits/sec  0.064 ms  0/1509 (0%)  
[  5]  13.00-14.00  sec  11.8 MBytes  99.1 Mbits/sec  0.068 ms  0/1512 (0%)  
[  5]  14.00-15.00  sec  11.8 MBytes  99.0 Mbits/sec  0.059 ms  0/1511 (0%)  
[  5]  15.00-16.00  sec  11.8 MBytes  99.0 Mbits/sec  0.069 ms  0/1511 (0%)  
[  5]  16.00-17.00  sec  11.8 MBytes  98.9 Mbits/sec  0.059 ms  0/1509 (0%)  
[  5]  17.00-18.00  sec  11.8 MBytes  99.1 Mbits/sec  0.069 ms  0/1512 (0%)  
[  5]  18.00-19.00  sec  11.8 MBytes  98.9 Mbits/sec  0.063 ms  0/1509 (0%)  
[  5]  19.00-20.00  sec  11.8 MBytes  99.2 Mbits/sec  0.063 ms  0/1513 (0%)  
[  5]  20.00-21.00  sec  11.8 MBytes  99.0 Mbits/sec  0.071 ms  0/1510 (0%)  
[  5]  21.00-22.00  sec  11.8 MBytes  99.0 Mbits/sec  0.067 ms  0/1511 (0%)  
[  5]  22.00-23.00  sec  11.8 MBytes  98.8 Mbits/sec  0.070 ms  0/1508 (0%)  
[  5]  23.00-24.00  sec  11.8 MBytes  99.0 Mbits/sec  0.065 ms  0/1511 (0%)  
[  5]  24.00-25.00  sec  11.8 MBytes  99.0 Mbits/sec  0.060 ms  0/1511 (0%)  
[  5]  25.00-26.00  sec  11.8 MBytes  99.0 Mbits/sec  0.063 ms  0/1510 (0%)  
[  5]  26.00-27.00  sec  11.8 MBytes  99.2 Mbits/sec  0.059 ms  0/1513 (0%)  
[  5]  27.00-28.00  sec  11.8 MBytes  98.8 Mbits/sec  0.058 ms  0/1508 (0%)  
[  5]  28.00-29.00  sec  11.8 MBytes  99.2 Mbits/sec  0.067 ms  0/1513 (0%)  
[  5]  29.00-30.00  sec  11.8 MBytes  99.0 Mbits/sec  0.069 ms  0/1510 (0%)  
[  5]  30.00-31.00  sec  11.8 MBytes  99.0 Mbits/sec  0.059 ms  0/1511 (0%)  
[  5]  31.00-32.00  sec  11.8 MBytes  99.0 Mbits/sec  0.064 ms  0/1511 (0%)  
[  5]  32.00-33.00  sec  11.8 MBytes  99.0 Mbits/sec  0.061 ms  0/1510 (0%)  
[  5]  33.00-34.00  sec  11.8 MBytes  98.9 Mbits/sec  0.064 ms  0/1509 (0%)  
[  5]  34.00-35.00  sec  11.8 MBytes  99.3 Mbits/sec  0.065 ms  0/1516 (0%)  
[  5]  35.00-36.00  sec  11.8 MBytes  98.7 Mbits/sec  0.061 ms  0/1506 (0%)  
[  5]  36.00-37.00  sec  11.8 MBytes  99.0 Mbits/sec  0.065 ms  0/1511 (0%)  
[  5]  37.00-38.00  sec  11.8 MBytes  99.1 Mbits/sec  0.058 ms  0/1512 (0%)  
[  5]  38.00-39.00  sec  11.8 MBytes  99.0 Mbits/sec  0.059 ms  0/1510 (0%)  
[  5]  39.00-40.00  sec  11.8 MBytes  99.0 Mbits/sec  0.067 ms  0/1511 (0%)  
[  5]  40.00-41.00  sec  11.8 MBytes  99.0 Mbits/sec  0.059 ms  0/1510 (0%)  
[  5]  41.00-42.00  sec  11.8 MBytes  99.0 Mbits/sec  0.063 ms  0/1510 (0%)  
[  5]  42.00-43.00  sec  11.8 MBytes  99.0 Mbits/sec  0.058 ms  0/1510 (0%)  
[  5]  43.00-44.00  sec  11.8 MBytes  99.0 Mbits/sec  0.059 ms  0/1510 (0%)  
[  5]  44.00-45.00  sec  11.8 MBytes  99.0 Mbits/sec  0.073 ms  0/1511 (0%)  
[  5]  45.00-46.00  sec  11.8 MBytes  99.0 Mbits/sec  0.064 ms  0/1511 (0%)  
[  5]  46.00-47.00  sec  11.8 MBytes  99.0 Mbits/sec  0.061 ms  0/1510 (0%)  
[  5]  47.00-48.00  sec  11.8 MBytes  99.0 Mbits/sec  0.057 ms  0/1511 (0%)  
[  5]  48.00-49.00  sec  11.8 MBytes  99.2 Mbits/sec  0.063 ms  0/1513 (0%)  
[  5]  49.00-50.00  sec  11.8 MBytes  99.0 Mbits/sec  0.064 ms  0/1510 (0%)  
[  5]  50.00-51.00  sec  11.8 MBytes  98.9 Mbits/sec  0.063 ms  0/1509 (0%)  
[  5]  51.00-52.00  sec  11.8 MBytes  98.9 Mbits/sec  0.067 ms  0/1510 (0%)  
[  5]  52.00-53.00  sec  11.8 MBytes  99.2 Mbits/sec  0.060 ms  0/1513 (0%)  
[  5]  53.00-54.00  sec  11.8 MBytes  98.8 Mbits/sec  0.063 ms  0/1508 (0%)  
[  5]  54.00-55.00  sec  11.8 MBytes  99.0 Mbits/sec  0.073 ms  0/1511 (0%)  
[  5]  55.00-56.00  sec  11.8 MBytes  98.9 Mbits/sec  0.064 ms  0/1510 (0%)  
[  5]  56.00-57.00  sec  11.8 MBytes  99.2 Mbits/sec  0.064 ms  0/1513 (0%)  
[  5]  57.00-58.00  sec  11.8 MBytes  99.0 Mbits/sec  0.062 ms  0/1510 (0%)  
[  5]  58.00-59.00  sec  11.8 MBytes  99.1 Mbits/sec  0.069 ms  0/1512 (0%)  
[  5]  59.00-60.00  sec  11.8 MBytes  99.0 Mbits/sec  0.063 ms  0/1510 (0%)  
[  5]  60.00-61.00  sec  11.8 MBytes  99.0 Mbits/sec  0.066 ms  0/1511 (0%)  
[  5]  61.00-62.00  sec  11.8 MBytes  99.0 Mbits/sec  0.066 ms  0/1510 (0%)  
[  5]  62.00-63.00  sec  11.8 MBytes  98.9 Mbits/sec  0.059 ms  0/1509 (0%)  
[  5]  63.00-64.00  sec  11.8 MBytes  99.0 Mbits/sec  0.064 ms  0/1511 (0%)  
[  5]  64.00-65.00  sec  11.8 MBytes  99.0 Mbits/sec  0.059 ms  0/1510 (0%)  
[  5]  65.00-66.00  sec  11.8 MBytes  99.1 Mbits/sec  0.068 ms  0/1512 (0%)  
[  5]  66.00-67.00  sec  11.8 MBytes  98.9 Mbits/sec  0.064 ms  0/1509 (0%)  
[  5]  67.00-68.00  sec  11.8 MBytes  99.2 Mbits/sec  0.059 ms  0/1513 (0%)  
[  5]  68.00-69.00  sec  11.8 MBytes  98.9 Mbits/sec  0.061 ms  0/1509 (0%)  
[  5]  69.00-70.00  sec  11.8 MBytes  99.0 Mbits/sec  0.064 ms  0/1511 (0%)  
[  5]  70.00-71.00  sec  11.8 MBytes  99.0 Mbits/sec  0.061 ms  0/1511 (0%)  
[  5]  71.00-72.00  sec  11.8 MBytes  99.2 Mbits/sec  0.061 ms  0/1514 (0%)  
[  5]  72.00-73.00  sec  11.8 MBytes  98.8 Mbits/sec  0.069 ms  0/1508 (0%)  
[  5]  73.00-74.00  sec  11.8 MBytes  99.0 Mbits/sec  0.061 ms  0/1511 (0%)  
[  5]  74.00-75.00  sec  11.8 MBytes  99.0 Mbits/sec  0.067 ms  0/1510 (0%)  
[  5]  75.00-76.00  sec  11.8 MBytes  99.0 Mbits/sec  0.065 ms  0/1511 (0%)  
[  5]  76.00-77.00  sec  11.8 MBytes  98.9 Mbits/sec  0.064 ms  0/1509 (0%)  
[  5]  77.00-78.00  sec  11.8 MBytes  99.1 Mbits/sec  0.059 ms  0/1512 (0%)  
[  5]  78.00-79.00  sec  11.8 MBytes  99.0 Mbits/sec  0.065 ms  0/1511 (0%)  
[  5]  79.00-80.00  sec  11.8 MBytes  99.0 Mbits/sec  0.059 ms  0/1511 (0%)  
[  5]  80.00-81.00  sec  11.8 MBytes  99.0 Mbits/sec  0.068 ms  0/1510 (0%)  
[  5]  81.00-82.00  sec  11.8 MBytes  98.9 Mbits/sec  0.069 ms  0/1509 (0%)  
[  5]  82.00-83.00  sec  11.8 MBytes  99.2 Mbits/sec  0.066 ms  0/1513 (0%)  
[  5]  83.00-84.00  sec  11.8 MBytes  99.0 Mbits/sec  0.064 ms  0/1510 (0%)  
[  5]  84.00-85.00  sec  11.8 MBytes  99.1 Mbits/sec  0.071 ms  0/1512 (0%)  
[  5]  85.00-86.00  sec  11.8 MBytes  98.8 Mbits/sec  0.068 ms  0/1507 (0%)  
[  5]  86.00-87.00  sec  11.8 MBytes  99.2 Mbits/sec  0.059 ms  0/1513 (0%)  
[  5]  87.00-88.00  sec  11.8 MBytes  99.0 Mbits/sec  0.056 ms  0/1510 (0%)  
[  5]  88.00-89.00  sec  11.8 MBytes  98.9 Mbits/sec  0.067 ms  0/1509 (0%)  
[  5]  89.00-90.00  sec  11.8 MBytes  99.0 Mbits/sec  0.066 ms  0/1511 (0%)  
[  5]  90.00-91.00  sec  11.8 MBytes  99.0 Mbits/sec  0.066 ms  0/1510 (0%)  
[  5]  91.00-92.00  sec  11.8 MBytes  99.1 Mbits/sec  0.068 ms  0/1512 (0%)  
[  5]  92.00-93.00  sec  11.8 MBytes  99.0 Mbits/sec  0.069 ms  0/1510 (0%)  
[  5]  93.00-94.00  sec  11.8 MBytes  99.1 Mbits/sec  0.069 ms  0/1512 (0%)  
[  5]  94.00-95.00  sec  11.8 MBytes  98.9 Mbits/sec  0.068 ms  0/1509 (0%)  
[  5]  95.00-96.00  sec  11.8 MBytes  99.0 Mbits/sec  0.059 ms  0/1510 (0%)  
[  5]  96.00-97.00  sec  11.8 MBytes  99.1 Mbits/sec  0.067 ms  0/1512 (0%)  
[  5]  97.00-98.00  sec  11.8 MBytes  99.1 Mbits/sec  0.059 ms  0/1512 (0%)  
[  5]  98.00-99.00  sec  11.8 MBytes  99.0 Mbits/sec  0.061 ms  0/1510 (0%)  
[  5]  99.00-100.00 sec  11.8 MBytes  99.0 Mbits/sec  0.059 ms  0/1511 (0%)  
[  5] 100.00-101.00 sec  11.8 MBytes  99.0 Mbits/sec  0.066 ms  0/1510 (0%)  
[  5] 101.00-102.00 sec  11.8 MBytes  98.9 Mbits/sec  0.059 ms  0/1509 (0%)  
[  5] 102.00-103.00 sec  11.8 MBytes  99.1 Mbits/sec  0.075 ms  0/1512 (0%)  
[  5] 103.00-104.00 sec  11.8 MBytes  99.0 Mbits/sec  0.064 ms  0/1510 (0%)  
[  5] 104.00-105.00 sec  11.8 MBytes  99.0 Mbits/sec  0.060 ms  0/1510 (0%)  
[  5] 105.00-106.00 sec  11.8 MBytes  99.3 Mbits/sec  0.074 ms  0/1515 (0%)  
[  5] 106.00-107.00 sec  11.8 MBytes  98.8 Mbits/sec  0.075 ms  0/1508 (0%)  
[  5] 107.00-108.00 sec  11.8 MBytes  98.9 Mbits/sec  0.066 ms  0/1509 (0%)  
[  5] 108.00-109.00 sec  11.8 MBytes  99.0 Mbits/sec  0.061 ms  0/1511 (0%)  
[  5] 109.00-110.00 sec  11.8 MBytes  99.0 Mbits/sec  0.067 ms  0/1511 (0%)  
[  5] 110.00-111.00 sec  11.8 MBytes  99.1 Mbits/sec  0.063 ms  0/1512 (0%)  
[  5] 111.00-112.00 sec  11.8 MBytes  99.0 Mbits/sec  0.068 ms  0/1511 (0%)  
[  5] 112.00-113.00 sec  11.8 MBytes  98.8 Mbits/sec  0.065 ms  0/1508 (0%)  
[  5] 113.00-114.00 sec  11.8 MBytes  99.0 Mbits/sec  0.059 ms  0/1511 (0%)  
[  5] 114.00-115.00 sec  11.8 MBytes  99.0 Mbits/sec  0.061 ms  0/1510 (0%)  
[  5] 115.00-116.00 sec  11.8 MBytes  99.0 Mbits/sec  0.058 ms  0/1511 (0%)  
[  5] 116.00-117.00 sec  11.8 MBytes  99.1 Mbits/sec  0.066 ms  0/1512 (0%)  
[  5] 117.00-118.00 sec  11.8 MBytes  98.9 Mbits/sec  0.059 ms  0/1509 (0%)  
[  5] 118.00-119.00 sec  11.8 MBytes  99.2 Mbits/sec  0.061 ms  0/1513 (0%)  
[  5] 119.00-120.00 sec  11.8 MBytes  99.0 Mbits/sec  0.065 ms  0/1511 (0%)  
[  5] 120.00-121.00 sec  11.8 MBytes  99.0 Mbits/sec  0.073 ms  0/1510 (0%)  
[  5] 121.00-122.00 sec  11.8 MBytes  98.9 Mbits/sec  0.066 ms  0/1509 (0%)  
[  5] 122.00-123.00 sec  11.8 MBytes  99.0 Mbits/sec  0.070 ms  0/1510 (0%)  
[  5] 123.00-124.00 sec  11.8 MBytes  99.2 Mbits/sec  0.060 ms  0/1513 (0%)  
[  5] 124.00-125.00 sec  11.8 MBytes  98.9 Mbits/sec  0.066 ms  0/1509 (0%)  
[  5] 125.00-126.00 sec  11.8 MBytes  99.1 Mbits/sec  0.059 ms  0/1512 (0%)  
[  5] 126.00-127.00 sec  11.8 MBytes  99.0 Mbits/sec  0.072 ms  0/1510 (0%)  
[  5] 127.00-128.00 sec  11.8 MBytes  98.9 Mbits/sec  0.069 ms  0/1509 (0%)  
[  5] 128.00-129.00 sec  11.8 MBytes  99.2 Mbits/sec  0.066 ms  0/1513 (0%)  
[  5] 129.00-130.00 sec  11.8 MBytes  98.9 Mbits/sec  0.066 ms  0/1509 (0%)  
[  5] 130.00-131.00 sec  11.8 MBytes  99.1 Mbits/sec  0.072 ms  0/1512 (0%)  
[  5] 131.00-132.00 sec  11.8 MBytes  99.0 Mbits/sec  0.064 ms  0/1511 (0%)  
[  5] 132.00-133.00 sec  11.8 MBytes  99.0 Mbits/sec  0.064 ms  0/1510 (0%)  
[  5] 133.00-134.00 sec  11.8 MBytes  98.9 Mbits/sec  0.064 ms  0/1509 (0%)  
[  5] 134.00-135.00 sec  11.8 MBytes  99.0 Mbits/sec  0.070 ms  0/1511 (0%)  
[  5] 135.00-136.00 sec  11.8 MBytes  99.1 Mbits/sec  0.060 ms  0/1512 (0%)  
[  5] 136.00-137.00 sec  11.8 MBytes  98.9 Mbits/sec  0.071 ms  0/1509 (0%)  
[  5] 137.00-138.00 sec  11.8 MBytes  99.1 Mbits/sec  0.059 ms  0/1513 (0%)  
[  5] 138.00-139.00 sec  11.8 MBytes  99.0 Mbits/sec  0.068 ms  0/1510 (0%)  
[  5] 139.00-140.00 sec  11.8 MBytes  99.0 Mbits/sec  0.057 ms  0/1511 (0%)  
[  5] 140.00-141.00 sec  11.8 MBytes  98.8 Mbits/sec  0.062 ms  0/1508 (0%)  
[  5] 141.00-142.00 sec  11.8 MBytes  99.2 Mbits/sec  0.060 ms  0/1513 (0%)  
[  5] 142.00-143.00 sec  11.8 MBytes  99.0 Mbits/sec  0.074 ms  0/1510 (0%)  
[  5] 143.00-144.00 sec  11.8 MBytes  99.1 Mbits/sec  0.068 ms  0/1512 (0%)  
[  5] 144.00-145.00 sec  11.8 MBytes  98.8 Mbits/sec  0.071 ms  0/1508 (0%)  
[  5] 145.00-146.00 sec  11.8 MBytes  99.0 Mbits/sec  0.063 ms  0/1511 (0%)  
[  5] 146.00-147.00 sec  11.8 MBytes  99.1 Mbits/sec  0.077 ms  0/1512 (0%)  
[  5] 147.00-148.00 sec  11.8 MBytes  98.9 Mbits/sec  0.061 ms  0/1509 (0%)  
[  5] 148.00-149.00 sec  11.8 MBytes  99.0 Mbits/sec  0.062 ms  0/1510 (0%)  
[  5] 149.00-150.00 sec  11.8 MBytes  99.2 Mbits/sec  0.064 ms  0/1513 (0%)  


iperf Done.
