Connecting to host 1.0.0.1, port 5201
[  4] local 10.0.10.1 port 36300 connected to 1.0.0.1 port 5201
[ ID] Interval           Transfer     Bandwidth       Total Datagrams
[  4]   0.00-1.00   sec  82.4 MBytes   691 Mbits/sec  10546  
[  4]   1.00-2.00   sec  92.0 MBytes   772 Mbits/sec  11775  
[  4]   2.00-3.00   sec  90.4 MBytes   758 Mbits/sec  11568  
[  4]   3.00-4.00   sec  89.9 MBytes   754 Mbits/sec  11505  
[  4]   4.00-5.00   sec  90.3 MBytes   758 Mbits/sec  11560  
[  4]   5.00-6.00   sec  90.8 MBytes   762 Mbits/sec  11623  
[  4]   6.00-7.00   sec  91.4 MBytes   766 Mbits/sec  11696  
[  4]   7.00-8.00   sec  89.8 MBytes   753 Mbits/sec  11489  
[  4]   8.00-9.00   sec  88.7 MBytes   744 Mbits/sec  11356  
[  4]   9.00-10.00  sec  91.3 MBytes   766 Mbits/sec  11683  
[  4]  10.00-11.00  sec  90.4 MBytes   759 Mbits/sec  11577  
[  4]  11.00-12.00  sec  93.7 MBytes   786 Mbits/sec  11997  
[  4]  12.00-13.00  sec  93.1 MBytes   781 Mbits/sec  11914  
[  4]  13.00-14.00  sec  92.9 MBytes   780 Mbits/sec  11896  
[  4]  14.00-15.00  sec  90.6 MBytes   760 Mbits/sec  11592  
[  4]  15.00-16.00  sec  91.9 MBytes   771 Mbits/sec  11760  
[  4]  16.00-17.00  sec  92.1 MBytes   772 Mbits/sec  11784  
[  4]  17.00-18.00  sec  92.6 MBytes   776 Mbits/sec  11848  
[  4]  18.00-19.00  sec  92.0 MBytes   772 Mbits/sec  11775  
[  4]  19.00-20.00  sec  92.5 MBytes   776 Mbits/sec  11840  
[  4]  20.00-21.00  sec  92.6 MBytes   777 Mbits/sec  11849  
[  4]  21.00-22.00  sec  92.3 MBytes   774 Mbits/sec  11812  
[  4]  22.00-23.00  sec  91.0 MBytes   764 Mbits/sec  11651  
[  4]  23.00-24.00  sec  90.1 MBytes   756 Mbits/sec  11529  
[  4]  24.00-25.00  sec  88.8 MBytes   745 Mbits/sec  11367  
[  4]  25.00-26.00  sec  92.9 MBytes   779 Mbits/sec  11889  
[  4]  26.00-27.00  sec  92.3 MBytes   774 Mbits/sec  11816  
[  4]  27.00-28.00  sec  92.1 MBytes   773 Mbits/sec  11791  
[  4]  28.00-29.00  sec  92.3 MBytes   774 Mbits/sec  11816  
[  4]  29.00-30.00  sec  91.8 MBytes   770 Mbits/sec  11752  
[  4]  30.00-31.00  sec  91.4 MBytes   767 Mbits/sec  11704  
[  4]  31.00-32.00  sec  92.2 MBytes   774 Mbits/sec  11808  
[  4]  32.00-33.00  sec  92.7 MBytes   778 Mbits/sec  11868  
[  4]  33.00-34.00  sec  92.9 MBytes   779 Mbits/sec  11885  
[  4]  34.00-35.00  sec  91.3 MBytes   766 Mbits/sec  11687  
[  4]  35.00-36.00  sec  91.4 MBytes   767 Mbits/sec  11704  
[  4]  36.00-37.00  sec  90.4 MBytes   758 Mbits/sec  11568  
[  4]  37.00-38.00  sec  91.8 MBytes   770 Mbits/sec  11752  
[  4]  38.00-39.00  sec  91.6 MBytes   769 Mbits/sec  11729  
[  4]  39.00-40.00  sec  90.8 MBytes   762 Mbits/sec  11624  
[  4]  40.00-41.00  sec  88.9 MBytes   745 Mbits/sec  11373  
[  4]  41.00-42.00  sec  90.9 MBytes   763 Mbits/sec  11639  
[  4]  42.00-43.00  sec  91.5 MBytes   768 Mbits/sec  11715  
[  4]  43.00-44.00  sec  90.4 MBytes   758 Mbits/sec  11568  
[  4]  44.00-45.00  sec  91.2 MBytes   765 Mbits/sec  11672  
[  4]  45.00-46.00  sec  91.4 MBytes   767 Mbits/sec  11704  
[  4]  46.00-47.00  sec  90.2 MBytes   757 Mbits/sec  11545  
[  4]  47.00-48.00  sec  90.6 MBytes   760 Mbits/sec  11597  
[  4]  48.00-49.00  sec  90.7 MBytes   761 Mbits/sec  11615  
[  4]  49.00-50.00  sec  89.1 MBytes   748 Mbits/sec  11408  
[  4]  50.00-51.00  sec  90.5 MBytes   759 Mbits/sec  11585  
[  4]  51.00-52.00  sec  91.9 MBytes   771 Mbits/sec  11759  
[  4]  52.00-53.00  sec  90.3 MBytes   757 Mbits/sec  11554  
[  4]  53.00-54.00  sec  90.0 MBytes   755 Mbits/sec  11526  
[  4]  54.00-55.00  sec  90.1 MBytes   756 Mbits/sec  11536  
[  4]  55.00-56.00  sec  89.8 MBytes   753 Mbits/sec  11496  
[  4]  56.00-57.00  sec  90.2 MBytes   757 Mbits/sec  11546  
[  4]  57.00-58.00  sec  90.0 MBytes   755 Mbits/sec  11518  
[  4]  58.00-59.00  sec  89.8 MBytes   753 Mbits/sec  11488  
[  4]  59.00-60.00  sec  89.4 MBytes   750 Mbits/sec  11441  
[  4]  60.00-61.00  sec  90.7 MBytes   761 Mbits/sec  11615  
[  4]  61.00-62.00  sec  92.0 MBytes   772 Mbits/sec  11776  
[  4]  62.00-63.00  sec  91.9 MBytes   771 Mbits/sec  11768  
[  4]  63.00-64.00  sec  92.4 MBytes   775 Mbits/sec  11825  
[  4]  64.00-65.00  sec  91.6 MBytes   768 Mbits/sec  11719  
[  4]  65.00-66.00  sec  92.5 MBytes   776 Mbits/sec  11846  
[  4]  66.00-67.00  sec  91.5 MBytes   767 Mbits/sec  11707  
[  4]  67.00-68.00  sec  88.5 MBytes   743 Mbits/sec  11330  
[  4]  68.00-69.00  sec  89.1 MBytes   747 Mbits/sec  11403  
[  4]  69.00-70.00  sec  90.2 MBytes   756 Mbits/sec  11540  
[  4]  70.00-71.00  sec  89.6 MBytes   751 Mbits/sec  11463  
[  4]  71.00-72.00  sec  91.4 MBytes   767 Mbits/sec  11705  
[  4]  72.00-73.00  sec  92.6 MBytes   777 Mbits/sec  11855  
[  4]  73.00-74.00  sec  93.2 MBytes   782 Mbits/sec  11936  
[  4]  74.00-75.00  sec  93.2 MBytes   782 Mbits/sec  11936  
[  4]  75.00-76.00  sec  91.9 MBytes   771 Mbits/sec  11768  
[  4]  76.00-77.00  sec  90.9 MBytes   762 Mbits/sec  11633  
[  4]  77.00-78.00  sec  91.7 MBytes   769 Mbits/sec  11736  
[  4]  78.00-79.00  sec  91.8 MBytes   770 Mbits/sec  11745  
[  4]  79.00-80.00  sec  91.4 MBytes   767 Mbits/sec  11696  
[  4]  80.00-81.00  sec  91.8 MBytes   770 Mbits/sec  11751  
[  4]  81.00-82.00  sec  89.6 MBytes   752 Mbits/sec  11469  
[  4]  82.00-83.00  sec  92.2 MBytes   773 Mbits/sec  11796  
[  4]  83.00-84.00  sec  89.0 MBytes   746 Mbits/sec  11390  
[  4]  84.00-85.00  sec  92.5 MBytes   776 Mbits/sec  11840  
[  4]  85.00-86.00  sec  94.1 MBytes   790 Mbits/sec  12049  
[  4]  86.00-87.00  sec  91.8 MBytes   770 Mbits/sec  11744  
[  4]  87.00-88.00  sec  92.0 MBytes   772 Mbits/sec  11777  
[  4]  88.00-89.00  sec  92.5 MBytes   776 Mbits/sec  11839  
[  4]  89.00-90.00  sec  91.0 MBytes   763 Mbits/sec  11648  
[  4]  90.00-91.00  sec  90.9 MBytes   763 Mbits/sec  11640  
[  4]  91.00-92.00  sec  91.2 MBytes   765 Mbits/sec  11680  
[  4]  92.00-93.00  sec  90.6 MBytes   760 Mbits/sec  11601  
[  4]  93.00-94.00  sec  90.4 MBytes   758 Mbits/sec  11568  
[  4]  94.00-95.00  sec  89.4 MBytes   750 Mbits/sec  11448  
[  4]  95.00-96.00  sec  89.5 MBytes   751 Mbits/sec  11457  
[  4]  96.00-97.00  sec  91.1 MBytes   764 Mbits/sec  11663  
[  4]  97.00-98.00  sec  89.8 MBytes   753 Mbits/sec  11496  
[  4]  98.00-99.00  sec  90.3 MBytes   757 Mbits/sec  11553  
[  4]  99.00-100.00 sec  88.2 MBytes   740 Mbits/sec  11287  
- - - - - - - - - - - - - - - - - - - - - - - - -
[ ID] Interval           Transfer     Bandwidth       Jitter    Lost/Total Datagrams
[  4]   0.00-100.00 sec  8.89 GBytes   764 Mbits/sec  0.111 ms  104/1165366 (0.0089%)  
[  4] Sent 1165366 datagrams

Server output:
Accepted connection from 10.0.10.1, port 60380
[  5] local 1.0.0.1 port 5201 connected to 10.0.10.1 port 36300
[ ID] Interval           Transfer     Bandwidth       Jitter    Lost/Total Datagrams
[  5]   0.00-1.00   sec  78.5 MBytes   659 Mbits/sec  0.134 ms  0/10051 (0%)  
[  5]   1.00-2.00   sec  91.1 MBytes   764 Mbits/sec  0.122 ms  104/11767 (0.88%)  
[  5]   2.00-3.00   sec  90.3 MBytes   758 Mbits/sec  0.114 ms  0/11564 (0%)  
[  5]   3.00-4.00   sec  90.0 MBytes   755 Mbits/sec  0.108 ms  0/11521 (0%)  
[  5]   4.00-5.00   sec  90.3 MBytes   757 Mbits/sec  0.126 ms  0/11556 (0%)  
[  5]   5.00-6.00   sec  90.7 MBytes   761 Mbits/sec  0.126 ms  0/11615 (0%)  
[  5]   6.00-7.00   sec  91.4 MBytes   767 Mbits/sec  0.107 ms  0/11703 (0%)  
[  5]   7.00-8.00   sec  89.8 MBytes   753 Mbits/sec  0.111 ms  0/11488 (0%)  
[  5]   8.00-9.00   sec  88.8 MBytes   745 Mbits/sec  0.132 ms  0/11361 (0%)  
[  5]   9.00-10.00  sec  91.2 MBytes   765 Mbits/sec  0.120 ms  0/11672 (0%)  
[  5]  10.00-11.00  sec  90.3 MBytes   758 Mbits/sec  0.117 ms  0/11562 (0%)  
[  5]  11.00-12.00  sec  93.9 MBytes   788 Mbits/sec  0.105 ms  0/12017 (0%)  
[  5]  12.00-13.00  sec  93.0 MBytes   780 Mbits/sec  0.094 ms  0/11906 (0%)  
[  5]  13.00-14.00  sec  92.7 MBytes   778 Mbits/sec  0.106 ms  0/11866 (0%)  
[  5]  14.00-15.00  sec  90.9 MBytes   763 Mbits/sec  0.109 ms  0/11637 (0%)  
[  5]  15.00-16.00  sec  91.8 MBytes   770 Mbits/sec  0.092 ms  0/11747 (0%)  
[  5]  16.00-17.00  sec  92.0 MBytes   772 Mbits/sec  0.131 ms  0/11777 (0%)  
[  5]  17.00-18.00  sec  92.5 MBytes   776 Mbits/sec  0.113 ms  0/11839 (0%)  
[  5]  18.00-19.00  sec  92.1 MBytes   773 Mbits/sec  0.112 ms  0/11795 (0%)  
[  5]  19.00-20.00  sec  92.4 MBytes   775 Mbits/sec  0.132 ms  0/11829 (0%)  
[  5]  20.00-21.00  sec  92.7 MBytes   777 Mbits/sec  0.102 ms  0/11861 (0%)  
[  5]  21.00-22.00  sec  92.2 MBytes   773 Mbits/sec  0.095 ms  0/11800 (0%)  
[  5]  22.00-23.00  sec  91.1 MBytes   764 Mbits/sec  0.114 ms  0/11660 (0%)  
[  5]  23.00-24.00  sec  90.1 MBytes   756 Mbits/sec  0.107 ms  0/11534 (0%)  
[  5]  24.00-25.00  sec  88.7 MBytes   744 Mbits/sec  0.107 ms  0/11358 (0%)  
[  5]  25.00-26.00  sec  92.9 MBytes   780 Mbits/sec  0.115 ms  0/11896 (0%)  
[  5]  26.00-27.00  sec  92.3 MBytes   774 Mbits/sec  0.112 ms  0/11811 (0%)  
[  5]  27.00-28.00  sec  92.1 MBytes   773 Mbits/sec  0.087 ms  0/11789 (0%)  
[  5]  28.00-29.00  sec  92.2 MBytes   773 Mbits/sec  0.101 ms  0/11802 (0%)  
[  5]  29.00-30.00  sec  91.9 MBytes   771 Mbits/sec  0.128 ms  0/11769 (0%)  
[  5]  30.00-31.00  sec  91.4 MBytes   766 Mbits/sec  0.114 ms  0/11693 (0%)  
[  5]  31.00-32.00  sec  92.3 MBytes   774 Mbits/sec  0.127 ms  0/11812 (0%)  
[  5]  32.00-33.00  sec  92.7 MBytes   778 Mbits/sec  0.108 ms  0/11869 (0%)  
[  5]  33.00-34.00  sec  92.8 MBytes   779 Mbits/sec  0.119 ms  0/11883 (0%)  
[  5]  34.00-35.00  sec  91.4 MBytes   767 Mbits/sec  0.100 ms  0/11702 (0%)  
[  5]  35.00-36.00  sec  91.4 MBytes   767 Mbits/sec  0.094 ms  0/11696 (0%)  
[  5]  36.00-37.00  sec  90.4 MBytes   758 Mbits/sec  0.119 ms  0/11570 (0%)  
[  5]  37.00-38.00  sec  91.6 MBytes   768 Mbits/sec  0.109 ms  0/11726 (0%)  
[  5]  38.00-39.00  sec  91.8 MBytes   770 Mbits/sec  0.120 ms  0/11745 (0%)  
[  5]  39.00-40.00  sec  91.0 MBytes   763 Mbits/sec  0.114 ms  0/11644 (0%)  
[  5]  40.00-41.00  sec  88.9 MBytes   745 Mbits/sec  0.106 ms  0/11376 (0%)  
[  5]  41.00-42.00  sec  90.8 MBytes   761 Mbits/sec  0.106 ms  0/11616 (0%)  
[  5]  42.00-43.00  sec  91.5 MBytes   768 Mbits/sec  0.100 ms  0/11712 (0%)  
[  5]  43.00-44.00  sec  90.5 MBytes   759 Mbits/sec  0.091 ms  0/11586 (0%)  
[  5]  44.00-45.00  sec  91.1 MBytes   764 Mbits/sec  0.108 ms  0/11665 (0%)  
[  5]  45.00-46.00  sec  91.4 MBytes   767 Mbits/sec  0.110 ms  0/11702 (0%)  
[  5]  46.00-47.00  sec  90.2 MBytes   757 Mbits/sec  0.108 ms  0/11545 (0%)  
[  5]  47.00-48.00  sec  90.7 MBytes   761 Mbits/sec  0.105 ms  0/11605 (0%)  
[  5]  48.00-49.00  sec  90.7 MBytes   761 Mbits/sec  0.105 ms  0/11608 (0%)  
[  5]  49.00-50.00  sec  89.2 MBytes   748 Mbits/sec  0.102 ms  0/11415 (0%)  
[  5]  50.00-51.00  sec  90.5 MBytes   759 Mbits/sec  0.090 ms  0/11589 (0%)  
[  5]  51.00-52.00  sec  91.8 MBytes   770 Mbits/sec  0.099 ms  0/11747 (0%)  
[  5]  52.00-53.00  sec  90.4 MBytes   758 Mbits/sec  0.102 ms  0/11569 (0%)  
[  5]  53.00-54.00  sec  90.0 MBytes   755 Mbits/sec  0.129 ms  0/11514 (0%)  
[  5]  54.00-55.00  sec  90.2 MBytes   757 Mbits/sec  0.102 ms  0/11543 (0%)  
[  5]  55.00-56.00  sec  89.8 MBytes   753 Mbits/sec  0.099 ms  0/11489 (0%)  
[  5]  56.00-57.00  sec  90.2 MBytes   757 Mbits/sec  0.099 ms  0/11551 (0%)  
[  5]  57.00-58.00  sec  89.9 MBytes   754 Mbits/sec  0.126 ms  0/11505 (0%)  
[  5]  58.00-59.00  sec  89.9 MBytes   754 Mbits/sec  0.086 ms  0/11501 (0%)  
[  5]  59.00-60.00  sec  89.4 MBytes   750 Mbits/sec  0.130 ms  0/11444 (0%)  
[  5]  60.00-61.00  sec  90.6 MBytes   760 Mbits/sec  0.104 ms  0/11597 (0%)  
[  5]  61.00-62.00  sec  92.0 MBytes   772 Mbits/sec  0.086 ms  0/11776 (0%)  
[  5]  62.00-63.00  sec  91.9 MBytes   771 Mbits/sec  0.104 ms  0/11769 (0%)  
[  5]  63.00-64.00  sec  92.5 MBytes   776 Mbits/sec  0.105 ms  0/11838 (0%)  
[  5]  64.00-65.00  sec  91.5 MBytes   768 Mbits/sec  0.097 ms  0/11714 (0%)  
[  5]  65.00-66.00  sec  92.3 MBytes   775 Mbits/sec  0.120 ms  0/11818 (0%)  
[  5]  66.00-67.00  sec  91.8 MBytes   770 Mbits/sec  0.126 ms  0/11751 (0%)  
[  5]  67.00-68.00  sec  88.5 MBytes   743 Mbits/sec  0.117 ms  0/11330 (0%)  
[  5]  68.00-69.00  sec  89.1 MBytes   747 Mbits/sec  0.121 ms  0/11401 (0%)  
[  5]  69.00-70.00  sec  90.1 MBytes   756 Mbits/sec  0.116 ms  0/11529 (0%)  
[  5]  70.00-71.00  sec  89.6 MBytes   752 Mbits/sec  0.127 ms  0/11469 (0%)  
[  5]  71.00-72.00  sec  91.3 MBytes   766 Mbits/sec  0.112 ms  0/11686 (0%)  
[  5]  72.00-73.00  sec  92.6 MBytes   777 Mbits/sec  0.105 ms  0/11857 (0%)  
[  5]  73.00-74.00  sec  93.2 MBytes   782 Mbits/sec  0.098 ms  0/11931 (0%)  
[  5]  74.00-75.00  sec  93.4 MBytes   783 Mbits/sec  0.105 ms  0/11949 (0%)  
[  5]  75.00-76.00  sec  91.9 MBytes   771 Mbits/sec  0.109 ms  0/11769 (0%)  
[  5]  76.00-77.00  sec  90.9 MBytes   762 Mbits/sec  0.107 ms  0/11632 (0%)  
[  5]  77.00-78.00  sec  91.6 MBytes   769 Mbits/sec  0.113 ms  0/11730 (0%)  
[  5]  78.00-79.00  sec  91.9 MBytes   771 Mbits/sec  0.102 ms  0/11765 (0%)  
[  5]  79.00-80.00  sec  91.3 MBytes   766 Mbits/sec  0.102 ms  0/11685 (0%)  
[  5]  80.00-81.00  sec  91.7 MBytes   769 Mbits/sec  0.121 ms  0/11741 (0%)  
[  5]  81.00-82.00  sec  89.6 MBytes   752 Mbits/sec  0.116 ms  0/11473 (0%)  
[  5]  82.00-83.00  sec  92.1 MBytes   773 Mbits/sec  0.101 ms  0/11795 (0%)  
[  5]  83.00-84.00  sec  89.1 MBytes   748 Mbits/sec  0.105 ms  0/11408 (0%)  
[  5]  84.00-85.00  sec  92.3 MBytes   774 Mbits/sec  0.096 ms  0/11817 (0%)  
[  5]  85.00-86.00  sec  94.1 MBytes   789 Mbits/sec  0.117 ms  0/12041 (0%)  
[  5]  86.00-87.00  sec  91.8 MBytes   770 Mbits/sec  0.107 ms  0/11745 (0%)  
[  5]  87.00-88.00  sec  92.0 MBytes   772 Mbits/sec  0.114 ms  0/11782 (0%)  
[  5]  88.00-89.00  sec  92.5 MBytes   776 Mbits/sec  0.112 ms  0/11835 (0%)  
[  5]  89.00-90.00  sec  91.1 MBytes   764 Mbits/sec  0.107 ms  0/11664 (0%)  
[  5]  90.00-91.00  sec  90.9 MBytes   763 Mbits/sec  0.107 ms  0/11638 (0%)  
[  5]  91.00-92.00  sec  91.3 MBytes   766 Mbits/sec  0.104 ms  0/11688 (0%)  
[  5]  92.00-93.00  sec  90.6 MBytes   760 Mbits/sec  0.125 ms  0/11602 (0%)  
[  5]  93.00-94.00  sec  90.4 MBytes   758 Mbits/sec  0.100 ms  0/11567 (0%)  
[  5]  94.00-95.00  sec  89.5 MBytes   751 Mbits/sec  0.108 ms  0/11456 (0%)  
[  5]  95.00-96.00  sec  89.5 MBytes   751 Mbits/sec  0.105 ms  0/11456 (0%)  
[  5]  96.00-97.00  sec  91.0 MBytes   763 Mbits/sec  0.101 ms  0/11649 (0%)  
[  5]  97.00-98.00  sec  89.8 MBytes   753 Mbits/sec  0.111 ms  0/11490 (0%)  
[  5]  98.00-99.00  sec  90.4 MBytes   758 Mbits/sec  0.099 ms  0/11570 (0%)  
[  5]  99.00-100.00 sec  88.2 MBytes   740 Mbits/sec  0.111 ms  0/11288 (0%)  


iperf Done.
