Connecting to host 1.0.0.1, port 5201
[  4] local 10.0.10.1 port 57922 connected to 1.0.0.1 port 5201
[ ID] Interval           Transfer     Bandwidth       Total Datagrams
[  4]   0.00-1.00   sec  81.9 MBytes   687 Mbits/sec  10489  
[  4]   1.00-2.00   sec  90.7 MBytes   761 Mbits/sec  11608  
[  4]   2.00-3.00   sec  88.9 MBytes   746 Mbits/sec  11385  
[  4]   3.00-4.00   sec  88.4 MBytes   741 Mbits/sec  11312  
[  4]   4.00-5.00   sec  89.9 MBytes   754 Mbits/sec  11503  
[  4]   5.00-6.00   sec  88.9 MBytes   746 Mbits/sec  11384  
[  4]   6.00-7.00   sec  89.6 MBytes   751 Mbits/sec  11464  
[  4]   7.00-8.00   sec  88.7 MBytes   744 Mbits/sec  11352  
[  4]   8.00-9.00   sec  89.3 MBytes   749 Mbits/sec  11432  
[  4]   9.00-10.00  sec  88.9 MBytes   746 Mbits/sec  11377  
[  4]  10.00-11.00  sec  89.4 MBytes   750 Mbits/sec  11439  
[  4]  11.00-12.00  sec  88.1 MBytes   739 Mbits/sec  11272  
[  4]  12.00-13.00  sec  90.3 MBytes   757 Mbits/sec  11558  
[  4]  13.00-14.00  sec  88.6 MBytes   743 Mbits/sec  11343  
[  4]  14.00-15.00  sec  91.6 MBytes   768 Mbits/sec  11720  
[  4]  15.00-16.00  sec  90.7 MBytes   761 Mbits/sec  11605  
[  4]  16.00-17.00  sec  90.2 MBytes   756 Mbits/sec  11543  
[  4]  17.00-18.00  sec  88.8 MBytes   745 Mbits/sec  11372  
[  4]  18.00-19.00  sec  89.7 MBytes   752 Mbits/sec  11480  
[  4]  19.00-20.00  sec  89.4 MBytes   750 Mbits/sec  11440  
[  4]  20.00-21.00  sec  89.0 MBytes   747 Mbits/sec  11393  
[  4]  21.00-22.00  sec  89.3 MBytes   749 Mbits/sec  11432  
[  4]  22.00-23.00  sec  90.2 MBytes   757 Mbits/sec  11551  
[  4]  23.00-24.00  sec  89.9 MBytes   754 Mbits/sec  11504  
[  4]  24.00-25.00  sec  90.8 MBytes   761 Mbits/sec  11617  
[  4]  25.00-26.00  sec  88.7 MBytes   744 Mbits/sec  11351  
[  4]  26.00-27.00  sec  89.2 MBytes   749 Mbits/sec  11424  
[  4]  27.00-28.00  sec  88.4 MBytes   742 Mbits/sec  11318  
[  4]  28.00-29.00  sec  89.6 MBytes   752 Mbits/sec  11475  
[  4]  29.00-30.00  sec  90.4 MBytes   758 Mbits/sec  11567  
[  4]  30.00-31.00  sec  90.1 MBytes   755 Mbits/sec  11528  
[  4]  31.00-32.00  sec  88.9 MBytes   746 Mbits/sec  11384  
[  4]  32.00-33.00  sec  89.8 MBytes   753 Mbits/sec  11496  
[  4]  33.00-34.00  sec  89.2 MBytes   748 Mbits/sec  11416  
[  4]  34.00-35.00  sec  91.0 MBytes   763 Mbits/sec  11648  
[  4]  35.00-36.00  sec  88.9 MBytes   746 Mbits/sec  11378  
[  4]  36.00-37.00  sec  89.8 MBytes   754 Mbits/sec  11500  
[  4]  37.00-38.00  sec  88.4 MBytes   742 Mbits/sec  11314  
[  4]  38.00-39.00  sec  89.6 MBytes   752 Mbits/sec  11468  
[  4]  39.00-40.00  sec  89.0 MBytes   747 Mbits/sec  11395  
[  4]  40.00-41.00  sec  90.7 MBytes   761 Mbits/sec  11615  
[  4]  41.00-42.00  sec  88.7 MBytes   744 Mbits/sec  11352  
[  4]  42.00-43.00  sec  90.4 MBytes   758 Mbits/sec  11572  
[  4]  43.00-44.00  sec  89.1 MBytes   747 Mbits/sec  11400  
[  4]  44.00-45.00  sec  91.3 MBytes   766 Mbits/sec  11686  
[  4]  45.00-46.00  sec  89.8 MBytes   753 Mbits/sec  11493  
[  4]  46.00-47.00  sec  89.3 MBytes   749 Mbits/sec  11436  
[  4]  47.00-48.00  sec  89.1 MBytes   748 Mbits/sec  11408  
[  4]  48.00-49.00  sec  89.9 MBytes   754 Mbits/sec  11511  
[  4]  49.00-50.00  sec  89.4 MBytes   750 Mbits/sec  11449  
[  4]  50.00-51.00  sec  91.6 MBytes   768 Mbits/sec  11720  
[  4]  51.00-52.00  sec  89.9 MBytes   754 Mbits/sec  11503  
[  4]  52.00-53.00  sec  89.9 MBytes   754 Mbits/sec  11512  
[  4]  53.00-54.00  sec  89.3 MBytes   749 Mbits/sec  11429  
[  4]  54.00-55.00  sec  90.8 MBytes   761 Mbits/sec  11619  
[  4]  55.00-56.00  sec  89.8 MBytes   753 Mbits/sec  11488  
[  4]  56.00-57.00  sec  89.9 MBytes   754 Mbits/sec  11504  
[  4]  57.00-58.00  sec  89.6 MBytes   751 Mbits/sec  11465  
[  4]  58.00-59.00  sec  89.9 MBytes   754 Mbits/sec  11503  
[  4]  59.00-60.00  sec  88.9 MBytes   746 Mbits/sec  11384  
[  4]  60.00-61.00  sec  90.7 MBytes   761 Mbits/sec  11608  
[  4]  61.00-62.00  sec  88.8 MBytes   744 Mbits/sec  11360  
[  4]  62.00-63.00  sec  89.0 MBytes   747 Mbits/sec  11392  
[  4]  63.00-64.00  sec  89.6 MBytes   752 Mbits/sec  11472  
[  4]  64.00-65.00  sec  89.7 MBytes   752 Mbits/sec  11480  
[  4]  65.00-66.00  sec  89.1 MBytes   747 Mbits/sec  11401  
[  4]  66.00-67.00  sec  90.2 MBytes   757 Mbits/sec  11552  
[  4]  67.00-68.00  sec  88.4 MBytes   741 Mbits/sec  11313  
[  4]  68.00-69.00  sec  89.2 MBytes   748 Mbits/sec  11417  
[  4]  69.00-70.00  sec  89.6 MBytes   752 Mbits/sec  11471  
[  4]  70.00-71.00  sec  90.0 MBytes   755 Mbits/sec  11514  
[  4]  71.00-72.00  sec  89.9 MBytes   754 Mbits/sec  11510  
[  4]  72.00-73.00  sec  88.8 MBytes   745 Mbits/sec  11368  
[  4]  73.00-74.00  sec  88.9 MBytes   746 Mbits/sec  11378  
[  4]  74.00-75.00  sec  90.4 MBytes   758 Mbits/sec  11571  
[  4]  75.00-76.00  sec  89.0 MBytes   746 Mbits/sec  11388  
[  4]  76.00-77.00  sec  89.8 MBytes   753 Mbits/sec  11494  
[  4]  77.00-78.00  sec  88.6 MBytes   743 Mbits/sec  11336  
[  4]  78.00-79.00  sec  89.4 MBytes   750 Mbits/sec  11448  
[  4]  79.00-80.00  sec  89.2 MBytes   748 Mbits/sec  11416  
[  4]  80.00-81.00  sec  89.2 MBytes   748 Mbits/sec  11417  
[  4]  81.00-82.00  sec  88.4 MBytes   742 Mbits/sec  11317  
[  4]  82.00-83.00  sec  89.6 MBytes   751 Mbits/sec  11464  
[  4]  83.00-84.00  sec  88.9 MBytes   746 Mbits/sec  11383  
[  4]  84.00-85.00  sec  89.1 MBytes   747 Mbits/sec  11400  
[  4]  85.00-86.00  sec  88.6 MBytes   744 Mbits/sec  11345  
[  4]  86.00-87.00  sec  89.3 MBytes   749 Mbits/sec  11425  
[  4]  87.00-88.00  sec  88.7 MBytes   744 Mbits/sec  11352  
[  4]  88.00-89.00  sec  89.6 MBytes   751 Mbits/sec  11464  
[  4]  89.00-90.00  sec  90.1 MBytes   755 Mbits/sec  11528  
[  4]  90.00-91.00  sec  90.0 MBytes   755 Mbits/sec  11515  
[  4]  91.00-92.00  sec  88.4 MBytes   742 Mbits/sec  11321  
[  4]  92.00-93.00  sec  88.9 MBytes   745 Mbits/sec  11375  
[  4]  93.00-94.00  sec  88.9 MBytes   746 Mbits/sec  11377  
[  4]  94.00-95.00  sec  91.0 MBytes   763 Mbits/sec  11648  
[  4]  95.00-96.00  sec  90.0 MBytes   755 Mbits/sec  11519  
[  4]  96.00-97.00  sec  88.8 MBytes   745 Mbits/sec  11368  
[  4]  97.00-98.00  sec  90.2 MBytes   757 Mbits/sec  11552  
[  4]  98.00-99.00  sec  89.1 MBytes   748 Mbits/sec  11408  
[  4]  99.00-100.00 sec  92.1 MBytes   772 Mbits/sec  11784  
- - - - - - - - - - - - - - - - - - - - - - - - -
[ ID] Interval           Transfer     Bandwidth       Jitter    Lost/Total Datagrams
[  4]   0.00-100.00 sec  8.74 GBytes   750 Mbits/sec  0.113 ms  18/1145135 (0.0016%)  
[  4] Sent 1145135 datagrams

Server output:
Accepted connection from 10.0.10.1, port 60282
[  5] local 1.0.0.1 port 5201 connected to 10.0.10.1 port 57922
[ ID] Interval           Transfer     Bandwidth       Jitter    Lost/Total Datagrams
[  5]   0.00-1.00   sec  78.1 MBytes   655 Mbits/sec  0.097 ms  0/10000 (0%)  
[  5]   1.00-2.00   sec  90.6 MBytes   760 Mbits/sec  0.127 ms  0/11595 (0%)  
[  5]   2.00-3.00   sec  89.0 MBytes   747 Mbits/sec  0.099 ms  0/11398 (0%)  
[  5]   3.00-4.00   sec  88.4 MBytes   741 Mbits/sec  0.108 ms  0/11313 (0%)  
[  5]   4.00-5.00   sec  89.8 MBytes   753 Mbits/sec  0.107 ms  0/11495 (0%)  
[  5]   5.00-6.00   sec  89.0 MBytes   746 Mbits/sec  0.115 ms  0/11389 (0%)  
[  5]   6.00-7.00   sec  89.5 MBytes   751 Mbits/sec  0.127 ms  0/11461 (0%)  
[  5]   7.00-8.00   sec  88.7 MBytes   744 Mbits/sec  0.105 ms  0/11353 (0%)  
[  5]   8.00-9.00   sec  89.3 MBytes   749 Mbits/sec  0.100 ms  0/11429 (0%)  
[  5]   9.00-10.00  sec  88.9 MBytes   746 Mbits/sec  0.123 ms  0/11377 (0%)  
[  5]  10.00-11.00  sec  89.4 MBytes   750 Mbits/sec  0.111 ms  0/11447 (0%)  
[  5]  11.00-12.00  sec  88.0 MBytes   738 Mbits/sec  0.127 ms  0/11267 (0%)  
[  5]  12.00-13.00  sec  90.3 MBytes   757 Mbits/sec  0.124 ms  0/11556 (0%)  
[  5]  13.00-14.00  sec  88.6 MBytes   744 Mbits/sec  0.118 ms  0/11347 (0%)  
[  5]  14.00-15.00  sec  91.3 MBytes   766 Mbits/sec  0.120 ms  0/11692 (0%)  
[  5]  15.00-16.00  sec  90.8 MBytes   762 Mbits/sec  0.126 ms  0/11626 (0%)  
[  5]  16.00-17.00  sec  90.1 MBytes   756 Mbits/sec  0.113 ms  0/11537 (0%)  
[  5]  17.00-18.00  sec  89.0 MBytes   746 Mbits/sec  0.109 ms  0/11387 (0%)  
[  5]  18.00-19.00  sec  89.6 MBytes   751 Mbits/sec  0.108 ms  0/11464 (0%)  
[  5]  19.00-20.00  sec  89.4 MBytes   750 Mbits/sec  0.102 ms  0/11441 (0%)  
[  5]  20.00-21.00  sec  89.2 MBytes   748 Mbits/sec  0.121 ms  0/11413 (0%)  
[  5]  21.00-22.00  sec  89.2 MBytes   749 Mbits/sec  0.126 ms  0/11422 (0%)  
[  5]  22.00-23.00  sec  90.2 MBytes   756 Mbits/sec  0.127 ms  0/11543 (0%)  
[  5]  23.00-24.00  sec  89.9 MBytes   754 Mbits/sec  0.105 ms  0/11510 (0%)  
[  5]  24.00-25.00  sec  90.8 MBytes   761 Mbits/sec  0.102 ms  0/11619 (0%)  
[  5]  25.00-26.00  sec  88.7 MBytes   744 Mbits/sec  0.106 ms  0/11356 (0%)  
[  5]  26.00-27.00  sec  89.3 MBytes   749 Mbits/sec  0.110 ms  0/11425 (0%)  
[  5]  27.00-28.00  sec  88.4 MBytes   741 Mbits/sec  0.123 ms  0/11314 (0%)  
[  5]  28.00-29.00  sec  89.6 MBytes   752 Mbits/sec  0.130 ms  0/11473 (0%)  
[  5]  29.00-30.00  sec  90.3 MBytes   757 Mbits/sec  0.080 ms  0/11557 (0%)  
[  5]  30.00-31.00  sec  90.2 MBytes   756 Mbits/sec  0.103 ms  0/11540 (0%)  
[  5]  31.00-32.00  sec  88.9 MBytes   746 Mbits/sec  0.097 ms  0/11380 (0%)  
[  5]  32.00-33.00  sec  89.8 MBytes   753 Mbits/sec  0.106 ms  0/11488 (0%)  
[  5]  33.00-34.00  sec  89.3 MBytes   749 Mbits/sec  0.131 ms  0/11426 (0%)  
[  5]  34.00-35.00  sec  90.9 MBytes   763 Mbits/sec  0.117 ms  0/11641 (0%)  
[  5]  35.00-36.00  sec  88.9 MBytes   746 Mbits/sec  0.112 ms  0/11381 (0%)  
[  5]  36.00-37.00  sec  89.8 MBytes   753 Mbits/sec  0.119 ms  4/11499 (0.035%)  
[  5]  37.00-38.00  sec  88.5 MBytes   742 Mbits/sec  0.116 ms  0/11322 (0%)  
[  5]  38.00-39.00  sec  89.6 MBytes   751 Mbits/sec  0.121 ms  0/11467 (0%)  
[  5]  39.00-40.00  sec  89.0 MBytes   747 Mbits/sec  0.100 ms  0/11398 (0%)  
[  5]  40.00-41.00  sec  90.7 MBytes   761 Mbits/sec  0.106 ms  0/11608 (0%)  
[  5]  41.00-42.00  sec  88.8 MBytes   744 Mbits/sec  0.111 ms  0/11360 (0%)  
[  5]  42.00-43.00  sec  90.3 MBytes   758 Mbits/sec  0.109 ms  0/11564 (0%)  
[  5]  43.00-44.00  sec  89.1 MBytes   747 Mbits/sec  0.113 ms  0/11400 (0%)  
[  5]  44.00-45.00  sec  91.3 MBytes   766 Mbits/sec  0.124 ms  0/11682 (0%)  
[  5]  45.00-46.00  sec  89.9 MBytes   754 Mbits/sec  0.113 ms  0/11502 (0%)  
[  5]  46.00-47.00  sec  89.3 MBytes   749 Mbits/sec  0.122 ms  0/11434 (0%)  
[  5]  47.00-48.00  sec  89.2 MBytes   748 Mbits/sec  0.113 ms  0/11412 (0%)  
[  5]  48.00-49.00  sec  89.9 MBytes   754 Mbits/sec  0.119 ms  0/11501 (0%)  
[  5]  49.00-50.00  sec  89.3 MBytes   749 Mbits/sec  0.111 ms  14/11445 (0.12%)  
[  5]  50.00-51.00  sec  91.3 MBytes   766 Mbits/sec  0.117 ms  0/11688 (0%)  
[  5]  51.00-52.00  sec  90.2 MBytes   756 Mbits/sec  0.113 ms  0/11542 (0%)  
[  5]  52.00-53.00  sec  89.9 MBytes   754 Mbits/sec  0.109 ms  0/11504 (0%)  
[  5]  53.00-54.00  sec  89.4 MBytes   750 Mbits/sec  0.112 ms  0/11440 (0%)  
[  5]  54.00-55.00  sec  90.6 MBytes   760 Mbits/sec  0.099 ms  0/11600 (0%)  
[  5]  55.00-56.00  sec  89.9 MBytes   754 Mbits/sec  0.113 ms  0/11509 (0%)  
[  5]  56.00-57.00  sec  89.8 MBytes   753 Mbits/sec  0.133 ms  0/11492 (0%)  
[  5]  57.00-58.00  sec  89.7 MBytes   752 Mbits/sec  0.132 ms  0/11481 (0%)  
[  5]  58.00-59.00  sec  89.8 MBytes   753 Mbits/sec  0.115 ms  0/11491 (0%)  
[  5]  59.00-60.00  sec  88.9 MBytes   746 Mbits/sec  0.126 ms  0/11380 (0%)  
[  5]  60.00-61.00  sec  90.7 MBytes   761 Mbits/sec  0.109 ms  0/11613 (0%)  
[  5]  61.00-62.00  sec  88.8 MBytes   745 Mbits/sec  0.116 ms  0/11367 (0%)  
[  5]  62.00-63.00  sec  88.9 MBytes   746 Mbits/sec  0.080 ms  0/11385 (0%)  
[  5]  63.00-64.00  sec  89.6 MBytes   752 Mbits/sec  0.123 ms  0/11468 (0%)  
[  5]  64.00-65.00  sec  89.8 MBytes   753 Mbits/sec  0.115 ms  0/11489 (0%)  
[  5]  65.00-66.00  sec  89.0 MBytes   747 Mbits/sec  0.126 ms  0/11392 (0%)  
[  5]  66.00-67.00  sec  90.3 MBytes   758 Mbits/sec  0.122 ms  0/11559 (0%)  
[  5]  67.00-68.00  sec  88.4 MBytes   742 Mbits/sec  0.109 ms  0/11316 (0%)  
[  5]  68.00-69.00  sec  89.2 MBytes   748 Mbits/sec  0.109 ms  0/11419 (0%)  
[  5]  69.00-70.00  sec  89.5 MBytes   751 Mbits/sec  0.133 ms  0/11458 (0%)  
[  5]  70.00-71.00  sec  90.0 MBytes   755 Mbits/sec  0.103 ms  0/11519 (0%)  
[  5]  71.00-72.00  sec  89.9 MBytes   754 Mbits/sec  0.111 ms  0/11512 (0%)  
[  5]  72.00-73.00  sec  88.9 MBytes   746 Mbits/sec  0.112 ms  0/11380 (0%)  
[  5]  73.00-74.00  sec  88.9 MBytes   746 Mbits/sec  0.114 ms  0/11378 (0%)  
[  5]  74.00-75.00  sec  90.3 MBytes   758 Mbits/sec  0.114 ms  0/11560 (0%)  
[  5]  75.00-76.00  sec  89.0 MBytes   747 Mbits/sec  0.112 ms  0/11394 (0%)  
[  5]  76.00-77.00  sec  89.8 MBytes   753 Mbits/sec  0.124 ms  0/11489 (0%)  
[  5]  77.00-78.00  sec  88.6 MBytes   743 Mbits/sec  0.108 ms  0/11342 (0%)  
[  5]  78.00-79.00  sec  89.4 MBytes   750 Mbits/sec  0.113 ms  0/11437 (0%)  
[  5]  79.00-80.00  sec  89.2 MBytes   748 Mbits/sec  0.111 ms  0/11412 (0%)  
[  5]  80.00-81.00  sec  89.2 MBytes   748 Mbits/sec  0.105 ms  0/11416 (0%)  
[  5]  81.00-82.00  sec  88.6 MBytes   743 Mbits/sec  0.101 ms  0/11335 (0%)  
[  5]  82.00-83.00  sec  89.5 MBytes   751 Mbits/sec  0.098 ms  0/11461 (0%)  
[  5]  83.00-84.00  sec  88.9 MBytes   746 Mbits/sec  0.122 ms  0/11378 (0%)  
[  5]  84.00-85.00  sec  89.1 MBytes   747 Mbits/sec  0.125 ms  0/11401 (0%)  
[  5]  85.00-86.00  sec  88.7 MBytes   744 Mbits/sec  0.108 ms  0/11348 (0%)  
[  5]  86.00-87.00  sec  89.2 MBytes   748 Mbits/sec  0.108 ms  0/11418 (0%)  
[  5]  87.00-88.00  sec  88.7 MBytes   744 Mbits/sec  0.119 ms  0/11350 (0%)  
[  5]  88.00-89.00  sec  89.5 MBytes   751 Mbits/sec  0.118 ms  0/11457 (0%)  
[  5]  89.00-90.00  sec  90.1 MBytes   756 Mbits/sec  0.106 ms  0/11529 (0%)  
[  5]  90.00-91.00  sec  90.0 MBytes   755 Mbits/sec  0.113 ms  0/11524 (0%)  
[  5]  91.00-92.00  sec  88.5 MBytes   742 Mbits/sec  0.131 ms  0/11329 (0%)  
[  5]  92.00-93.00  sec  88.8 MBytes   745 Mbits/sec  0.116 ms  0/11364 (0%)  
[  5]  93.00-94.00  sec  88.9 MBytes   745 Mbits/sec  0.117 ms  0/11375 (0%)  
[  5]  94.00-95.00  sec  91.0 MBytes   763 Mbits/sec  0.109 ms  0/11644 (0%)  
[  5]  95.00-96.00  sec  90.1 MBytes   756 Mbits/sec  0.124 ms  0/11530 (0%)  
[  5]  96.00-97.00  sec  88.7 MBytes   744 Mbits/sec  0.111 ms  0/11358 (0%)  
[  5]  97.00-98.00  sec  90.3 MBytes   758 Mbits/sec  0.093 ms  0/11560 (0%)  
[  5]  98.00-99.00  sec  89.1 MBytes   747 Mbits/sec  0.131 ms  0/11401 (0%)  
[  5]  99.00-100.00 sec  92.0 MBytes   772 Mbits/sec  0.107 ms  0/11782 (0%)  


iperf Done.
