Connecting to host 1.2.2.1, port 5201
[  4] local 10.0.10.1 port 51380 connected to 1.2.2.1 port 5201
[ ID] Interval           Transfer     Bandwidth       Total Datagrams
[  4]   0.00-1.00   sec  87.3 MBytes   733 Mbits/sec  11180  
[  4]   1.00-2.00   sec  94.6 MBytes   794 Mbits/sec  12115  
[  4]   2.00-3.00   sec  95.9 MBytes   804 Mbits/sec  12269  
[  4]   3.00-4.00   sec  95.7 MBytes   803 Mbits/sec  12247  
[  4]   4.00-5.00   sec  94.7 MBytes   795 Mbits/sec  12124  
[  4]   5.00-6.00   sec  95.3 MBytes   799 Mbits/sec  12197  
[  4]   6.00-7.00   sec  95.4 MBytes   800 Mbits/sec  12215  
[  4]   7.00-8.00   sec  95.4 MBytes   800 Mbits/sec  12206  
[  4]   8.00-9.00   sec  95.3 MBytes   800 Mbits/sec  12204  
[  4]   9.00-10.00  sec  96.0 MBytes   805 Mbits/sec  12285  
[  4]  10.00-11.00  sec  95.3 MBytes   799 Mbits/sec  12196  
[  4]  11.00-12.00  sec  94.8 MBytes   795 Mbits/sec  12134  
[  4]  12.00-13.00  sec  96.0 MBytes   806 Mbits/sec  12294  
[  4]  13.00-14.00  sec  94.5 MBytes   793 Mbits/sec  12094  
[  4]  14.00-15.00  sec  96.5 MBytes   810 Mbits/sec  12356  
[  4]  15.00-16.00  sec  95.4 MBytes   800 Mbits/sec  12209  
[  4]  16.00-17.00  sec  94.5 MBytes   792 Mbits/sec  12090  
[  4]  17.00-18.00  sec  95.3 MBytes   799 Mbits/sec  12199  
[  4]  18.00-19.00  sec  95.4 MBytes   800 Mbits/sec  12210  
[  4]  19.00-20.00  sec  95.4 MBytes   800 Mbits/sec  12210  
[  4]  20.00-21.00  sec  95.2 MBytes   799 Mbits/sec  12191  
[  4]  21.00-22.00  sec  96.2 MBytes   807 Mbits/sec  12319  
[  4]  22.00-23.00  sec  94.7 MBytes   794 Mbits/sec  12118  
[  4]  23.00-24.00  sec  96.2 MBytes   807 Mbits/sec  12308  
[  4]  24.00-25.00  sec  95.4 MBytes   800 Mbits/sec  12213  
[  4]  25.00-26.00  sec  95.4 MBytes   800 Mbits/sec  12208  
[  4]  26.00-27.00  sec  95.1 MBytes   797 Mbits/sec  12168  
[  4]  27.00-28.00  sec  94.8 MBytes   795 Mbits/sec  12130  
[  4]  28.00-29.00  sec  95.4 MBytes   800 Mbits/sec  12208  
[  4]  29.00-30.00  sec  95.5 MBytes   801 Mbits/sec  12218  
[  4]  30.00-31.00  sec  95.5 MBytes   801 Mbits/sec  12222  
[  4]  31.00-32.00  sec  95.4 MBytes   800 Mbits/sec  12211  
[  4]  32.00-33.00  sec  95.1 MBytes   798 Mbits/sec  12177  
[  4]  33.00-34.00  sec  95.5 MBytes   801 Mbits/sec  12228  
[  4]  34.00-35.00  sec  96.1 MBytes   806 Mbits/sec  12300  
[  4]  35.00-36.00  sec  94.6 MBytes   794 Mbits/sec  12114  
[  4]  36.00-37.00  sec  95.2 MBytes   799 Mbits/sec  12191  
[  4]  37.00-38.00  sec  95.4 MBytes   800 Mbits/sec  12205  
[  4]  38.00-39.00  sec  95.2 MBytes   799 Mbits/sec  12190  
[  4]  39.00-40.00  sec  96.1 MBytes   806 Mbits/sec  12302  
[  4]  40.00-41.00  sec  94.8 MBytes   796 Mbits/sec  12140  
[  4]  41.00-42.00  sec  95.2 MBytes   799 Mbits/sec  12190  
[  4]  42.00-43.00  sec  95.4 MBytes   800 Mbits/sec  12211  
[  4]  43.00-44.00  sec  95.7 MBytes   803 Mbits/sec  12247  
[  4]  44.00-45.00  sec  95.2 MBytes   799 Mbits/sec  12190  
[  4]  45.00-46.00  sec  95.4 MBytes   800 Mbits/sec  12206  
[  4]  46.00-47.00  sec  95.8 MBytes   804 Mbits/sec  12266  
[  4]  47.00-48.00  sec  95.3 MBytes   799 Mbits/sec  12195  
[  4]  48.00-49.00  sec  94.9 MBytes   796 Mbits/sec  12142  
[  4]  49.00-50.00  sec  95.6 MBytes   802 Mbits/sec  12242  
[  4]  50.00-51.00  sec  95.7 MBytes   802 Mbits/sec  12244  
[  4]  51.00-52.00  sec  95.6 MBytes   802 Mbits/sec  12240  
[  4]  52.00-53.00  sec  94.8 MBytes   796 Mbits/sec  12140  
[  4]  53.00-54.00  sec  95.4 MBytes   800 Mbits/sec  12209  
[  4]  54.00-55.00  sec  95.9 MBytes   805 Mbits/sec  12276  
[  4]  55.00-56.00  sec  95.3 MBytes   799 Mbits/sec  12199  
[  4]  56.00-57.00  sec  94.5 MBytes   793 Mbits/sec  12098  
[  4]  57.00-58.00  sec  95.4 MBytes   800 Mbits/sec  12215  
[  4]  58.00-59.00  sec  95.4 MBytes   800 Mbits/sec  12213  
[  4]  59.00-60.00  sec  95.3 MBytes   799 Mbits/sec  12195  
[  4]  60.00-61.00  sec  95.6 MBytes   802 Mbits/sec  12237  
[  4]  61.00-62.00  sec  95.1 MBytes   798 Mbits/sec  12172  
[  4]  62.00-63.00  sec  95.5 MBytes   801 Mbits/sec  12221  
[  4]  63.00-64.00  sec  96.3 MBytes   808 Mbits/sec  12324  
[  4]  64.00-65.00  sec  94.7 MBytes   794 Mbits/sec  12123  
[  4]  65.00-66.00  sec  96.0 MBytes   805 Mbits/sec  12286  
[  4]  66.00-67.00  sec  94.5 MBytes   793 Mbits/sec  12095  
[  4]  67.00-68.00  sec  95.4 MBytes   800 Mbits/sec  12213  
[  4]  68.00-69.00  sec  95.3 MBytes   800 Mbits/sec  12204  
[  4]  69.00-70.00  sec  95.8 MBytes   804 Mbits/sec  12267  
[  4]  70.00-71.00  sec  94.8 MBytes   795 Mbits/sec  12135  
[  4]  71.00-72.00  sec  95.4 MBytes   800 Mbits/sec  12210  
[  4]  72.00-73.00  sec  95.8 MBytes   804 Mbits/sec  12265  
[  4]  73.00-74.00  sec  95.8 MBytes   803 Mbits/sec  12260  
[  4]  74.00-75.00  sec  94.7 MBytes   795 Mbits/sec  12127  
[  4]  75.00-76.00  sec  95.4 MBytes   800 Mbits/sec  12206  
[  4]  76.00-77.00  sec  95.3 MBytes   800 Mbits/sec  12202  
[  4]  77.00-78.00  sec  95.1 MBytes   798 Mbits/sec  12174  
[  4]  78.00-79.00  sec  95.3 MBytes   799 Mbits/sec  12200  
[  4]  79.00-80.00  sec  96.1 MBytes   806 Mbits/sec  12295  
[  4]  80.00-81.00  sec  95.3 MBytes   800 Mbits/sec  12200  
[  4]  81.00-82.00  sec  95.4 MBytes   800 Mbits/sec  12213  
[  4]  82.00-83.00  sec  95.2 MBytes   799 Mbits/sec  12185  
[  4]  83.00-84.00  sec  95.8 MBytes   804 Mbits/sec  12263  
[  4]  84.00-85.00  sec  95.3 MBytes   800 Mbits/sec  12204  
[  4]  85.00-86.00  sec  94.9 MBytes   796 Mbits/sec  12143  
[  4]  86.00-87.00  sec  95.0 MBytes   797 Mbits/sec  12165  
[  4]  87.00-88.00  sec  96.0 MBytes   805 Mbits/sec  12284  
[  4]  88.00-89.00  sec  94.8 MBytes   795 Mbits/sec  12138  
[  4]  89.00-90.00  sec  95.9 MBytes   805 Mbits/sec  12279  
[  4]  90.00-91.00  sec  94.8 MBytes   795 Mbits/sec  12128  
[  4]  91.00-92.00  sec  96.0 MBytes   806 Mbits/sec  12292  
[  4]  92.00-93.00  sec  94.8 MBytes   795 Mbits/sec  12130  
[  4]  93.00-94.00  sec  96.3 MBytes   808 Mbits/sec  12331  
[  4]  94.00-95.00  sec  94.6 MBytes   793 Mbits/sec  12104  
[  4]  95.00-96.00  sec  95.6 MBytes   802 Mbits/sec  12242  
[  4]  96.00-97.00  sec  95.5 MBytes   801 Mbits/sec  12224  
[  4]  97.00-98.00  sec  94.8 MBytes   795 Mbits/sec  12130  
[  4]  98.00-99.00  sec  95.8 MBytes   804 Mbits/sec  12260  
[  4]  99.00-100.00 sec  95.0 MBytes   797 Mbits/sec  12156  
- - - - - - - - - - - - - - - - - - - - - - - - -
[ ID] Interval           Transfer     Bandwidth       Jitter    Lost/Total Datagrams
[  4]   0.00-100.00 sec  9.30 GBytes   799 Mbits/sec  0.083 ms  1206457/1212643 (99%)  
[  4] Sent 1212643 datagrams

Server output:
Accepted connection from 10.0.10.1, port 34112
[  5] local 1.2.2.1 port 5201 connected to 10.0.10.1 port 51380
[ ID] Interval           Transfer     Bandwidth       Jitter    Lost/Total Datagrams
[  5]   0.00-1.00   sec  4.61 MBytes  38.6 Mbits/sec  0.087 ms  1289/1879 (69%)  
[  5]   1.00-2.00   sec  0.00 Bytes  0.00 bits/sec  0.087 ms  0/0 (-nan%)  
[  5]   2.00-3.00   sec  0.00 Bytes  0.00 bits/sec  0.087 ms  0/0 (-nan%)  
[  5]   3.00-4.00   sec  0.00 Bytes  0.00 bits/sec  0.087 ms  0/0 (-nan%)  
[  5]   4.00-5.00   sec  0.00 Bytes  0.00 bits/sec  0.087 ms  0/0 (-nan%)  
[  5]   5.00-6.00   sec  1.37 MBytes  11.5 Mbits/sec  0.088 ms  64857/65032 (1e+02%)  
[  5]   6.00-7.00   sec  0.00 Bytes  0.00 bits/sec  0.088 ms  0/0 (-nan%)  
[  5]   7.00-8.00   sec  0.00 Bytes  0.00 bits/sec  0.088 ms  0/0 (-nan%)  
[  5]   8.00-9.00   sec  0.00 Bytes  0.00 bits/sec  0.088 ms  0/0 (-nan%)  
[  5]   9.00-10.00  sec  0.00 Bytes  0.00 bits/sec  0.088 ms  0/0 (-nan%)  
[  5]  10.00-11.00  sec  1.13 MBytes  9.51 Mbits/sec  0.068 ms  64027/64172 (1e+02%)  
[  5]  11.00-12.00  sec  0.00 Bytes  0.00 bits/sec  0.068 ms  0/0 (-nan%)  
[  5]  12.00-13.00  sec  0.00 Bytes  0.00 bits/sec  0.068 ms  0/0 (-nan%)  
[  5]  13.00-14.00  sec  0.00 Bytes  0.00 bits/sec  0.068 ms  0/0 (-nan%)  
[  5]  14.00-15.00  sec  0.00 Bytes  0.00 bits/sec  0.068 ms  0/0 (-nan%)  
[  5]  15.00-16.00  sec  0.00 Bytes  0.00 bits/sec  0.068 ms  0/0 (-nan%)  
[  5]  16.00-17.00  sec  0.00 Bytes  0.00 bits/sec  0.068 ms  0/0 (-nan%)  
[  5]  17.00-18.00  sec  0.00 Bytes  0.00 bits/sec  0.068 ms  0/0 (-nan%)  
[  5]  18.00-19.00  sec  0.00 Bytes  0.00 bits/sec  0.068 ms  0/0 (-nan%)  
[  5]  19.00-20.00  sec  0.00 Bytes  0.00 bits/sec  0.068 ms  0/0 (-nan%)  
[  5]  20.00-21.00  sec  0.00 Bytes  0.00 bits/sec  0.068 ms  0/0 (-nan%)  
[  5]  21.00-22.00  sec  2.95 MBytes  24.8 Mbits/sec  0.084 ms  130239/130617 (1e+02%)  
[  5]  22.00-23.00  sec  0.00 Bytes  0.00 bits/sec  0.084 ms  0/0 (-nan%)  
[  5]  23.00-24.00  sec  0.00 Bytes  0.00 bits/sec  0.084 ms  0/0 (-nan%)  
[  5]  24.00-25.00  sec  0.00 Bytes  0.00 bits/sec  0.084 ms  0/0 (-nan%)  
[  5]  25.00-26.00  sec  0.00 Bytes  0.00 bits/sec  0.084 ms  0/0 (-nan%)  
[  5]  26.00-27.00  sec   808 KBytes  6.63 Mbits/sec  0.157 ms  64754/64855 (1e+02%)  
[  5]  27.00-28.00  sec  0.00 Bytes  0.00 bits/sec  0.157 ms  0/0 (-nan%)  
[  5]  28.00-29.00  sec  0.00 Bytes  0.00 bits/sec  0.157 ms  0/0 (-nan%)  
[  5]  29.00-30.00  sec  0.00 Bytes  0.00 bits/sec  0.157 ms  0/0 (-nan%)  
[  5]  30.00-31.00  sec  0.00 Bytes  0.00 bits/sec  0.157 ms  0/0 (-nan%)  
[  5]  31.00-32.00  sec  2.20 MBytes  18.5 Mbits/sec  0.096 ms  51482/51764 (99%)  
[  5]  32.00-33.00  sec  1.67 MBytes  14.0 Mbits/sec  0.074 ms  12699/12913 (98%)  
[  5]  33.00-34.00  sec  0.00 Bytes  0.00 bits/sec  0.074 ms  0/0 (-nan%)  
[  5]  34.00-35.00  sec  0.00 Bytes  0.00 bits/sec  0.074 ms  0/0 (-nan%)  
[  5]  35.00-36.00  sec  0.00 Bytes  0.00 bits/sec  0.074 ms  0/0 (-nan%)  
[  5]  36.00-37.00  sec  0.00 Bytes  0.00 bits/sec  0.074 ms  0/0 (-nan%)  
[  5]  37.00-38.00  sec  1.78 MBytes  14.9 Mbits/sec  0.647 ms  64039/64267 (1e+02%)  
[  5]  38.00-39.00  sec  0.00 Bytes  0.00 bits/sec  0.647 ms  0/0 (-nan%)  
[  5]  39.00-40.00  sec  0.00 Bytes  0.00 bits/sec  0.647 ms  0/0 (-nan%)  
[  5]  40.00-41.00  sec  0.00 Bytes  0.00 bits/sec  0.647 ms  0/0 (-nan%)  
[  5]  41.00-42.00  sec  1.24 MBytes  10.4 Mbits/sec  0.084 ms  52633/52792 (1e+02%)  
[  5]  42.00-43.00  sec  1.33 MBytes  11.1 Mbits/sec  0.098 ms  13374/13544 (99%)  
[  5]  43.00-44.00  sec  0.00 Bytes  0.00 bits/sec  0.098 ms  0/0 (-nan%)  
[  5]  44.00-45.00  sec  0.00 Bytes  0.00 bits/sec  0.098 ms  0/0 (-nan%)  
[  5]  45.00-46.00  sec  0.00 Bytes  0.00 bits/sec  0.098 ms  0/0 (-nan%)  
[  5]  46.00-47.00  sec  0.00 Bytes  0.00 bits/sec  0.098 ms  0/0 (-nan%)  
[  5]  47.00-48.00  sec  1.47 MBytes  12.3 Mbits/sec  0.094 ms  51277/51465 (1e+02%)  
[  5]  48.00-49.00  sec  1.69 MBytes  14.2 Mbits/sec  0.089 ms  13122/13338 (98%)  
[  5]  49.00-50.00  sec  0.00 Bytes  0.00 bits/sec  0.089 ms  0/0 (-nan%)  
[  5]  50.00-51.00  sec  0.00 Bytes  0.00 bits/sec  0.089 ms  0/0 (-nan%)  
[  5]  51.00-52.00  sec  0.00 Bytes  0.00 bits/sec  0.089 ms  0/0 (-nan%)  
[  5]  52.00-53.00  sec  72.0 KBytes   590 Kbits/sec  0.293 ms  51591/51600 (1e+02%)  
[  5]  53.00-54.00  sec  0.00 Bytes  0.00 bits/sec  0.293 ms  0/0 (-nan%)  
[  5]  54.00-55.00  sec  0.00 Bytes  0.00 bits/sec  0.293 ms  0/0 (-nan%)  
[  5]  55.00-56.00  sec  0.00 Bytes  0.00 bits/sec  0.293 ms  0/0 (-nan%)  
[  5]  56.00-57.00  sec  1.30 MBytes  11.0 Mbits/sec  0.064 ms  54068/54235 (1e+02%)  
[  5]  57.00-58.00  sec  1.60 MBytes  13.4 Mbits/sec  0.084 ms  10810/11015 (98%)  
[  5]  58.00-59.00  sec  2.65 MBytes  22.2 Mbits/sec  0.066 ms  13048/13387 (97%)  
[  5]  59.00-60.00  sec  0.00 Bytes  0.00 bits/sec  0.066 ms  0/0 (-nan%)  
[  5]  60.00-61.00  sec  0.00 Bytes  0.00 bits/sec  0.066 ms  0/0 (-nan%)  
[  5]  61.00-62.00  sec  1.63 MBytes  13.7 Mbits/sec  0.083 ms  35255/35464 (99%)  
[  5]  62.00-63.00  sec  0.00 Bytes  0.00 bits/sec  0.083 ms  0/0 (-nan%)  
[  5]  63.00-64.00  sec  1.25 MBytes  10.5 Mbits/sec  0.145 ms  16046/16206 (99%)  
[  5]  64.00-65.00  sec  0.00 Bytes  0.00 bits/sec  0.145 ms  0/0 (-nan%)  
[  5]  65.00-66.00  sec  0.00 Bytes  0.00 bits/sec  0.145 ms  0/0 (-nan%)  
[  5]  66.00-67.00  sec  0.00 Bytes  0.00 bits/sec  0.145 ms  0/0 (-nan%)  
[  5]  67.00-68.00  sec  1.67 MBytes  14.0 Mbits/sec  0.067 ms  58002/58216 (1e+02%)  
[  5]  68.00-69.00  sec  16.0 KBytes   131 Kbits/sec  0.072 ms  6334/6336 (1e+02%)  
[  5]  69.00-70.00  sec   896 KBytes  7.34 Mbits/sec  0.084 ms  13196/13308 (99%)  
[  5]  70.00-71.00  sec  0.00 Bytes  0.00 bits/sec  0.084 ms  0/0 (-nan%)  
[  5]  71.00-72.00  sec  0.00 Bytes  0.00 bits/sec  0.084 ms  0/0 (-nan%)  
[  5]  72.00-73.00  sec  48.0 KBytes   393 Kbits/sec  0.084 ms  35845/35851 (1e+02%)  
[  5]  73.00-74.00  sec  64.0 KBytes   524 Kbits/sec  0.091 ms  9399/9407 (1e+02%)  
[  5]  74.00-75.00  sec  0.00 Bytes  0.00 bits/sec  0.091 ms  0/0 (-nan%)  
[  5]  75.00-76.00  sec  0.00 Bytes  0.00 bits/sec  0.091 ms  0/0 (-nan%)  
[  5]  76.00-77.00  sec  1.30 MBytes  11.0 Mbits/sec  0.062 ms  44784/44951 (1e+02%)  
[  5]  77.00-78.00  sec  0.00 Bytes  0.00 bits/sec  0.062 ms  0/0 (-nan%)  
[  5]  78.00-79.00  sec  1.98 MBytes  16.7 Mbits/sec  0.082 ms  19876/20130 (99%)  
[  5]  79.00-80.00  sec   520 KBytes  4.26 Mbits/sec  0.082 ms  15278/15343 (1e+02%)  
[  5]  80.00-81.00  sec  1.80 MBytes  15.1 Mbits/sec  0.087 ms  4694/4924 (95%)  
[  5]  81.00-82.00  sec  0.00 Bytes  0.00 bits/sec  0.087 ms  0/0 (-nan%)  
[  5]  82.00-83.00  sec  0.00 Bytes  0.00 bits/sec  0.087 ms  0/0 (-nan%)  
[  5]  83.00-84.00  sec  1.30 MBytes  10.9 Mbits/sec  0.097 ms  35271/35438 (1e+02%)  
[  5]  84.00-85.00  sec  0.00 Bytes  0.00 bits/sec  0.097 ms  0/0 (-nan%)  
[  5]  85.00-86.00  sec  0.00 Bytes  0.00 bits/sec  0.097 ms  0/0 (-nan%)  
[  5]  86.00-87.00  sec  1.72 MBytes  14.4 Mbits/sec  0.069 ms  46016/46236 (1e+02%)  
[  5]  87.00-88.00  sec  0.00 Bytes  0.00 bits/sec  0.069 ms  0/0 (-nan%)  
[  5]  88.00-89.00  sec  1.96 MBytes  16.5 Mbits/sec  0.072 ms  18444/18695 (99%)  
[  5]  89.00-90.00  sec  0.00 Bytes  0.00 bits/sec  0.072 ms  0/0 (-nan%)  
[  5]  90.00-91.00  sec   152 KBytes  1.25 Mbits/sec  0.088 ms  29049/29068 (1e+02%)  
[  5]  91.00-92.00  sec  0.00 Bytes  0.00 bits/sec  0.088 ms  0/0 (-nan%)  
[  5]  92.00-93.00  sec  72.0 KBytes   590 Kbits/sec  0.091 ms  17287/17296 (1e+02%)  
[  5]  93.00-94.00  sec  0.00 Bytes  0.00 bits/sec  0.091 ms  0/0 (-nan%)  
[  5]  94.00-95.00  sec  0.00 Bytes  0.00 bits/sec  0.091 ms  0/0 (-nan%)  
[  5]  95.00-96.00  sec  0.00 Bytes  0.00 bits/sec  0.091 ms  0/0 (-nan%)  
[  5]  96.00-97.00  sec  1.64 MBytes  13.8 Mbits/sec  0.084 ms  56917/57127 (1e+02%)  
[  5]  97.00-98.00  sec  32.0 KBytes   262 Kbits/sec  0.091 ms  7877/7881 (1e+02%)  
[  5]  98.00-99.00  sec   848 KBytes  6.95 Mbits/sec  0.074 ms  12760/12866 (99%)  
[  5]  99.00-100.00 sec  1.62 MBytes  13.6 Mbits/sec  0.083 ms  10818/11025 (98%)  


iperf Done.
