Connecting to host 1.0.0.1, port 5201
[  4] local 10.0.10.1 port 56229 connected to 1.0.0.1 port 5201
[ ID] Interval           Transfer     Bandwidth       Total Datagrams
[  4]   0.00-1.00   sec  83.7 MBytes   702 Mbits/sec  10713  
[  4]   1.00-2.00   sec  91.5 MBytes   768 Mbits/sec  11714  
[  4]   2.00-3.00   sec  90.2 MBytes   757 Mbits/sec  11551  
[  4]   3.00-4.00   sec  90.5 MBytes   759 Mbits/sec  11583  
[  4]   4.00-5.00   sec  91.2 MBytes   765 Mbits/sec  11674  
[  4]   5.00-6.00   sec  91.1 MBytes   764 Mbits/sec  11664  
[  4]   6.00-7.00   sec  90.4 MBytes   759 Mbits/sec  11576  
[  4]   7.00-8.00   sec  90.2 MBytes   757 Mbits/sec  11544  
[  4]   8.00-9.00   sec  90.4 MBytes   758 Mbits/sec  11568  
[  4]   9.00-10.00  sec  90.8 MBytes   762 Mbits/sec  11624  
[  4]  10.00-11.00  sec  90.6 MBytes   760 Mbits/sec  11593  
[  4]  11.00-12.00  sec  90.6 MBytes   760 Mbits/sec  11599  
[  4]  12.00-13.00  sec  90.2 MBytes   757 Mbits/sec  11552  
[  4]  13.00-14.00  sec  90.6 MBytes   760 Mbits/sec  11602  
[  4]  14.00-15.00  sec  91.4 MBytes   766 Mbits/sec  11694  
[  4]  15.00-16.00  sec  90.0 MBytes   755 Mbits/sec  11520  
[  4]  16.00-17.00  sec  89.9 MBytes   754 Mbits/sec  11512  
[  4]  17.00-18.00  sec  93.1 MBytes   781 Mbits/sec  11920  
[  4]  18.00-19.00  sec  91.1 MBytes   764 Mbits/sec  11664  
[  4]  19.00-20.00  sec  91.3 MBytes   766 Mbits/sec  11685  
[  4]  20.00-21.00  sec  90.6 MBytes   760 Mbits/sec  11593  
[  4]  21.00-22.00  sec  90.0 MBytes   755 Mbits/sec  11517  
[  4]  22.00-23.00  sec  90.4 MBytes   759 Mbits/sec  11573  
[  4]  23.00-24.00  sec  90.1 MBytes   756 Mbits/sec  11538  
[  4]  24.00-25.00  sec  92.1 MBytes   773 Mbits/sec  11793  
[  4]  25.00-26.00  sec  89.3 MBytes   749 Mbits/sec  11426  
[  4]  26.00-27.00  sec  89.8 MBytes   753 Mbits/sec  11492  
[  4]  27.00-28.00  sec  89.7 MBytes   752 Mbits/sec  11476  
[  4]  28.00-29.00  sec  91.3 MBytes   766 Mbits/sec  11687  
[  4]  29.00-30.00  sec  90.6 MBytes   760 Mbits/sec  11592  
[  4]  30.00-31.00  sec  91.0 MBytes   763 Mbits/sec  11649  
[  4]  31.00-32.00  sec  90.0 MBytes   755 Mbits/sec  11519  
[  4]  32.00-33.00  sec  92.1 MBytes   773 Mbits/sec  11793  
[  4]  33.00-34.00  sec  92.2 MBytes   774 Mbits/sec  11802  
[  4]  34.00-35.00  sec  91.9 MBytes   771 Mbits/sec  11767  
[  4]  35.00-36.00  sec  89.4 MBytes   750 Mbits/sec  11440  
[  4]  36.00-37.00  sec  90.4 MBytes   759 Mbits/sec  11575  
[  4]  37.00-38.00  sec  90.0 MBytes   755 Mbits/sec  11520  
[  4]  38.00-39.00  sec  90.1 MBytes   756 Mbits/sec  11536  
[  4]  39.00-40.00  sec  90.9 MBytes   762 Mbits/sec  11632  
[  4]  40.00-41.00  sec  91.1 MBytes   764 Mbits/sec  11658  
[  4]  41.00-42.00  sec  91.0 MBytes   763 Mbits/sec  11649  
[  4]  42.00-43.00  sec  91.8 MBytes   770 Mbits/sec  11744  
[  4]  43.00-44.00  sec  90.5 MBytes   759 Mbits/sec  11586  
[  4]  44.00-45.00  sec  89.9 MBytes   754 Mbits/sec  11507  
[  4]  45.00-46.00  sec  90.7 MBytes   761 Mbits/sec  11608  
[  4]  46.00-47.00  sec  90.4 MBytes   758 Mbits/sec  11568  
[  4]  47.00-48.00  sec  91.6 MBytes   768 Mbits/sec  11722  
[  4]  48.00-49.00  sec  90.7 MBytes   761 Mbits/sec  11614  
[  4]  49.00-50.00  sec  90.9 MBytes   763 Mbits/sec  11638  
[  4]  50.00-51.00  sec  91.5 MBytes   768 Mbits/sec  11711  
[  4]  51.00-52.00  sec  90.6 MBytes   760 Mbits/sec  11598  
[  4]  52.00-53.00  sec  91.6 MBytes   768 Mbits/sec  11719  
[  4]  53.00-54.00  sec  89.3 MBytes   749 Mbits/sec  11432  
[  4]  54.00-55.00  sec  90.2 MBytes   757 Mbits/sec  11544  
[  4]  55.00-56.00  sec  89.4 MBytes   750 Mbits/sec  11440  
[  4]  56.00-57.00  sec  90.9 MBytes   762 Mbits/sec  11632  
[  4]  57.00-58.00  sec  90.7 MBytes   761 Mbits/sec  11608  
[  4]  58.00-59.00  sec  90.1 MBytes   756 Mbits/sec  11528  
[  4]  59.00-60.00  sec  90.1 MBytes   756 Mbits/sec  11535  
[  4]  60.00-61.00  sec  90.9 MBytes   763 Mbits/sec  11641  
[  4]  61.00-62.00  sec  90.6 MBytes   760 Mbits/sec  11600  
[  4]  62.00-63.00  sec  91.3 MBytes   766 Mbits/sec  11688  
[  4]  63.00-64.00  sec  89.5 MBytes   751 Mbits/sec  11461  
[  4]  64.00-65.00  sec  91.1 MBytes   765 Mbits/sec  11667  
[  4]  65.00-66.00  sec  92.1 MBytes   773 Mbits/sec  11792  
[  4]  66.00-67.00  sec  92.9 MBytes   779 Mbits/sec  11889  
[  4]  67.00-68.00  sec  91.4 MBytes   767 Mbits/sec  11704  
[  4]  68.00-69.00  sec  91.8 MBytes   770 Mbits/sec  11751  
[  4]  69.00-70.00  sec  91.9 MBytes   771 Mbits/sec  11769  
[  4]  70.00-71.00  sec  92.4 MBytes   775 Mbits/sec  11823  
[  4]  71.00-72.00  sec  91.8 MBytes   770 Mbits/sec  11744  
[  4]  72.00-73.00  sec  93.1 MBytes   781 Mbits/sec  11919  
[  4]  73.00-74.00  sec  91.9 MBytes   771 Mbits/sec  11769  
[  4]  74.00-75.00  sec  90.6 MBytes   760 Mbits/sec  11601  
[  4]  75.00-76.00  sec  91.9 MBytes   771 Mbits/sec  11759  
[  4]  76.00-77.00  sec  90.8 MBytes   762 Mbits/sec  11624  
[  4]  77.00-78.00  sec  91.3 MBytes   766 Mbits/sec  11685  
[  4]  78.00-79.00  sec  90.6 MBytes   760 Mbits/sec  11597  
[  4]  79.00-80.00  sec  91.2 MBytes   765 Mbits/sec  11671  
[  4]  80.00-81.00  sec  91.9 MBytes   771 Mbits/sec  11759  
[  4]  81.00-82.00  sec  91.3 MBytes   766 Mbits/sec  11692  
[  4]  82.00-83.00  sec  90.7 MBytes   760 Mbits/sec  11604  
[  4]  83.00-84.00  sec  89.4 MBytes   750 Mbits/sec  11438  
[  4]  84.00-85.00  sec  92.5 MBytes   776 Mbits/sec  11835  
[  4]  85.00-86.00  sec  93.0 MBytes   780 Mbits/sec  11903  
[  4]  86.00-87.00  sec  90.9 MBytes   763 Mbits/sec  11641  
[  4]  87.00-88.00  sec  91.5 MBytes   768 Mbits/sec  11711  
[  4]  88.00-89.00  sec  92.4 MBytes   775 Mbits/sec  11832  
[  4]  89.00-90.00  sec  91.8 MBytes   770 Mbits/sec  11745  
[  4]  90.00-91.00  sec  91.9 MBytes   771 Mbits/sec  11757  
[  4]  91.00-92.00  sec  90.4 MBytes   758 Mbits/sec  11570  
[  4]  92.00-93.00  sec  91.8 MBytes   770 Mbits/sec  11744  
[  4]  93.00-94.00  sec  92.4 MBytes   775 Mbits/sec  11832  
[  4]  94.00-95.00  sec  92.4 MBytes   775 Mbits/sec  11831  
[  4]  95.00-96.00  sec  91.1 MBytes   764 Mbits/sec  11665  
[  4]  96.00-97.00  sec  91.9 MBytes   771 Mbits/sec  11769  
[  4]  97.00-98.00  sec  92.0 MBytes   772 Mbits/sec  11775  
[  4]  98.00-99.00  sec  90.6 MBytes   760 Mbits/sec  11601  
[  4]  99.00-100.00 sec  91.4 MBytes   767 Mbits/sec  11703  
- - - - - - - - - - - - - - - - - - - - - - - - -
[ ID] Interval           Transfer     Bandwidth       Jitter    Lost/Total Datagrams
[  4]   0.00-100.00 sec  8.88 GBytes   763 Mbits/sec  0.107 ms  18/1164073 (0.0015%)  
[  4] Sent 1164073 datagrams

Server output:
Accepted connection from 10.0.10.1, port 60472
[  5] local 1.0.0.1 port 5201 connected to 10.0.10.1 port 56229
[ ID] Interval           Transfer     Bandwidth       Jitter    Lost/Total Datagrams
[  5]   0.00-1.00   sec  80.0 MBytes   671 Mbits/sec  0.099 ms  0/10236 (0%)  
[  5]   1.00-2.00   sec  91.6 MBytes   768 Mbits/sec  0.118 ms  1/11721 (0.0085%)  
[  5]   2.00-3.00   sec  90.3 MBytes   757 Mbits/sec  0.104 ms  0/11555 (0%)  
[  5]   3.00-4.00   sec  90.4 MBytes   759 Mbits/sec  0.115 ms  0/11574 (0%)  
[  5]   4.00-5.00   sec  91.2 MBytes   765 Mbits/sec  0.117 ms  0/11673 (0%)  
[  5]   5.00-6.00   sec  90.9 MBytes   763 Mbits/sec  0.116 ms  0/11637 (0%)  
[  5]   6.00-7.00   sec  90.4 MBytes   758 Mbits/sec  0.125 ms  0/11568 (0%)  
[  5]   7.00-8.00   sec  90.5 MBytes   759 Mbits/sec  0.105 ms  0/11583 (0%)  
[  5]   8.00-9.00   sec  90.5 MBytes   759 Mbits/sec  0.112 ms  0/11582 (0%)  
[  5]   9.00-10.00  sec  90.7 MBytes   761 Mbits/sec  0.110 ms  0/11608 (0%)  
[  5]  10.00-11.00  sec  90.7 MBytes   761 Mbits/sec  0.089 ms  0/11612 (0%)  
[  5]  11.00-12.00  sec  90.5 MBytes   759 Mbits/sec  0.104 ms  0/11580 (0%)  
[  5]  12.00-13.00  sec  90.3 MBytes   758 Mbits/sec  0.105 ms  0/11561 (0%)  
[  5]  13.00-14.00  sec  90.5 MBytes   759 Mbits/sec  0.111 ms  0/11589 (0%)  
[  5]  14.00-15.00  sec  91.4 MBytes   767 Mbits/sec  0.105 ms  0/11700 (0%)  
[  5]  15.00-16.00  sec  89.7 MBytes   753 Mbits/sec  0.102 ms  0/11484 (0%)  
[  5]  16.00-17.00  sec  90.1 MBytes   756 Mbits/sec  0.092 ms  0/11539 (0%)  
[  5]  17.00-18.00  sec  93.1 MBytes   781 Mbits/sec  0.102 ms  0/11921 (0%)  
[  5]  18.00-19.00  sec  91.2 MBytes   765 Mbits/sec  0.128 ms  0/11673 (0%)  
[  5]  19.00-20.00  sec  91.2 MBytes   765 Mbits/sec  0.124 ms  0/11680 (0%)  
[  5]  20.00-21.00  sec  90.7 MBytes   761 Mbits/sec  0.117 ms  0/11605 (0%)  
[  5]  21.00-22.00  sec  89.9 MBytes   754 Mbits/sec  0.102 ms  0/11508 (0%)  
[  5]  22.00-23.00  sec  90.5 MBytes   759 Mbits/sec  0.126 ms  0/11580 (0%)  
[  5]  23.00-24.00  sec  90.1 MBytes   756 Mbits/sec  0.093 ms  0/11529 (0%)  
[  5]  24.00-25.00  sec  92.1 MBytes   772 Mbits/sec  0.102 ms  0/11786 (0%)  
[  5]  25.00-26.00  sec  89.1 MBytes   747 Mbits/sec  0.128 ms  0/11400 (0%)  
[  5]  26.00-27.00  sec  90.1 MBytes   756 Mbits/sec  0.126 ms  0/11532 (0%)  
[  5]  27.00-28.00  sec  89.7 MBytes   752 Mbits/sec  0.121 ms  0/11480 (0%)  
[  5]  28.00-29.00  sec  91.2 MBytes   765 Mbits/sec  0.111 ms  0/11677 (0%)  
[  5]  29.00-30.00  sec  90.6 MBytes   760 Mbits/sec  0.109 ms  0/11594 (0%)  
[  5]  30.00-31.00  sec  91.1 MBytes   764 Mbits/sec  0.103 ms  0/11656 (0%)  
[  5]  31.00-32.00  sec  89.9 MBytes   754 Mbits/sec  0.104 ms  0/11512 (0%)  
[  5]  32.00-33.00  sec  92.1 MBytes   773 Mbits/sec  0.113 ms  0/11791 (0%)  
[  5]  33.00-34.00  sec  92.1 MBytes   772 Mbits/sec  0.101 ms  0/11786 (0%)  
[  5]  34.00-35.00  sec  91.7 MBytes   770 Mbits/sec  0.104 ms  0/11743 (0%)  
[  5]  35.00-36.00  sec  89.7 MBytes   752 Mbits/sec  0.117 ms  0/11479 (0%)  
[  5]  36.00-37.00  sec  90.5 MBytes   759 Mbits/sec  0.129 ms  0/11580 (0%)  
[  5]  37.00-38.00  sec  90.0 MBytes   755 Mbits/sec  0.103 ms  0/11525 (0%)  
[  5]  38.00-39.00  sec  90.1 MBytes   756 Mbits/sec  0.109 ms  0/11533 (0%)  
[  5]  39.00-40.00  sec  90.8 MBytes   761 Mbits/sec  0.102 ms  0/11618 (0%)  
[  5]  40.00-41.00  sec  91.1 MBytes   764 Mbits/sec  0.117 ms  0/11663 (0%)  
[  5]  41.00-42.00  sec  91.1 MBytes   764 Mbits/sec  0.103 ms  0/11655 (0%)  
[  5]  42.00-43.00  sec  91.8 MBytes   770 Mbits/sec  0.114 ms  0/11746 (0%)  
[  5]  43.00-44.00  sec  90.5 MBytes   759 Mbits/sec  0.119 ms  0/11587 (0%)  
[  5]  44.00-45.00  sec  89.6 MBytes   751 Mbits/sec  0.117 ms  0/11464 (0%)  
[  5]  45.00-46.00  sec  91.0 MBytes   764 Mbits/sec  0.111 ms  0/11652 (0%)  
[  5]  46.00-47.00  sec  90.4 MBytes   758 Mbits/sec  0.113 ms  0/11567 (0%)  
[  5]  47.00-48.00  sec  91.6 MBytes   768 Mbits/sec  0.107 ms  0/11724 (0%)  
[  5]  48.00-49.00  sec  90.7 MBytes   761 Mbits/sec  0.111 ms  0/11607 (0%)  
[  5]  49.00-50.00  sec  90.9 MBytes   762 Mbits/sec  0.106 ms  0/11629 (0%)  
[  5]  50.00-51.00  sec  91.6 MBytes   768 Mbits/sec  0.117 ms  0/11719 (0%)  
[  5]  51.00-52.00  sec  90.7 MBytes   761 Mbits/sec  0.128 ms  0/11608 (0%)  
[  5]  52.00-53.00  sec  91.5 MBytes   768 Mbits/sec  0.102 ms  0/11718 (0%)  
[  5]  53.00-54.00  sec  88.9 MBytes   746 Mbits/sec  0.111 ms  0/11383 (0%)  
[  5]  54.00-55.00  sec  90.3 MBytes   757 Mbits/sec  0.102 ms  0/11553 (0%)  
[  5]  55.00-56.00  sec  89.7 MBytes   752 Mbits/sec  0.105 ms  0/11480 (0%)  
[  5]  56.00-57.00  sec  90.8 MBytes   762 Mbits/sec  0.120 ms  0/11628 (0%)  
[  5]  57.00-58.00  sec  90.7 MBytes   761 Mbits/sec  0.107 ms  0/11613 (0%)  
[  5]  58.00-59.00  sec  90.1 MBytes   755 Mbits/sec  0.104 ms  0/11527 (0%)  
[  5]  59.00-60.00  sec  90.1 MBytes   756 Mbits/sec  0.099 ms  0/11535 (0%)  
[  5]  60.00-61.00  sec  90.9 MBytes   762 Mbits/sec  0.086 ms  0/11633 (0%)  
[  5]  61.00-62.00  sec  90.7 MBytes   761 Mbits/sec  0.114 ms  0/11605 (0%)  
[  5]  62.00-63.00  sec  91.3 MBytes   766 Mbits/sec  0.118 ms  0/11685 (0%)  
[  5]  63.00-64.00  sec  89.3 MBytes   749 Mbits/sec  0.108 ms  0/11435 (0%)  
[  5]  64.00-65.00  sec  91.3 MBytes   766 Mbits/sec  0.106 ms  0/11692 (0%)  
[  5]  65.00-66.00  sec  92.0 MBytes   772 Mbits/sec  0.094 ms  0/11781 (0%)  
[  5]  66.00-67.00  sec  93.0 MBytes   780 Mbits/sec  0.115 ms  0/11903 (0%)  
[  5]  67.00-68.00  sec  91.4 MBytes   767 Mbits/sec  0.131 ms  0/11701 (0%)  
[  5]  68.00-69.00  sec  91.8 MBytes   770 Mbits/sec  0.121 ms  0/11754 (0%)  
[  5]  69.00-70.00  sec  91.9 MBytes   770 Mbits/sec  0.098 ms  0/11757 (0%)  
[  5]  70.00-71.00  sec  92.4 MBytes   775 Mbits/sec  0.105 ms  0/11830 (0%)  
[  5]  71.00-72.00  sec  91.7 MBytes   769 Mbits/sec  0.126 ms  0/11740 (0%)  
[  5]  72.00-73.00  sec  92.9 MBytes   779 Mbits/sec  0.113 ms  0/11894 (0%)  
[  5]  73.00-74.00  sec  91.9 MBytes   771 Mbits/sec  0.121 ms  0/11760 (0%)  
[  5]  74.00-75.00  sec  91.0 MBytes   763 Mbits/sec  0.121 ms  0/11644 (0%)  
[  5]  75.00-76.00  sec  91.8 MBytes   770 Mbits/sec  0.104 ms  0/11747 (0%)  
[  5]  76.00-77.00  sec  90.9 MBytes   762 Mbits/sec  0.111 ms  0/11633 (0%)  
[  5]  77.00-78.00  sec  91.2 MBytes   765 Mbits/sec  0.114 ms  0/11680 (0%)  
[  5]  78.00-79.00  sec  90.7 MBytes   761 Mbits/sec  0.105 ms  0/11606 (0%)  
[  5]  79.00-80.00  sec  91.2 MBytes   765 Mbits/sec  0.121 ms  0/11671 (0%)  
[  5]  80.00-81.00  sec  91.6 MBytes   768 Mbits/sec  0.108 ms  0/11724 (0%)  
[  5]  81.00-82.00  sec  91.6 MBytes   768 Mbits/sec  0.084 ms  0/11719 (0%)  
[  5]  82.00-83.00  sec  90.4 MBytes   759 Mbits/sec  0.104 ms  0/11574 (0%)  
[  5]  83.00-84.00  sec  89.4 MBytes   750 Mbits/sec  0.107 ms  0/11447 (0%)  
[  5]  84.00-85.00  sec  92.5 MBytes   776 Mbits/sec  0.103 ms  0/11842 (0%)  
[  5]  85.00-86.00  sec  93.0 MBytes   780 Mbits/sec  0.121 ms  0/11908 (0%)  
[  5]  86.00-87.00  sec  91.0 MBytes   763 Mbits/sec  0.097 ms  0/11644 (0%)  
[  5]  87.00-88.00  sec  91.4 MBytes   766 Mbits/sec  0.095 ms  17/11712 (0.15%)  
[  5]  88.00-89.00  sec  92.5 MBytes   776 Mbits/sec  0.129 ms  0/11842 (0%)  
[  5]  89.00-90.00  sec  91.7 MBytes   769 Mbits/sec  0.115 ms  0/11738 (0%)  
[  5]  90.00-91.00  sec  92.0 MBytes   771 Mbits/sec  0.122 ms  0/11770 (0%)  
[  5]  91.00-92.00  sec  90.2 MBytes   757 Mbits/sec  0.115 ms  0/11551 (0%)  
[  5]  92.00-93.00  sec  91.5 MBytes   768 Mbits/sec  0.127 ms  0/11717 (0%)  
[  5]  93.00-94.00  sec  92.6 MBytes   777 Mbits/sec  0.115 ms  0/11854 (0%)  
[  5]  94.00-95.00  sec  92.5 MBytes   776 Mbits/sec  0.125 ms  0/11842 (0%)  
[  5]  95.00-96.00  sec  91.0 MBytes   763 Mbits/sec  0.122 ms  0/11649 (0%)  
[  5]  96.00-97.00  sec  92.1 MBytes   773 Mbits/sec  0.106 ms  0/11789 (0%)  
[  5]  97.00-98.00  sec  91.9 MBytes   771 Mbits/sec  0.095 ms  0/11769 (0%)  
[  5]  98.00-99.00  sec  90.6 MBytes   760 Mbits/sec  0.120 ms  0/11601 (0%)  
[  5]  99.00-100.00 sec  91.5 MBytes   768 Mbits/sec  0.123 ms  0/11715 (0%)  


iperf Done.
