Connecting to host 1.0.0.1, port 5201
[  4] local 10.0.10.1 port 44026 connected to 1.0.0.1 port 5201
[ ID] Interval           Transfer     Bandwidth       Total Datagrams
[  4]   0.00-1.00   sec  82.8 MBytes   694 Mbits/sec  10593  
[  4]   1.00-2.00   sec  92.2 MBytes   773 Mbits/sec  11800  
[  4]   2.00-3.00   sec  90.8 MBytes   762 Mbits/sec  11625  
[  4]   3.00-4.00   sec  91.4 MBytes   767 Mbits/sec  11703  
[  4]   4.00-5.00   sec  89.1 MBytes   748 Mbits/sec  11409  
[  4]   5.00-6.00   sec  88.8 MBytes   745 Mbits/sec  11362  
[  4]   6.00-7.00   sec  92.4 MBytes   775 Mbits/sec  11832  
[  4]   7.00-8.00   sec  92.7 MBytes   778 Mbits/sec  11865  
[  4]   8.00-9.00   sec  91.2 MBytes   765 Mbits/sec  11679  
[  4]   9.00-10.00  sec  92.1 MBytes   773 Mbits/sec  11792  
[  4]  10.00-11.00  sec  92.8 MBytes   778 Mbits/sec  11874  
[  4]  11.00-12.00  sec  92.4 MBytes   775 Mbits/sec  11822  
[  4]  12.00-13.00  sec  92.0 MBytes   772 Mbits/sec  11776  
[  4]  13.00-14.00  sec  90.6 MBytes   760 Mbits/sec  11593  
[  4]  14.00-15.00  sec  91.1 MBytes   764 Mbits/sec  11663  
[  4]  15.00-16.00  sec  89.4 MBytes   750 Mbits/sec  11448  
[  4]  16.00-17.00  sec  91.1 MBytes   764 Mbits/sec  11664  
[  4]  17.00-18.00  sec  90.8 MBytes   762 Mbits/sec  11625  
[  4]  18.00-19.00  sec  90.7 MBytes   761 Mbits/sec  11606  
[  4]  19.00-20.00  sec  89.1 MBytes   748 Mbits/sec  11408  
[  4]  20.00-21.00  sec  89.9 MBytes   754 Mbits/sec  11513  
[  4]  21.00-22.00  sec  91.1 MBytes   764 Mbits/sec  11664  
[  4]  22.00-23.00  sec  91.5 MBytes   768 Mbits/sec  11712  
[  4]  23.00-24.00  sec  89.0 MBytes   746 Mbits/sec  11391  
[  4]  24.00-25.00  sec  90.1 MBytes   756 Mbits/sec  11528  
[  4]  25.00-26.00  sec  89.9 MBytes   754 Mbits/sec  11511  
[  4]  26.00-27.00  sec  90.1 MBytes   756 Mbits/sec  11528  
[  4]  27.00-28.00  sec  90.0 MBytes   755 Mbits/sec  11520  
[  4]  28.00-29.00  sec  90.6 MBytes   760 Mbits/sec  11591  
[  4]  29.00-30.00  sec  91.1 MBytes   764 Mbits/sec  11664  
[  4]  30.00-31.00  sec  90.7 MBytes   761 Mbits/sec  11613  
[  4]  31.00-32.00  sec  90.3 MBytes   758 Mbits/sec  11563  
[  4]  32.00-33.00  sec  89.8 MBytes   753 Mbits/sec  11488  
[  4]  33.00-34.00  sec  90.7 MBytes   761 Mbits/sec  11610  
[  4]  34.00-35.00  sec  89.4 MBytes   750 Mbits/sec  11441  
[  4]  35.00-36.00  sec  89.4 MBytes   750 Mbits/sec  11443  
[  4]  36.00-37.00  sec  91.1 MBytes   764 Mbits/sec  11663  
[  4]  37.00-38.00  sec  92.1 MBytes   773 Mbits/sec  11792  
[  4]  38.00-39.00  sec  91.7 MBytes   769 Mbits/sec  11740  
[  4]  39.00-40.00  sec  90.5 MBytes   759 Mbits/sec  11584  
[  4]  40.00-41.00  sec  90.0 MBytes   755 Mbits/sec  11522  
[  4]  41.00-42.00  sec  91.4 MBytes   767 Mbits/sec  11698  
[  4]  42.00-43.00  sec  92.1 MBytes   772 Mbits/sec  11784  
[  4]  43.00-44.00  sec  88.8 MBytes   745 Mbits/sec  11370  
[  4]  44.00-45.00  sec  89.1 MBytes   747 Mbits/sec  11403  
[  4]  45.00-46.00  sec  91.0 MBytes   763 Mbits/sec  11648  
[  4]  46.00-47.00  sec  92.6 MBytes   776 Mbits/sec  11847  
[  4]  47.00-48.00  sec  90.8 MBytes   761 Mbits/sec  11616  
[  4]  48.00-49.00  sec  90.5 MBytes   759 Mbits/sec  11589  
[  4]  49.00-50.00  sec  92.0 MBytes   772 Mbits/sec  11779  
[  4]  50.00-51.00  sec  91.0 MBytes   763 Mbits/sec  11648  
[  4]  51.00-52.00  sec  91.1 MBytes   764 Mbits/sec  11656  
[  4]  52.00-53.00  sec  90.2 MBytes   757 Mbits/sec  11545  
[  4]  53.00-54.00  sec  90.6 MBytes   760 Mbits/sec  11591  
[  4]  54.00-55.00  sec  90.9 MBytes   762 Mbits/sec  11632  
[  4]  55.00-56.00  sec  90.2 MBytes   757 Mbits/sec  11551  
[  4]  56.00-57.00  sec  90.3 MBytes   758 Mbits/sec  11562  
[  4]  57.00-58.00  sec  90.5 MBytes   759 Mbits/sec  11583  
[  4]  58.00-59.00  sec  90.8 MBytes   762 Mbits/sec  11623  
[  4]  59.00-60.00  sec  90.6 MBytes   760 Mbits/sec  11595  
[  4]  60.00-61.00  sec  89.1 MBytes   747 Mbits/sec  11399  
[  4]  61.00-62.00  sec  91.0 MBytes   763 Mbits/sec  11646  
[  4]  62.00-63.00  sec  90.8 MBytes   762 Mbits/sec  11621  
[  4]  63.00-64.00  sec  90.8 MBytes   762 Mbits/sec  11625  
[  4]  64.00-65.00  sec  91.4 MBytes   767 Mbits/sec  11703  
[  4]  65.00-66.00  sec  91.0 MBytes   763 Mbits/sec  11649  
[  4]  66.00-67.00  sec  90.8 MBytes   762 Mbits/sec  11623  
[  4]  67.00-68.00  sec  90.9 MBytes   762 Mbits/sec  11632  
[  4]  68.00-69.00  sec  92.1 MBytes   773 Mbits/sec  11791  
[  4]  69.00-70.00  sec  91.2 MBytes   765 Mbits/sec  11672  
[  4]  70.00-71.00  sec  90.9 MBytes   762 Mbits/sec  11631  
[  4]  71.00-72.00  sec  91.0 MBytes   763 Mbits/sec  11646  
[  4]  72.00-73.00  sec  91.3 MBytes   766 Mbits/sec  11682  
[  4]  73.00-74.00  sec  91.7 MBytes   770 Mbits/sec  11742  
[  4]  74.00-75.00  sec  90.9 MBytes   762 Mbits/sec  11632  
[  4]  75.00-76.00  sec  91.2 MBytes   765 Mbits/sec  11672  
[  4]  76.00-77.00  sec  90.9 MBytes   762 Mbits/sec  11632  
[  4]  77.00-78.00  sec  91.1 MBytes   764 Mbits/sec  11664  
[  4]  78.00-79.00  sec  90.5 MBytes   759 Mbits/sec  11589  
[  4]  79.00-80.00  sec  90.7 MBytes   761 Mbits/sec  11608  
[  4]  80.00-81.00  sec  90.8 MBytes   762 Mbits/sec  11624  
[  4]  81.00-82.00  sec  91.2 MBytes   765 Mbits/sec  11671  
[  4]  82.00-83.00  sec  90.1 MBytes   756 Mbits/sec  11537  
[  4]  83.00-84.00  sec  89.9 MBytes   754 Mbits/sec  11508  
[  4]  84.00-85.00  sec  89.1 MBytes   748 Mbits/sec  11411  
[  4]  85.00-86.00  sec  90.4 MBytes   758 Mbits/sec  11568  
[  4]  86.00-87.00  sec  88.9 MBytes   746 Mbits/sec  11384  
[  4]  87.00-88.00  sec  89.8 MBytes   753 Mbits/sec  11496  
[  4]  88.00-89.00  sec  90.6 MBytes   760 Mbits/sec  11592  
[  4]  89.00-90.00  sec  90.2 MBytes   757 Mbits/sec  11546  
[  4]  90.00-91.00  sec  88.9 MBytes   745 Mbits/sec  11373  
[  4]  91.00-92.00  sec  90.4 MBytes   759 Mbits/sec  11576  
[  4]  92.00-93.00  sec  90.6 MBytes   760 Mbits/sec  11600  
[  4]  93.00-94.00  sec  91.8 MBytes   770 Mbits/sec  11747  
[  4]  94.00-95.00  sec  90.8 MBytes   762 Mbits/sec  11624  
[  4]  95.00-96.00  sec  91.2 MBytes   765 Mbits/sec  11673  
[  4]  96.00-97.00  sec  91.1 MBytes   764 Mbits/sec  11655  
[  4]  97.00-98.00  sec  90.5 MBytes   759 Mbits/sec  11584  
[  4]  98.00-99.00  sec  90.6 MBytes   760 Mbits/sec  11591  
[  4]  99.00-100.00 sec  90.9 MBytes   762 Mbits/sec  11634  
- - - - - - - - - - - - - - - - - - - - - - - - -
[ ID] Interval           Transfer     Bandwidth       Jitter    Lost/Total Datagrams
[  4]   0.00-100.00 sec  8.85 GBytes   760 Mbits/sec  0.102 ms  42/1160192 (0.0036%)  
[  4] Sent 1160192 datagrams

Server output:
Accepted connection from 10.0.10.1, port 56294
[  5] local 1.0.0.1 port 5201 connected to 10.0.10.1 port 44026
[ ID] Interval           Transfer     Bandwidth       Jitter    Lost/Total Datagrams
[  5]   0.00-1.00   sec  78.9 MBytes   662 Mbits/sec  0.095 ms  0/10105 (0%)  
[  5]   1.00-2.00   sec  92.1 MBytes   772 Mbits/sec  0.100 ms  0/11784 (0%)  
[  5]   2.00-3.00   sec  90.9 MBytes   763 Mbits/sec  0.110 ms  0/11641 (0%)  
[  5]   3.00-4.00   sec  91.5 MBytes   767 Mbits/sec  0.108 ms  0/11708 (0%)  
[  5]   4.00-5.00   sec  89.2 MBytes   748 Mbits/sec  0.115 ms  0/11413 (0%)  
[  5]   5.00-6.00   sec  88.8 MBytes   745 Mbits/sec  0.101 ms  0/11363 (0%)  
[  5]   6.00-7.00   sec  92.2 MBytes   774 Mbits/sec  0.115 ms  0/11807 (0%)  
[  5]   7.00-8.00   sec  92.8 MBytes   778 Mbits/sec  0.103 ms  0/11878 (0%)  
[  5]   8.00-9.00   sec  91.2 MBytes   765 Mbits/sec  0.126 ms  0/11676 (0%)  
[  5]   9.00-10.00  sec  92.1 MBytes   773 Mbits/sec  0.105 ms  0/11792 (0%)  
[  5]  10.00-11.00  sec  92.7 MBytes   778 Mbits/sec  0.105 ms  0/11867 (0%)  
[  5]  11.00-12.00  sec  92.4 MBytes   775 Mbits/sec  0.127 ms  0/11827 (0%)  
[  5]  12.00-13.00  sec  92.0 MBytes   772 Mbits/sec  0.101 ms  0/11780 (0%)  
[  5]  13.00-14.00  sec  90.6 MBytes   760 Mbits/sec  0.106 ms  0/11595 (0%)  
[  5]  14.00-15.00  sec  91.1 MBytes   764 Mbits/sec  0.099 ms  0/11662 (0%)  
[  5]  15.00-16.00  sec  89.5 MBytes   751 Mbits/sec  0.110 ms  0/11455 (0%)  
[  5]  16.00-17.00  sec  91.1 MBytes   764 Mbits/sec  0.108 ms  0/11656 (0%)  
[  5]  17.00-18.00  sec  90.8 MBytes   762 Mbits/sec  0.105 ms  0/11625 (0%)  
[  5]  18.00-19.00  sec  90.4 MBytes   758 Mbits/sec  0.102 ms  42/11610 (0.36%)  
[  5]  19.00-20.00  sec  89.1 MBytes   748 Mbits/sec  0.122 ms  0/11409 (0%)  
[  5]  20.00-21.00  sec  89.9 MBytes   754 Mbits/sec  0.095 ms  0/11510 (0%)  
[  5]  21.00-22.00  sec  91.0 MBytes   764 Mbits/sec  0.095 ms  0/11653 (0%)  
[  5]  22.00-23.00  sec  91.6 MBytes   768 Mbits/sec  0.093 ms  0/11719 (0%)  
[  5]  23.00-24.00  sec  89.0 MBytes   747 Mbits/sec  0.118 ms  0/11398 (0%)  
[  5]  24.00-25.00  sec  89.9 MBytes   754 Mbits/sec  0.115 ms  0/11512 (0%)  
[  5]  25.00-26.00  sec  90.1 MBytes   756 Mbits/sec  0.106 ms  0/11533 (0%)  
[  5]  26.00-27.00  sec  90.0 MBytes   755 Mbits/sec  0.109 ms  0/11518 (0%)  
[  5]  27.00-28.00  sec  90.0 MBytes   755 Mbits/sec  0.117 ms  0/11519 (0%)  
[  5]  28.00-29.00  sec  90.6 MBytes   760 Mbits/sec  0.108 ms  0/11594 (0%)  
[  5]  29.00-30.00  sec  91.1 MBytes   764 Mbits/sec  0.108 ms  0/11665 (0%)  
[  5]  30.00-31.00  sec  90.7 MBytes   761 Mbits/sec  0.121 ms  0/11609 (0%)  
[  5]  31.00-32.00  sec  90.4 MBytes   758 Mbits/sec  0.100 ms  0/11573 (0%)  
[  5]  32.00-33.00  sec  89.7 MBytes   752 Mbits/sec  0.131 ms  0/11481 (0%)  
[  5]  33.00-34.00  sec  90.8 MBytes   761 Mbits/sec  0.124 ms  0/11617 (0%)  
[  5]  34.00-35.00  sec  89.4 MBytes   750 Mbits/sec  0.106 ms  0/11439 (0%)  
[  5]  35.00-36.00  sec  89.4 MBytes   750 Mbits/sec  0.121 ms  0/11438 (0%)  
[  5]  36.00-37.00  sec  91.0 MBytes   763 Mbits/sec  0.105 ms  0/11648 (0%)  
[  5]  37.00-38.00  sec  92.2 MBytes   773 Mbits/sec  0.123 ms  0/11801 (0%)  
[  5]  38.00-39.00  sec  91.8 MBytes   770 Mbits/sec  0.114 ms  0/11747 (0%)  
[  5]  39.00-40.00  sec  90.5 MBytes   759 Mbits/sec  0.114 ms  0/11579 (0%)  
[  5]  40.00-41.00  sec  90.1 MBytes   755 Mbits/sec  0.122 ms  0/11527 (0%)  
[  5]  41.00-42.00  sec  91.4 MBytes   766 Mbits/sec  0.105 ms  0/11695 (0%)  
[  5]  42.00-43.00  sec  92.1 MBytes   772 Mbits/sec  0.106 ms  0/11786 (0%)  
[  5]  43.00-44.00  sec  88.9 MBytes   745 Mbits/sec  0.121 ms  0/11375 (0%)  
[  5]  44.00-45.00  sec  89.0 MBytes   746 Mbits/sec  0.115 ms  0/11391 (0%)  
[  5]  45.00-46.00  sec  91.1 MBytes   764 Mbits/sec  0.127 ms  0/11656 (0%)  
[  5]  46.00-47.00  sec  92.5 MBytes   776 Mbits/sec  0.099 ms  0/11846 (0%)  
[  5]  47.00-48.00  sec  90.8 MBytes   761 Mbits/sec  0.098 ms  0/11616 (0%)  
[  5]  48.00-49.00  sec  90.5 MBytes   759 Mbits/sec  0.114 ms  0/11589 (0%)  
[  5]  49.00-50.00  sec  92.0 MBytes   772 Mbits/sec  0.100 ms  0/11779 (0%)  
[  5]  50.00-51.00  sec  90.9 MBytes   763 Mbits/sec  0.102 ms  0/11640 (0%)  
[  5]  51.00-52.00  sec  91.1 MBytes   764 Mbits/sec  0.126 ms  0/11665 (0%)  
[  5]  52.00-53.00  sec  90.2 MBytes   757 Mbits/sec  0.124 ms  0/11544 (0%)  
[  5]  53.00-54.00  sec  90.6 MBytes   760 Mbits/sec  0.098 ms  0/11591 (0%)  
[  5]  54.00-55.00  sec  90.8 MBytes   762 Mbits/sec  0.100 ms  0/11624 (0%)  
[  5]  55.00-56.00  sec  90.3 MBytes   757 Mbits/sec  0.108 ms  0/11557 (0%)  
[  5]  56.00-57.00  sec  90.3 MBytes   758 Mbits/sec  0.122 ms  0/11564 (0%)  
[  5]  57.00-58.00  sec  90.5 MBytes   759 Mbits/sec  0.102 ms  0/11583 (0%)  
[  5]  58.00-59.00  sec  90.8 MBytes   762 Mbits/sec  0.108 ms  0/11627 (0%)  
[  5]  59.00-60.00  sec  90.6 MBytes   760 Mbits/sec  0.105 ms  0/11595 (0%)  
[  5]  60.00-61.00  sec  89.1 MBytes   747 Mbits/sec  0.082 ms  0/11401 (0%)  
[  5]  61.00-62.00  sec  90.9 MBytes   762 Mbits/sec  0.110 ms  0/11633 (0%)  
[  5]  62.00-63.00  sec  90.8 MBytes   762 Mbits/sec  0.106 ms  0/11621 (0%)  
[  5]  63.00-64.00  sec  90.9 MBytes   762 Mbits/sec  0.089 ms  0/11631 (0%)  
[  5]  64.00-65.00  sec  91.4 MBytes   767 Mbits/sec  0.109 ms  0/11702 (0%)  
[  5]  65.00-66.00  sec  91.0 MBytes   763 Mbits/sec  0.103 ms  0/11650 (0%)  
[  5]  66.00-67.00  sec  90.8 MBytes   762 Mbits/sec  0.111 ms  0/11624 (0%)  
[  5]  67.00-68.00  sec  90.8 MBytes   762 Mbits/sec  0.113 ms  0/11628 (0%)  
[  5]  68.00-69.00  sec  92.1 MBytes   773 Mbits/sec  0.111 ms  0/11794 (0%)  
[  5]  69.00-70.00  sec  91.2 MBytes   765 Mbits/sec  0.105 ms  0/11672 (0%)  
[  5]  70.00-71.00  sec  90.9 MBytes   763 Mbits/sec  0.105 ms  0/11638 (0%)  
[  5]  71.00-72.00  sec  90.8 MBytes   762 Mbits/sec  0.115 ms  0/11628 (0%)  
[  5]  72.00-73.00  sec  91.2 MBytes   765 Mbits/sec  0.111 ms  0/11680 (0%)  
[  5]  73.00-74.00  sec  91.8 MBytes   770 Mbits/sec  0.112 ms  0/11752 (0%)  
[  5]  74.00-75.00  sec  90.9 MBytes   762 Mbits/sec  0.121 ms  0/11630 (0%)  
[  5]  75.00-76.00  sec  91.2 MBytes   765 Mbits/sec  0.125 ms  0/11673 (0%)  
[  5]  76.00-77.00  sec  90.9 MBytes   762 Mbits/sec  0.110 ms  0/11631 (0%)  
[  5]  77.00-78.00  sec  91.2 MBytes   765 Mbits/sec  0.088 ms  0/11669 (0%)  
[  5]  78.00-79.00  sec  90.6 MBytes   760 Mbits/sec  0.120 ms  0/11594 (0%)  
[  5]  79.00-80.00  sec  90.6 MBytes   760 Mbits/sec  0.097 ms  0/11601 (0%)  
[  5]  80.00-81.00  sec  90.8 MBytes   762 Mbits/sec  0.107 ms  0/11624 (0%)  
[  5]  81.00-82.00  sec  91.2 MBytes   765 Mbits/sec  0.119 ms  0/11669 (0%)  
[  5]  82.00-83.00  sec  90.2 MBytes   757 Mbits/sec  0.109 ms  0/11548 (0%)  
[  5]  83.00-84.00  sec  89.9 MBytes   754 Mbits/sec  0.104 ms  0/11507 (0%)  
[  5]  84.00-85.00  sec  89.1 MBytes   748 Mbits/sec  0.117 ms  0/11406 (0%)  
[  5]  85.00-86.00  sec  90.4 MBytes   758 Mbits/sec  0.101 ms  0/11573 (0%)  
[  5]  86.00-87.00  sec  89.0 MBytes   746 Mbits/sec  0.103 ms  0/11386 (0%)  
[  5]  87.00-88.00  sec  89.7 MBytes   753 Mbits/sec  0.105 ms  0/11486 (0%)  
[  5]  88.00-89.00  sec  90.6 MBytes   760 Mbits/sec  0.101 ms  0/11593 (0%)  
[  5]  89.00-90.00  sec  90.3 MBytes   757 Mbits/sec  0.105 ms  0/11553 (0%)  
[  5]  90.00-91.00  sec  88.8 MBytes   745 Mbits/sec  0.116 ms  0/11370 (0%)  
[  5]  91.00-92.00  sec  90.4 MBytes   758 Mbits/sec  0.117 ms  0/11567 (0%)  
[  5]  92.00-93.00  sec  90.7 MBytes   761 Mbits/sec  0.113 ms  0/11607 (0%)  
[  5]  93.00-94.00  sec  91.7 MBytes   769 Mbits/sec  0.132 ms  0/11741 (0%)  
[  5]  94.00-95.00  sec  90.8 MBytes   762 Mbits/sec  0.124 ms  0/11628 (0%)  
[  5]  95.00-96.00  sec  91.2 MBytes   765 Mbits/sec  0.101 ms  0/11673 (0%)  
[  5]  96.00-97.00  sec  91.0 MBytes   764 Mbits/sec  0.117 ms  0/11652 (0%)  
[  5]  97.00-98.00  sec  90.5 MBytes   759 Mbits/sec  0.103 ms  0/11586 (0%)  
[  5]  98.00-99.00  sec  90.5 MBytes   759 Mbits/sec  0.115 ms  0/11582 (0%)  
[  5]  99.00-100.00 sec  90.9 MBytes   763 Mbits/sec  0.111 ms  0/11636 (0%)  


iperf Done.
