Connecting to host 1.2.2.1, port 5201
[  4] local 10.0.10.1 port 46169 connected to 1.2.2.1 port 5201
[ ID] Interval           Transfer     Bandwidth       Total Datagrams
[  4]   0.00-1.00   sec  32.3 MBytes   271 Mbits/sec  4136  
[  4]   1.00-2.00   sec  35.8 MBytes   300 Mbits/sec  4580  
[  4]   2.00-3.00   sec  35.8 MBytes   301 Mbits/sec  4588  
[  4]   3.00-4.00   sec  35.8 MBytes   300 Mbits/sec  4578  
[  4]   4.00-5.00   sec  35.8 MBytes   300 Mbits/sec  4578  
[  4]   5.00-6.00   sec  35.7 MBytes   300 Mbits/sec  4570  
[  4]   6.00-7.00   sec  35.7 MBytes   300 Mbits/sec  4572  
[  4]   7.00-8.00   sec  35.9 MBytes   301 Mbits/sec  4591  
[  4]   8.00-9.00   sec  35.8 MBytes   300 Mbits/sec  4577  
[  4]   9.00-10.00  sec  35.8 MBytes   300 Mbits/sec  4578  
[  4]  10.00-11.00  sec  35.8 MBytes   300 Mbits/sec  4576  
[  4]  11.00-12.00  sec  35.7 MBytes   299 Mbits/sec  4567  
[  4]  12.00-13.00  sec  36.0 MBytes   302 Mbits/sec  4603  
[  4]  13.00-14.00  sec  36.0 MBytes   302 Mbits/sec  4604  
[  4]  14.00-15.00  sec  35.4 MBytes   297 Mbits/sec  4535  
[  4]  15.00-16.00  sec  35.8 MBytes   300 Mbits/sec  4583  
[  4]  16.00-17.00  sec  35.7 MBytes   300 Mbits/sec  4572  
[  4]  17.00-18.00  sec  35.9 MBytes   301 Mbits/sec  4595  
[  4]  18.00-19.00  sec  35.7 MBytes   299 Mbits/sec  4566  
[  4]  19.00-20.00  sec  35.7 MBytes   300 Mbits/sec  4575  
[  4]  20.00-21.00  sec  35.7 MBytes   299 Mbits/sec  4565  
[  4]  21.00-22.00  sec  35.8 MBytes   301 Mbits/sec  4588  
[  4]  22.00-23.00  sec  35.9 MBytes   301 Mbits/sec  4598  
[  4]  23.00-24.00  sec  35.6 MBytes   299 Mbits/sec  4561  
[  4]  24.00-25.00  sec  35.7 MBytes   299 Mbits/sec  4568  
[  4]  25.00-26.00  sec  35.8 MBytes   301 Mbits/sec  4586  
[  4]  26.00-27.00  sec  35.7 MBytes   299 Mbits/sec  4564  
[  4]  27.00-28.00  sec  35.8 MBytes   301 Mbits/sec  4588  
[  4]  28.00-29.00  sec  35.8 MBytes   300 Mbits/sec  4580  
[  4]  29.00-30.00  sec  35.8 MBytes   300 Mbits/sec  4578  
[  4]  30.00-31.00  sec  35.7 MBytes   299 Mbits/sec  4565  
[  4]  31.00-32.00  sec  35.9 MBytes   301 Mbits/sec  4598  
[  4]  32.00-33.00  sec  35.7 MBytes   300 Mbits/sec  4572  
[  4]  33.00-34.00  sec  35.7 MBytes   299 Mbits/sec  4568  
[  4]  34.00-35.00  sec  35.9 MBytes   301 Mbits/sec  4599  
[  4]  35.00-36.00  sec  35.6 MBytes   299 Mbits/sec  4563  
[  4]  36.00-37.00  sec  35.7 MBytes   299 Mbits/sec  4566  
[  4]  37.00-38.00  sec  35.9 MBytes   301 Mbits/sec  4590  
[  4]  38.00-39.00  sec  35.7 MBytes   299 Mbits/sec  4565  
[  4]  39.00-40.00  sec  35.9 MBytes   301 Mbits/sec  4589  
[  4]  40.00-41.00  sec  35.8 MBytes   300 Mbits/sec  4580  
[  4]  41.00-42.00  sec  35.7 MBytes   299 Mbits/sec  4566  
[  4]  42.00-43.00  sec  35.9 MBytes   301 Mbits/sec  4597  
[  4]  43.00-44.00  sec  35.6 MBytes   299 Mbits/sec  4561  
[  4]  44.00-45.00  sec  35.8 MBytes   300 Mbits/sec  4579  
[  4]  45.00-46.00  sec  35.9 MBytes   301 Mbits/sec  4589  
[  4]  46.00-47.00  sec  35.7 MBytes   299 Mbits/sec  4568  
[  4]  47.00-48.00  sec  35.8 MBytes   300 Mbits/sec  4583  
[  4]  48.00-49.00  sec  35.8 MBytes   300 Mbits/sec  4576  
[  4]  49.00-50.00  sec  35.7 MBytes   299 Mbits/sec  4566  
[  4]  50.00-51.00  sec  35.8 MBytes   300 Mbits/sec  4581  
[  4]  51.00-52.00  sec  35.8 MBytes   300 Mbits/sec  4582  
[  4]  52.00-53.00  sec  36.0 MBytes   302 Mbits/sec  4607  
[  4]  53.00-54.00  sec  35.7 MBytes   299 Mbits/sec  4568  
[  4]  54.00-55.00  sec  35.8 MBytes   300 Mbits/sec  4577  
[  4]  55.00-56.00  sec  35.7 MBytes   299 Mbits/sec  4565  
[  4]  56.00-57.00  sec  35.8 MBytes   300 Mbits/sec  4578  
[  4]  57.00-58.00  sec  35.8 MBytes   300 Mbits/sec  4578  
[  4]  58.00-59.00  sec  35.7 MBytes   299 Mbits/sec  4565  
[  4]  59.00-60.00  sec  35.8 MBytes   300 Mbits/sec  4577  
[  4]  60.00-61.00  sec  35.8 MBytes   301 Mbits/sec  4586  
[  4]  61.00-62.00  sec  35.8 MBytes   300 Mbits/sec  4580  
[  4]  62.00-63.00  sec  35.8 MBytes   301 Mbits/sec  4586  
[  4]  63.00-64.00  sec  35.8 MBytes   300 Mbits/sec  4579  
[  4]  64.00-65.00  sec  35.7 MBytes   299 Mbits/sec  4564  
[  4]  65.00-66.00  sec  35.9 MBytes   301 Mbits/sec  4596  
[  4]  66.00-67.00  sec  35.7 MBytes   300 Mbits/sec  4571  
[  4]  67.00-68.00  sec  35.6 MBytes   299 Mbits/sec  4559  
[  4]  68.00-69.00  sec  35.8 MBytes   300 Mbits/sec  4576  
[  4]  69.00-70.00  sec  35.9 MBytes   301 Mbits/sec  4590  
[  4]  70.00-71.00  sec  35.7 MBytes   299 Mbits/sec  4565  
[  4]  71.00-72.00  sec  35.8 MBytes   301 Mbits/sec  4586  
[  4]  72.00-73.00  sec  35.7 MBytes   300 Mbits/sec  4575  
[  4]  73.00-74.00  sec  36.1 MBytes   303 Mbits/sec  4616  
[  4]  74.00-75.00  sec  35.6 MBytes   299 Mbits/sec  4559  
[  4]  75.00-76.00  sec  35.7 MBytes   299 Mbits/sec  4565  
[  4]  76.00-77.00  sec  35.7 MBytes   299 Mbits/sec  4567  
[  4]  77.00-78.00  sec  35.9 MBytes   301 Mbits/sec  4592  
[  4]  78.00-79.00  sec  35.7 MBytes   300 Mbits/sec  4573  
[  4]  79.00-80.00  sec  35.8 MBytes   300 Mbits/sec  4579  
[  4]  80.00-81.00  sec  35.7 MBytes   299 Mbits/sec  4564  
[  4]  81.00-82.00  sec  35.8 MBytes   300 Mbits/sec  4578  
[  4]  82.00-83.00  sec  35.8 MBytes   300 Mbits/sec  4579  
[  4]  83.00-84.00  sec  36.0 MBytes   302 Mbits/sec  4606  
[  4]  84.00-85.00  sec  35.5 MBytes   298 Mbits/sec  4549  
[  4]  85.00-86.00  sec  35.9 MBytes   301 Mbits/sec  4599  
[  4]  86.00-87.00  sec  35.6 MBytes   299 Mbits/sec  4555  
[  4]  87.00-88.00  sec  35.9 MBytes   301 Mbits/sec  4590  
[  4]  88.00-89.00  sec  35.7 MBytes   299 Mbits/sec  4567  
[  4]  89.00-90.00  sec  35.9 MBytes   301 Mbits/sec  4595  
[  4]  90.00-91.00  sec  35.7 MBytes   300 Mbits/sec  4573  
[  4]  91.00-92.00  sec  35.7 MBytes   299 Mbits/sec  4564  
[  4]  92.00-93.00  sec  36.0 MBytes   302 Mbits/sec  4602  
[  4]  93.00-94.00  sec  35.6 MBytes   299 Mbits/sec  4559  
[  4]  94.00-95.00  sec  35.9 MBytes   301 Mbits/sec  4596  
[  4]  95.00-96.00  sec  35.6 MBytes   299 Mbits/sec  4559  
[  4]  96.00-97.00  sec  35.8 MBytes   300 Mbits/sec  4582  
[  4]  97.00-98.00  sec  35.8 MBytes   300 Mbits/sec  4579  
[  4]  98.00-99.00  sec  35.7 MBytes   299 Mbits/sec  4564  
[  4]  99.00-100.00 sec  35.8 MBytes   300 Mbits/sec  4579  
- - - - - - - - - - - - - - - - - - - - - - - - -
[ ID] Interval           Transfer     Bandwidth       Jitter    Lost/Total Datagrams
[  4]   0.00-100.00 sec  3.49 GBytes   300 Mbits/sec  0.063 ms  443038/451094 (98%)  
[  4] Sent 451094 datagrams

Server output:
Accepted connection from 10.0.10.1, port 34116
[  5] local 1.2.2.1 port 5201 connected to 10.0.10.1 port 46169
[ ID] Interval           Transfer     Bandwidth       Jitter    Lost/Total Datagrams
[  5]   0.00-1.00   sec  11.3 MBytes  95.1 Mbits/sec  0.071 ms  1091/2543 (43%)  
[  5]   1.00-2.00   sec  0.00 Bytes  0.00 bits/sec  0.071 ms  0/0 (-nan%)  
[  5]   2.00-3.00   sec  0.00 Bytes  0.00 bits/sec  0.071 ms  0/0 (-nan%)  
[  5]   3.00-4.00   sec  0.00 Bytes  0.00 bits/sec  0.071 ms  0/0 (-nan%)  
[  5]   4.00-5.00   sec  0.00 Bytes  0.00 bits/sec  0.071 ms  0/0 (-nan%)  
[  5]   5.00-6.00   sec  0.00 Bytes  0.00 bits/sec  0.071 ms  0/0 (-nan%)  
[  5]   6.00-7.00   sec  0.00 Bytes  0.00 bits/sec  0.071 ms  0/0 (-nan%)  
[  5]   7.00-8.00   sec  0.00 Bytes  0.00 bits/sec  0.071 ms  0/0 (-nan%)  
[  5]   8.00-9.00   sec  0.00 Bytes  0.00 bits/sec  0.071 ms  0/0 (-nan%)  
[  5]   9.00-10.00  sec  0.00 Bytes  0.00 bits/sec  0.071 ms  0/0 (-nan%)  
[  5]  10.00-11.00  sec  0.00 Bytes  0.00 bits/sec  0.071 ms  0/0 (-nan%)  
[  5]  11.00-12.00  sec  0.00 Bytes  0.00 bits/sec  0.071 ms  0/0 (-nan%)  
[  5]  12.00-13.00  sec  0.00 Bytes  0.00 bits/sec  0.071 ms  0/0 (-nan%)  
[  5]  13.00-14.00  sec  0.00 Bytes  0.00 bits/sec  0.071 ms  0/0 (-nan%)  
[  5]  14.00-15.00  sec  0.00 Bytes  0.00 bits/sec  0.071 ms  0/0 (-nan%)  
[  5]  15.00-16.00  sec  0.00 Bytes  0.00 bits/sec  0.071 ms  0/0 (-nan%)  
[  5]  16.00-17.00  sec  0.00 Bytes  0.00 bits/sec  0.071 ms  0/0 (-nan%)  
[  5]  17.00-18.00  sec  0.00 Bytes  0.00 bits/sec  0.071 ms  0/0 (-nan%)  
[  5]  18.00-19.00  sec  0.00 Bytes  0.00 bits/sec  0.071 ms  0/0 (-nan%)  
[  5]  19.00-20.00  sec  0.00 Bytes  0.00 bits/sec  0.071 ms  0/0 (-nan%)  
[  5]  20.00-21.00  sec  0.00 Bytes  0.00 bits/sec  0.071 ms  0/0 (-nan%)  
[  5]  21.00-22.00  sec  0.00 Bytes  0.00 bits/sec  0.071 ms  0/0 (-nan%)  
[  5]  22.00-23.00  sec  0.00 Bytes  0.00 bits/sec  0.071 ms  0/0 (-nan%)  
[  5]  23.00-24.00  sec  0.00 Bytes  0.00 bits/sec  0.071 ms  0/0 (-nan%)  
[  5]  24.00-25.00  sec  0.00 Bytes  0.00 bits/sec  0.071 ms  0/0 (-nan%)  
[  5]  25.00-26.00  sec  0.00 Bytes  0.00 bits/sec  0.071 ms  0/0 (-nan%)  
[  5]  26.00-27.00  sec  0.00 Bytes  0.00 bits/sec  0.071 ms  0/0 (-nan%)  
[  5]  27.00-28.00  sec  0.00 Bytes  0.00 bits/sec  0.071 ms  0/0 (-nan%)  
[  5]  28.00-29.00  sec  8.78 MBytes  73.7 Mbits/sec  0.064 ms  127078/128202 (99%)  
[  5]  29.00-30.00  sec  0.00 Bytes  0.00 bits/sec  0.064 ms  0/0 (-nan%)  
[  5]  30.00-31.00  sec  1.70 MBytes  14.2 Mbits/sec  0.091 ms  8527/8744 (98%)  
[  5]  31.00-32.00  sec  0.00 Bytes  0.00 bits/sec  0.091 ms  0/0 (-nan%)  
[  5]  32.00-33.00  sec  1.64 MBytes  13.8 Mbits/sec  0.069 ms  8898/9108 (98%)  
[  5]  33.00-34.00  sec  0.00 Bytes  0.00 bits/sec  0.069 ms  0/0 (-nan%)  
[  5]  34.00-35.00  sec  0.00 Bytes  0.00 bits/sec  0.069 ms  0/0 (-nan%)  
[  5]  35.00-36.00  sec  0.00 Bytes  0.00 bits/sec  0.069 ms  0/0 (-nan%)  
[  5]  36.00-37.00  sec  0.00 Bytes  0.00 bits/sec  0.069 ms  0/0 (-nan%)  
[  5]  37.00-38.00  sec  0.00 Bytes  0.00 bits/sec  0.069 ms  0/0 (-nan%)  
[  5]  38.00-39.00  sec  0.00 Bytes  0.00 bits/sec  0.069 ms  0/0 (-nan%)  
[  5]  39.00-40.00  sec  0.00 Bytes  0.00 bits/sec  0.069 ms  0/0 (-nan%)  
[  5]  40.00-41.00  sec  0.00 Bytes  0.00 bits/sec  0.069 ms  0/0 (-nan%)  
[  5]  41.00-42.00  sec  0.00 Bytes  0.00 bits/sec  0.069 ms  0/0 (-nan%)  
[  5]  42.00-43.00  sec  9.25 MBytes  77.6 Mbits/sec  0.061 ms  45008/46192 (97%)  
[  5]  43.00-44.00  sec  0.00 Bytes  0.00 bits/sec  0.061 ms  0/0 (-nan%)  
[  5]  44.00-45.00  sec  0.00 Bytes  0.00 bits/sec  0.061 ms  0/0 (-nan%)  
[  5]  45.00-46.00  sec  0.00 Bytes  0.00 bits/sec  0.061 ms  0/0 (-nan%)  
[  5]  46.00-47.00  sec  1.05 MBytes  8.85 Mbits/sec  0.065 ms  17710/17845 (99%)  
[  5]  47.00-48.00  sec  0.00 Bytes  0.00 bits/sec  0.065 ms  0/0 (-nan%)  
[  5]  48.00-49.00  sec  0.00 Bytes  0.00 bits/sec  0.065 ms  0/0 (-nan%)  
[  5]  49.00-50.00  sec  0.00 Bytes  0.00 bits/sec  0.065 ms  0/0 (-nan%)  
[  5]  50.00-51.00  sec  0.00 Bytes  0.00 bits/sec  0.065 ms  0/0 (-nan%)  
[  5]  51.00-52.00  sec  0.00 Bytes  0.00 bits/sec  0.065 ms  0/0 (-nan%)  
[  5]  52.00-53.00  sec  0.00 Bytes  0.00 bits/sec  0.065 ms  0/0 (-nan%)  
[  5]  53.00-54.00  sec  0.00 Bytes  0.00 bits/sec  0.065 ms  0/0 (-nan%)  
[  5]  54.00-55.00  sec  0.00 Bytes  0.00 bits/sec  0.065 ms  0/0 (-nan%)  
[  5]  55.00-56.00  sec  0.00 Bytes  0.00 bits/sec  0.065 ms  0/0 (-nan%)  
[  5]  56.00-57.00  sec  5.84 MBytes  49.0 Mbits/sec  0.066 ms  45526/46273 (98%)  
[  5]  57.00-58.00  sec  0.00 Bytes  0.00 bits/sec  0.066 ms  0/0 (-nan%)  
[  5]  58.00-59.00  sec  1.99 MBytes  16.7 Mbits/sec  0.079 ms  8512/8767 (97%)  
[  5]  59.00-60.00  sec  1.18 MBytes  9.89 Mbits/sec  0.069 ms  2505/2656 (94%)  
[  5]  60.00-61.00  sec   784 KBytes  6.43 Mbits/sec  0.067 ms  6352/6450 (98%)  
[  5]  61.00-62.00  sec  1.57 MBytes  13.2 Mbits/sec  0.066 ms  2935/3136 (94%)  
[  5]  62.00-63.00  sec  0.00 Bytes  0.00 bits/sec  0.066 ms  0/0 (-nan%)  
[  5]  63.00-64.00  sec  0.00 Bytes  0.00 bits/sec  0.066 ms  0/0 (-nan%)  
[  5]  64.00-65.00  sec  0.00 Bytes  0.00 bits/sec  0.066 ms  0/0 (-nan%)  
[  5]  65.00-66.00  sec  0.00 Bytes  0.00 bits/sec  0.066 ms  0/0 (-nan%)  
[  5]  66.00-67.00  sec  0.00 Bytes  0.00 bits/sec  0.066 ms  0/0 (-nan%)  
[  5]  67.00-68.00  sec  0.00 Bytes  0.00 bits/sec  0.066 ms  0/0 (-nan%)  
[  5]  68.00-69.00  sec  0.00 Bytes  0.00 bits/sec  0.066 ms  0/0 (-nan%)  
[  5]  69.00-70.00  sec  0.00 Bytes  0.00 bits/sec  0.066 ms  0/0 (-nan%)  
[  5]  70.00-71.00  sec  5.98 MBytes  50.2 Mbits/sec  0.091 ms  42225/42990 (98%)  
[  5]  71.00-72.00  sec  0.00 Bytes  0.00 bits/sec  0.091 ms  0/0 (-nan%)  
[  5]  72.00-73.00  sec   784 KBytes  6.43 Mbits/sec  0.081 ms  8689/8787 (99%)  
[  5]  73.00-74.00  sec  0.00 Bytes  0.00 bits/sec  0.081 ms  0/0 (-nan%)  
[  5]  74.00-75.00  sec  0.00 Bytes  0.00 bits/sec  0.081 ms  0/0 (-nan%)  
[  5]  75.00-76.00  sec  0.00 Bytes  0.00 bits/sec  0.081 ms  0/0 (-nan%)  
[  5]  76.00-77.00  sec  0.00 Bytes  0.00 bits/sec  0.081 ms  0/0 (-nan%)  
[  5]  77.00-78.00  sec  0.00 Bytes  0.00 bits/sec  0.081 ms  0/0 (-nan%)  
[  5]  78.00-79.00  sec  0.00 Bytes  0.00 bits/sec  0.081 ms  0/0 (-nan%)  
[  5]  79.00-80.00  sec  0.00 Bytes  0.00 bits/sec  0.081 ms  0/0 (-nan%)  
[  5]  80.00-81.00  sec  0.00 Bytes  0.00 bits/sec  0.081 ms  0/0 (-nan%)  
[  5]  81.00-82.00  sec  0.00 Bytes  0.00 bits/sec  0.081 ms  0/0 (-nan%)  
[  5]  82.00-83.00  sec  0.00 Bytes  0.00 bits/sec  0.081 ms  0/0 (-nan%)  
[  5]  83.00-84.00  sec  0.00 Bytes  0.00 bits/sec  0.081 ms  0/0 (-nan%)  
[  5]  84.00-85.00  sec  0.00 Bytes  0.00 bits/sec  0.081 ms  0/0 (-nan%)  
[  5]  85.00-86.00  sec  0.00 Bytes  0.00 bits/sec  0.081 ms  0/0 (-nan%)  
[  5]  86.00-87.00  sec  8.00 KBytes  65.6 Kbits/sec  0.346 ms  63970/63971 (1e+02%)  
[  5]  87.00-88.00  sec  3.10 MBytes  26.0 Mbits/sec  0.082 ms  5764/6161 (94%)  
[  5]  88.00-89.00  sec  1.23 MBytes  10.3 Mbits/sec  0.069 ms  2934/3091 (95%)  
[  5]  89.00-90.00  sec  8.00 KBytes  65.5 Kbits/sec  0.705 ms  3000/3001 (1e+02%)  
[  5]  90.00-91.00  sec  0.00 Bytes  0.00 bits/sec  0.705 ms  0/0 (-nan%)  
[  5]  91.00-92.00  sec  1.30 MBytes  10.9 Mbits/sec  0.062 ms  12326/12492 (99%)  
[  5]  92.00-93.00  sec  0.00 Bytes  0.00 bits/sec  0.062 ms  0/0 (-nan%)  
[  5]  93.00-94.00  sec  0.00 Bytes  0.00 bits/sec  0.062 ms  0/0 (-nan%)  
[  5]  94.00-95.00  sec  0.00 Bytes  0.00 bits/sec  0.062 ms  0/0 (-nan%)  
[  5]  95.00-96.00  sec  0.00 Bytes  0.00 bits/sec  0.062 ms  0/0 (-nan%)  
[  5]  96.00-97.00  sec  0.00 Bytes  0.00 bits/sec  0.062 ms  0/0 (-nan%)  
[  5]  97.00-98.00  sec  0.00 Bytes  0.00 bits/sec  0.062 ms  0/0 (-nan%)  
[  5]  98.00-99.00  sec  5.45 MBytes  45.7 Mbits/sec  0.063 ms  29988/30685 (98%)  
[  5]  99.00-100.00 sec  0.00 Bytes  0.00 bits/sec  0.063 ms  0/0 (-nan%)  


iperf Done.
