Connecting to host 1.0.0.1, port 5201
[  4] local 10.0.10.1 port 54941 connected to 1.0.0.1 port 5201
[ ID] Interval           Transfer     Bandwidth       Total Datagrams
[  4]   0.00-1.00   sec  82.5 MBytes   692 Mbits/sec  10554  
[  4]   1.00-2.00   sec  93.0 MBytes   780 Mbits/sec  11898  
[  4]   2.00-3.00   sec  91.5 MBytes   767 Mbits/sec  11706  
[  4]   3.00-4.00   sec  91.9 MBytes   771 Mbits/sec  11758  
[  4]   4.00-5.00   sec  92.6 MBytes   776 Mbits/sec  11848  
[  4]   5.00-6.00   sec  92.9 MBytes   779 Mbits/sec  11885  
[  4]   6.00-7.00   sec  92.4 MBytes   775 Mbits/sec  11831  
[  4]   7.00-8.00   sec  92.5 MBytes   776 Mbits/sec  11835  
[  4]   8.00-9.00   sec  90.8 MBytes   762 Mbits/sec  11626  
[  4]   9.00-10.00  sec  90.8 MBytes   762 Mbits/sec  11623  
[  4]  10.00-11.00  sec  90.8 MBytes   761 Mbits/sec  11620  
[  4]  11.00-12.00  sec  91.9 MBytes   771 Mbits/sec  11758  
[  4]  12.00-13.00  sec  91.3 MBytes   766 Mbits/sec  11688  
[  4]  13.00-14.00  sec  91.5 MBytes   768 Mbits/sec  11713  
[  4]  14.00-15.00  sec  92.0 MBytes   772 Mbits/sec  11776  
[  4]  15.00-16.00  sec  91.3 MBytes   765 Mbits/sec  11681  
[  4]  16.00-17.00  sec  91.2 MBytes   766 Mbits/sec  11680  
[  4]  17.00-18.00  sec  92.6 MBytes   777 Mbits/sec  11858  
[  4]  18.00-19.00  sec  91.3 MBytes   766 Mbits/sec  11688  
[  4]  19.00-20.00  sec  91.3 MBytes   765 Mbits/sec  11681  
[  4]  20.00-21.00  sec  90.7 MBytes   761 Mbits/sec  11607  
[  4]  21.00-22.00  sec  91.8 MBytes   770 Mbits/sec  11744  
[  4]  22.00-23.00  sec  93.4 MBytes   784 Mbits/sec  11957  
[  4]  23.00-24.00  sec  90.9 MBytes   763 Mbits/sec  11640  
[  4]  24.00-25.00  sec  92.4 MBytes   775 Mbits/sec  11829  
[  4]  25.00-26.00  sec  91.9 MBytes   771 Mbits/sec  11762  
[  4]  26.00-27.00  sec  92.0 MBytes   772 Mbits/sec  11779  
[  4]  27.00-28.00  sec  91.6 MBytes   768 Mbits/sec  11719  
[  4]  28.00-29.00  sec  90.7 MBytes   761 Mbits/sec  11608  
[  4]  29.00-30.00  sec  90.2 MBytes   757 Mbits/sec  11544  
[  4]  30.00-31.00  sec  92.7 MBytes   777 Mbits/sec  11864  
[  4]  31.00-32.00  sec  92.3 MBytes   774 Mbits/sec  11816  
[  4]  32.00-33.00  sec  91.1 MBytes   764 Mbits/sec  11664  
[  4]  33.00-34.00  sec  92.0 MBytes   772 Mbits/sec  11776  
[  4]  34.00-35.00  sec  90.3 MBytes   758 Mbits/sec  11561  
[  4]  35.00-36.00  sec  90.7 MBytes   761 Mbits/sec  11607  
[  4]  36.00-37.00  sec  90.8 MBytes   761 Mbits/sec  11616  
[  4]  37.00-38.00  sec  92.4 MBytes   775 Mbits/sec  11826  
[  4]  38.00-39.00  sec  90.5 MBytes   760 Mbits/sec  11590  
[  4]  39.00-40.00  sec  91.1 MBytes   764 Mbits/sec  11663  
[  4]  40.00-41.00  sec  92.0 MBytes   772 Mbits/sec  11777  
[  4]  41.00-42.00  sec  92.1 MBytes   773 Mbits/sec  11789  
[  4]  42.00-43.00  sec  92.0 MBytes   771 Mbits/sec  11771  
[  4]  43.00-44.00  sec  92.4 MBytes   775 Mbits/sec  11833  
[  4]  44.00-45.00  sec  91.5 MBytes   768 Mbits/sec  11711  
[  4]  45.00-46.00  sec  91.4 MBytes   767 Mbits/sec  11700  
[  4]  46.00-47.00  sec  93.3 MBytes   783 Mbits/sec  11942  
[  4]  47.00-48.00  sec  91.7 MBytes   769 Mbits/sec  11733  
[  4]  48.00-49.00  sec  91.1 MBytes   764 Mbits/sec  11655  
[  4]  49.00-50.00  sec  90.8 MBytes   761 Mbits/sec  11616  
[  4]  50.00-51.00  sec  90.6 MBytes   760 Mbits/sec  11592  
[  4]  51.00-52.00  sec  92.2 MBytes   774 Mbits/sec  11808  
[  4]  52.00-53.00  sec  91.2 MBytes   765 Mbits/sec  11672  
[  4]  53.00-54.00  sec  91.7 MBytes   769 Mbits/sec  11737  
[  4]  54.00-55.00  sec  92.0 MBytes   772 Mbits/sec  11775  
[  4]  55.00-56.00  sec  91.4 MBytes   767 Mbits/sec  11696  
[  4]  56.00-57.00  sec  90.5 MBytes   759 Mbits/sec  11584  
[  4]  57.00-58.00  sec  90.3 MBytes   758 Mbits/sec  11563  
[  4]  58.00-59.00  sec  90.6 MBytes   760 Mbits/sec  11592  
[  4]  59.00-60.00  sec  90.9 MBytes   762 Mbits/sec  11632  
[  4]  60.00-61.00  sec  91.4 MBytes   767 Mbits/sec  11703  
[  4]  61.00-62.00  sec  91.2 MBytes   765 Mbits/sec  11674  
[  4]  62.00-63.00  sec  91.1 MBytes   764 Mbits/sec  11664  
[  4]  63.00-64.00  sec  90.9 MBytes   763 Mbits/sec  11636  
[  4]  64.00-65.00  sec  90.9 MBytes   763 Mbits/sec  11636  
[  4]  65.00-66.00  sec  90.9 MBytes   762 Mbits/sec  11631  
[  4]  66.00-67.00  sec  93.0 MBytes   780 Mbits/sec  11904  
[  4]  67.00-68.00  sec  91.1 MBytes   764 Mbits/sec  11658  
[  4]  68.00-69.00  sec  89.7 MBytes   753 Mbits/sec  11487  
[  4]  69.00-70.00  sec  93.5 MBytes   784 Mbits/sec  11968  
[  4]  70.00-71.00  sec  91.8 MBytes   770 Mbits/sec  11744  
[  4]  71.00-72.00  sec  91.4 MBytes   767 Mbits/sec  11696  
[  4]  72.00-73.00  sec  91.6 MBytes   768 Mbits/sec  11726  
[  4]  73.00-74.00  sec  91.3 MBytes   766 Mbits/sec  11688  
[  4]  74.00-75.00  sec  91.0 MBytes   764 Mbits/sec  11650  
[  4]  75.00-76.00  sec  91.4 MBytes   767 Mbits/sec  11697  
[  4]  76.00-77.00  sec  91.6 MBytes   769 Mbits/sec  11727  
[  4]  77.00-78.00  sec  90.4 MBytes   758 Mbits/sec  11571  
[  4]  78.00-79.00  sec  92.4 MBytes   775 Mbits/sec  11832  
[  4]  79.00-80.00  sec  91.3 MBytes   766 Mbits/sec  11684  
[  4]  80.00-81.00  sec  91.2 MBytes   765 Mbits/sec  11671  
[  4]  81.00-82.00  sec  90.0 MBytes   755 Mbits/sec  11525  
[  4]  82.00-83.00  sec  91.8 MBytes   770 Mbits/sec  11752  
[  4]  83.00-84.00  sec  91.0 MBytes   763 Mbits/sec  11647  
[  4]  84.00-85.00  sec  91.6 MBytes   769 Mbits/sec  11729  
[  4]  85.00-86.00  sec  90.7 MBytes   761 Mbits/sec  11608  
[  4]  86.00-87.00  sec  91.6 MBytes   768 Mbits/sec  11726  
[  4]  87.00-88.00  sec  90.8 MBytes   762 Mbits/sec  11628  
[  4]  88.00-89.00  sec  92.4 MBytes   775 Mbits/sec  11824  
[  4]  89.00-90.00  sec  91.4 MBytes   767 Mbits/sec  11705  
[  4]  90.00-91.00  sec  90.8 MBytes   761 Mbits/sec  11616  
[  4]  91.00-92.00  sec  93.2 MBytes   782 Mbits/sec  11927  
[  4]  92.00-93.00  sec  91.8 MBytes   770 Mbits/sec  11753  
[  4]  93.00-94.00  sec  91.8 MBytes   770 Mbits/sec  11752  
[  4]  94.00-95.00  sec  92.8 MBytes   779 Mbits/sec  11881  
[  4]  95.00-96.00  sec  92.8 MBytes   778 Mbits/sec  11872  
[  4]  96.00-97.00  sec  91.8 MBytes   770 Mbits/sec  11752  
[  4]  97.00-98.00  sec  90.6 MBytes   760 Mbits/sec  11593  
[  4]  98.00-99.00  sec  91.4 MBytes   767 Mbits/sec  11705  
[  4]  99.00-100.00 sec  91.6 MBytes   768 Mbits/sec  11719  
- - - - - - - - - - - - - - - - - - - - - - - - -
[ ID] Interval           Transfer     Bandwidth       Jitter    Lost/Total Datagrams
[  4]   0.00-100.00 sec  8.93 GBytes   767 Mbits/sec  0.000 ms  0/1170418 (0%)  
[  4] Sent 1170418 datagrams
