Connecting to host 1.0.0.1, port 5201
[  4] local 10.0.10.1 port 43494 connected to 1.0.0.1 port 5201
[ ID] Interval           Transfer     Bandwidth       Total Datagrams
[  4]   0.00-1.00   sec  83.1 MBytes   697 Mbits/sec  10634  
[  4]   1.00-2.00   sec  91.2 MBytes   765 Mbits/sec  11680  
[  4]   2.00-3.00   sec  89.8 MBytes   753 Mbits/sec  11490  
[  4]   3.00-4.00   sec  90.3 MBytes   757 Mbits/sec  11558  
[  4]   4.00-5.00   sec  92.0 MBytes   772 Mbits/sec  11780  
[  4]   5.00-6.00   sec  90.2 MBytes   757 Mbits/sec  11551  
[  4]   6.00-7.00   sec  90.5 MBytes   759 Mbits/sec  11584  
[  4]   7.00-8.00   sec  89.4 MBytes   750 Mbits/sec  11448  
[  4]   8.00-9.00   sec  90.6 MBytes   760 Mbits/sec  11600  
[  4]   9.00-10.00  sec  89.5 MBytes   751 Mbits/sec  11459  
[  4]  10.00-11.00  sec  90.0 MBytes   755 Mbits/sec  11518  
[  4]  11.00-12.00  sec  90.1 MBytes   756 Mbits/sec  11536  
[  4]  12.00-13.00  sec  90.6 MBytes   760 Mbits/sec  11592  
[  4]  13.00-14.00  sec  90.2 MBytes   757 Mbits/sec  11547  
[  4]  14.00-15.00  sec  89.6 MBytes   752 Mbits/sec  11471  
[  4]  15.00-16.00  sec  88.2 MBytes   740 Mbits/sec  11288  
[  4]  16.00-17.00  sec  89.9 MBytes   754 Mbits/sec  11505  
[  4]  17.00-18.00  sec  89.7 MBytes   753 Mbits/sec  11487  
[  4]  18.00-19.00  sec  90.4 MBytes   758 Mbits/sec  11568  
[  4]  19.00-20.00  sec  90.5 MBytes   759 Mbits/sec  11585  
[  4]  20.00-21.00  sec  90.0 MBytes   755 Mbits/sec  11519  
[  4]  21.00-22.00  sec  88.6 MBytes   743 Mbits/sec  11344  
[  4]  22.00-23.00  sec  89.3 MBytes   749 Mbits/sec  11433  
[  4]  23.00-24.00  sec  89.2 MBytes   748 Mbits/sec  11417  
[  4]  24.00-25.00  sec  90.2 MBytes   757 Mbits/sec  11544  
[  4]  25.00-26.00  sec  88.9 MBytes   746 Mbits/sec  11385  
[  4]  26.00-27.00  sec  88.9 MBytes   746 Mbits/sec  11383  
[  4]  27.00-28.00  sec  88.1 MBytes   739 Mbits/sec  11276  
[  4]  28.00-29.00  sec  90.3 MBytes   758 Mbits/sec  11564  
[  4]  29.00-30.00  sec  89.5 MBytes   751 Mbits/sec  11458  
[  4]  30.00-31.00  sec  89.4 MBytes   750 Mbits/sec  11439  
[  4]  31.00-32.00  sec  88.9 MBytes   745 Mbits/sec  11375  
[  4]  32.00-33.00  sec  89.4 MBytes   750 Mbits/sec  11448  
[  4]  33.00-34.00  sec  90.4 MBytes   758 Mbits/sec  11565  
[  4]  34.00-35.00  sec  88.3 MBytes   740 Mbits/sec  11297  
[  4]  35.00-36.00  sec  88.1 MBytes   739 Mbits/sec  11274  
[  4]  36.00-37.00  sec  89.1 MBytes   748 Mbits/sec  11408  
[  4]  37.00-38.00  sec  88.0 MBytes   738 Mbits/sec  11265  
[  4]  38.00-39.00  sec  88.8 MBytes   745 Mbits/sec  11365  
[  4]  39.00-40.00  sec  88.7 MBytes   744 Mbits/sec  11353  
[  4]  40.00-41.00  sec  90.4 MBytes   758 Mbits/sec  11568  
[  4]  41.00-42.00  sec  88.7 MBytes   744 Mbits/sec  11355  
[  4]  42.00-43.00  sec  89.8 MBytes   753 Mbits/sec  11496  
[  4]  43.00-44.00  sec  89.6 MBytes   751 Mbits/sec  11466  
[  4]  44.00-45.00  sec  90.5 MBytes   759 Mbits/sec  11581  
[  4]  45.00-46.00  sec  88.6 MBytes   743 Mbits/sec  11341  
[  4]  46.00-47.00  sec  89.9 MBytes   754 Mbits/sec  11512  
[  4]  47.00-48.00  sec  88.7 MBytes   744 Mbits/sec  11352  
[  4]  48.00-49.00  sec  89.6 MBytes   752 Mbits/sec  11474  
[  4]  49.00-50.00  sec  89.4 MBytes   750 Mbits/sec  11441  
[  4]  50.00-51.00  sec  90.8 MBytes   762 Mbits/sec  11625  
[  4]  51.00-52.00  sec  89.7 MBytes   752 Mbits/sec  11480  
[  4]  52.00-53.00  sec  89.7 MBytes   753 Mbits/sec  11487  
[  4]  53.00-54.00  sec  89.7 MBytes   752 Mbits/sec  11476  
[  4]  54.00-55.00  sec  88.8 MBytes   745 Mbits/sec  11368  
[  4]  55.00-56.00  sec  87.9 MBytes   737 Mbits/sec  11248  
[  4]  56.00-57.00  sec  88.8 MBytes   744 Mbits/sec  11360  
[  4]  57.00-58.00  sec  88.9 MBytes   746 Mbits/sec  11376  
[  4]  58.00-59.00  sec  89.2 MBytes   749 Mbits/sec  11424  
[  4]  59.00-60.00  sec  89.9 MBytes   754 Mbits/sec  11512  
[  4]  60.00-61.00  sec  90.0 MBytes   755 Mbits/sec  11525  
[  4]  61.00-62.00  sec  88.6 MBytes   743 Mbits/sec  11339  
[  4]  62.00-63.00  sec  89.6 MBytes   752 Mbits/sec  11473  
[  4]  63.00-64.00  sec  89.3 MBytes   749 Mbits/sec  11425  
[  4]  64.00-65.00  sec  89.6 MBytes   751 Mbits/sec  11464  
[  4]  65.00-66.00  sec  89.9 MBytes   754 Mbits/sec  11505  
[  4]  66.00-67.00  sec  89.3 MBytes   749 Mbits/sec  11432  
[  4]  67.00-68.00  sec  88.9 MBytes   746 Mbits/sec  11385  
[  4]  68.00-69.00  sec  89.5 MBytes   751 Mbits/sec  11454  
[  4]  69.00-70.00  sec  89.9 MBytes   754 Mbits/sec  11503  
[  4]  70.00-71.00  sec  89.1 MBytes   748 Mbits/sec  11409  
[  4]  71.00-72.00  sec  88.5 MBytes   742 Mbits/sec  11327  
[  4]  72.00-73.00  sec  89.0 MBytes   747 Mbits/sec  11393  
[  4]  73.00-74.00  sec  90.1 MBytes   756 Mbits/sec  11537  
[  4]  74.00-75.00  sec  89.0 MBytes   746 Mbits/sec  11391  
[  4]  75.00-76.00  sec  88.9 MBytes   746 Mbits/sec  11384  
[  4]  76.00-77.00  sec  89.3 MBytes   749 Mbits/sec  11433  
[  4]  77.00-78.00  sec  88.8 MBytes   745 Mbits/sec  11368  
[  4]  78.00-79.00  sec  89.3 MBytes   749 Mbits/sec  11431  
[  4]  79.00-80.00  sec  88.9 MBytes   746 Mbits/sec  11384  
[  4]  80.00-81.00  sec  90.3 MBytes   758 Mbits/sec  11560  
[  4]  81.00-82.00  sec  89.4 MBytes   750 Mbits/sec  11441  
[  4]  82.00-83.00  sec  89.1 MBytes   747 Mbits/sec  11399  
[  4]  83.00-84.00  sec  90.9 MBytes   763 Mbits/sec  11640  
[  4]  84.00-85.00  sec  89.2 MBytes   749 Mbits/sec  11423  
[  4]  85.00-86.00  sec  90.2 MBytes   757 Mbits/sec  11545  
[  4]  86.00-87.00  sec  89.2 MBytes   748 Mbits/sec  11415  
[  4]  87.00-88.00  sec  90.0 MBytes   755 Mbits/sec  11520  
[  4]  88.00-89.00  sec  89.0 MBytes   747 Mbits/sec  11392  
[  4]  89.00-90.00  sec  89.3 MBytes   749 Mbits/sec  11432  
[  4]  90.00-91.00  sec  90.2 MBytes   757 Mbits/sec  11543  
[  4]  91.00-92.00  sec  89.3 MBytes   749 Mbits/sec  11433  
[  4]  92.00-93.00  sec  88.7 MBytes   744 Mbits/sec  11351  
[  4]  93.00-94.00  sec  90.4 MBytes   758 Mbits/sec  11568  
[  4]  94.00-95.00  sec  88.7 MBytes   744 Mbits/sec  11350  
[  4]  95.00-96.00  sec  89.9 MBytes   754 Mbits/sec  11511  
[  4]  96.00-97.00  sec  89.6 MBytes   752 Mbits/sec  11472  
[  4]  97.00-98.00  sec  90.6 MBytes   760 Mbits/sec  11595  
[  4]  98.00-99.00  sec  88.4 MBytes   742 Mbits/sec  11317  
[  4]  99.00-100.00 sec  88.4 MBytes   741 Mbits/sec  11312  
- - - - - - - - - - - - - - - - - - - - - - - - -
[ ID] Interval           Transfer     Bandwidth       Jitter    Lost/Total Datagrams
[  4]   0.00-100.00 sec  8.73 GBytes   750 Mbits/sec  0.123 ms  46/1144715 (0.004%)  
[  4] Sent 1144715 datagrams

Server output:
Accepted connection from 10.0.10.1, port 56192
[  5] local 1.0.0.1 port 5201 connected to 10.0.10.1 port 43494
[ ID] Interval           Transfer     Bandwidth       Jitter    Lost/Total Datagrams
[  5]   0.00-1.00   sec  79.2 MBytes   664 Mbits/sec  0.114 ms  0/10134 (0%)  
[  5]   1.00-2.00   sec  91.4 MBytes   767 Mbits/sec  0.101 ms  0/11701 (0%)  
[  5]   2.00-3.00   sec  89.5 MBytes   750 Mbits/sec  0.117 ms  0/11451 (0%)  
[  5]   3.00-4.00   sec  90.6 MBytes   760 Mbits/sec  0.110 ms  0/11595 (0%)  
[  5]   4.00-5.00   sec  92.0 MBytes   772 Mbits/sec  0.118 ms  0/11773 (0%)  
[  5]   5.00-6.00   sec  90.3 MBytes   757 Mbits/sec  0.106 ms  0/11555 (0%)  
[  5]   6.00-7.00   sec  90.4 MBytes   759 Mbits/sec  0.113 ms  0/11576 (0%)  
[  5]   7.00-8.00   sec  89.4 MBytes   750 Mbits/sec  0.127 ms  0/11447 (0%)  
[  5]   8.00-9.00   sec  90.7 MBytes   761 Mbits/sec  0.142 ms  0/11607 (0%)  
[  5]   9.00-10.00  sec  89.5 MBytes   751 Mbits/sec  0.118 ms  0/11455 (0%)  
[  5]  10.00-11.00  sec  90.1 MBytes   756 Mbits/sec  0.118 ms  0/11530 (0%)  
[  5]  11.00-12.00  sec  90.1 MBytes   756 Mbits/sec  0.097 ms  0/11533 (0%)  
[  5]  12.00-13.00  sec  90.5 MBytes   759 Mbits/sec  0.109 ms  0/11580 (0%)  
[  5]  13.00-14.00  sec  90.3 MBytes   758 Mbits/sec  0.099 ms  0/11559 (0%)  
[  5]  14.00-15.00  sec  89.6 MBytes   751 Mbits/sec  0.118 ms  0/11465 (0%)  
[  5]  15.00-16.00  sec  87.9 MBytes   737 Mbits/sec  0.099 ms  46/11295 (0.41%)  
[  5]  16.00-17.00  sec  89.9 MBytes   754 Mbits/sec  0.102 ms  0/11504 (0%)  
[  5]  17.00-18.00  sec  89.7 MBytes   752 Mbits/sec  0.107 ms  0/11481 (0%)  
[  5]  18.00-19.00  sec  90.3 MBytes   758 Mbits/sec  0.124 ms  0/11562 (0%)  
[  5]  19.00-20.00  sec  90.6 MBytes   760 Mbits/sec  0.097 ms  0/11595 (0%)  
[  5]  20.00-21.00  sec  90.0 MBytes   755 Mbits/sec  0.109 ms  0/11522 (0%)  
[  5]  21.00-22.00  sec  88.6 MBytes   743 Mbits/sec  0.103 ms  0/11343 (0%)  
[  5]  22.00-23.00  sec  89.2 MBytes   748 Mbits/sec  0.093 ms  0/11421 (0%)  
[  5]  23.00-24.00  sec  89.3 MBytes   749 Mbits/sec  0.111 ms  0/11430 (0%)  
[  5]  24.00-25.00  sec  90.2 MBytes   756 Mbits/sec  0.119 ms  0/11541 (0%)  
[  5]  25.00-26.00  sec  89.0 MBytes   746 Mbits/sec  0.123 ms  0/11389 (0%)  
[  5]  26.00-27.00  sec  88.9 MBytes   746 Mbits/sec  0.123 ms  0/11384 (0%)  
[  5]  27.00-28.00  sec  88.1 MBytes   739 Mbits/sec  0.109 ms  0/11277 (0%)  
[  5]  28.00-29.00  sec  90.2 MBytes   757 Mbits/sec  0.104 ms  0/11551 (0%)  
[  5]  29.00-30.00  sec  89.5 MBytes   751 Mbits/sec  0.112 ms  0/11457 (0%)  
[  5]  30.00-31.00  sec  89.5 MBytes   751 Mbits/sec  0.120 ms  0/11453 (0%)  
[  5]  31.00-32.00  sec  88.9 MBytes   746 Mbits/sec  0.120 ms  0/11385 (0%)  
[  5]  32.00-33.00  sec  89.2 MBytes   748 Mbits/sec  0.123 ms  0/11421 (0%)  
[  5]  33.00-34.00  sec  90.4 MBytes   759 Mbits/sec  0.117 ms  0/11576 (0%)  
[  5]  34.00-35.00  sec  88.3 MBytes   741 Mbits/sec  0.111 ms  0/11305 (0%)  
[  5]  35.00-36.00  sec  88.0 MBytes   738 Mbits/sec  0.114 ms  0/11267 (0%)  
[  5]  36.00-37.00  sec  89.2 MBytes   748 Mbits/sec  0.125 ms  0/11412 (0%)  
[  5]  37.00-38.00  sec  88.0 MBytes   738 Mbits/sec  0.122 ms  0/11267 (0%)  
[  5]  38.00-39.00  sec  88.8 MBytes   745 Mbits/sec  0.099 ms  0/11363 (0%)  
[  5]  39.00-40.00  sec  88.6 MBytes   743 Mbits/sec  0.113 ms  0/11345 (0%)  
[  5]  40.00-41.00  sec  90.4 MBytes   758 Mbits/sec  0.103 ms  0/11569 (0%)  
[  5]  41.00-42.00  sec  88.8 MBytes   745 Mbits/sec  0.097 ms  0/11363 (0%)  
[  5]  42.00-43.00  sec  89.6 MBytes   752 Mbits/sec  0.099 ms  0/11475 (0%)  
[  5]  43.00-44.00  sec  89.7 MBytes   753 Mbits/sec  0.133 ms  0/11485 (0%)  
[  5]  44.00-45.00  sec  90.4 MBytes   759 Mbits/sec  0.097 ms  0/11576 (0%)  
[  5]  45.00-46.00  sec  88.6 MBytes   744 Mbits/sec  0.114 ms  0/11345 (0%)  
[  5]  46.00-47.00  sec  89.9 MBytes   754 Mbits/sec  0.100 ms  0/11504 (0%)  
[  5]  47.00-48.00  sec  88.7 MBytes   744 Mbits/sec  0.099 ms  0/11358 (0%)  
[  5]  48.00-49.00  sec  89.6 MBytes   752 Mbits/sec  0.116 ms  0/11475 (0%)  
[  5]  49.00-50.00  sec  89.3 MBytes   749 Mbits/sec  0.116 ms  0/11430 (0%)  
[  5]  50.00-51.00  sec  90.9 MBytes   762 Mbits/sec  0.110 ms  0/11635 (0%)  
[  5]  51.00-52.00  sec  89.7 MBytes   753 Mbits/sec  0.122 ms  0/11483 (0%)  
[  5]  52.00-53.00  sec  89.6 MBytes   752 Mbits/sec  0.112 ms  0/11471 (0%)  
[  5]  53.00-54.00  sec  89.7 MBytes   753 Mbits/sec  0.131 ms  0/11484 (0%)  
[  5]  54.00-55.00  sec  88.9 MBytes   745 Mbits/sec  0.106 ms  0/11375 (0%)  
[  5]  55.00-56.00  sec  87.9 MBytes   737 Mbits/sec  0.110 ms  0/11247 (0%)  
[  5]  56.00-57.00  sec  88.7 MBytes   744 Mbits/sec  0.089 ms  0/11352 (0%)  
[  5]  57.00-58.00  sec  88.9 MBytes   746 Mbits/sec  0.111 ms  0/11385 (0%)  
[  5]  58.00-59.00  sec  89.1 MBytes   748 Mbits/sec  0.079 ms  0/11408 (0%)  
[  5]  59.00-60.00  sec  90.0 MBytes   755 Mbits/sec  0.121 ms  0/11517 (0%)  
[  5]  60.00-61.00  sec  90.1 MBytes   756 Mbits/sec  0.112 ms  0/11530 (0%)  
[  5]  61.00-62.00  sec  88.6 MBytes   744 Mbits/sec  0.112 ms  0/11345 (0%)  
[  5]  62.00-63.00  sec  89.5 MBytes   751 Mbits/sec  0.127 ms  0/11458 (0%)  
[  5]  63.00-64.00  sec  89.4 MBytes   750 Mbits/sec  0.111 ms  0/11440 (0%)  
[  5]  64.00-65.00  sec  89.4 MBytes   750 Mbits/sec  0.129 ms  0/11449 (0%)  
[  5]  65.00-66.00  sec  90.0 MBytes   755 Mbits/sec  0.090 ms  0/11519 (0%)  
[  5]  66.00-67.00  sec  89.3 MBytes   749 Mbits/sec  0.110 ms  0/11431 (0%)  
[  5]  67.00-68.00  sec  88.9 MBytes   746 Mbits/sec  0.101 ms  0/11378 (0%)  
[  5]  68.00-69.00  sec  89.5 MBytes   751 Mbits/sec  0.085 ms  0/11462 (0%)  
[  5]  69.00-70.00  sec  89.9 MBytes   754 Mbits/sec  0.093 ms  0/11503 (0%)  
[  5]  70.00-71.00  sec  89.1 MBytes   748 Mbits/sec  0.095 ms  0/11407 (0%)  
[  5]  71.00-72.00  sec  88.5 MBytes   743 Mbits/sec  0.089 ms  0/11330 (0%)  
[  5]  72.00-73.00  sec  88.9 MBytes   746 Mbits/sec  0.107 ms  0/11383 (0%)  
[  5]  73.00-74.00  sec  90.2 MBytes   757 Mbits/sec  0.102 ms  0/11552 (0%)  
[  5]  74.00-75.00  sec  88.9 MBytes   746 Mbits/sec  0.105 ms  0/11378 (0%)  
[  5]  75.00-76.00  sec  88.9 MBytes   746 Mbits/sec  0.120 ms  0/11381 (0%)  
[  5]  76.00-77.00  sec  89.4 MBytes   750 Mbits/sec  0.107 ms  0/11441 (0%)  
[  5]  77.00-78.00  sec  88.9 MBytes   745 Mbits/sec  0.118 ms  0/11374 (0%)  
[  5]  78.00-79.00  sec  89.3 MBytes   749 Mbits/sec  0.116 ms  0/11426 (0%)  
[  5]  79.00-80.00  sec  88.9 MBytes   746 Mbits/sec  0.103 ms  0/11377 (0%)  
[  5]  80.00-81.00  sec  90.3 MBytes   758 Mbits/sec  0.104 ms  0/11564 (0%)  
[  5]  81.00-82.00  sec  89.5 MBytes   750 Mbits/sec  0.114 ms  0/11450 (0%)  
[  5]  82.00-83.00  sec  88.9 MBytes   746 Mbits/sec  0.112 ms  0/11378 (0%)  
[  5]  83.00-84.00  sec  91.0 MBytes   764 Mbits/sec  0.096 ms  0/11652 (0%)  
[  5]  84.00-85.00  sec  89.2 MBytes   748 Mbits/sec  0.127 ms  0/11414 (0%)  
[  5]  85.00-86.00  sec  90.3 MBytes   757 Mbits/sec  0.113 ms  0/11555 (0%)  
[  5]  86.00-87.00  sec  89.1 MBytes   748 Mbits/sec  0.105 ms  0/11407 (0%)  
[  5]  87.00-88.00  sec  90.0 MBytes   755 Mbits/sec  0.105 ms  0/11523 (0%)  
[  5]  88.00-89.00  sec  89.0 MBytes   747 Mbits/sec  0.110 ms  0/11392 (0%)  
[  5]  89.00-90.00  sec  89.3 MBytes   749 Mbits/sec  0.103 ms  0/11431 (0%)  
[  5]  90.00-91.00  sec  90.2 MBytes   757 Mbits/sec  0.110 ms  0/11543 (0%)  
[  5]  91.00-92.00  sec  89.4 MBytes   750 Mbits/sec  0.119 ms  0/11446 (0%)  
[  5]  92.00-93.00  sec  88.6 MBytes   743 Mbits/sec  0.118 ms  0/11336 (0%)  
[  5]  93.00-94.00  sec  90.4 MBytes   758 Mbits/sec  0.113 ms  0/11572 (0%)  
[  5]  94.00-95.00  sec  88.7 MBytes   744 Mbits/sec  0.126 ms  0/11352 (0%)  
[  5]  95.00-96.00  sec  89.9 MBytes   754 Mbits/sec  0.104 ms  0/11509 (0%)  
[  5]  96.00-97.00  sec  89.5 MBytes   751 Mbits/sec  0.111 ms  0/11460 (0%)  
[  5]  97.00-98.00  sec  90.8 MBytes   761 Mbits/sec  0.085 ms  0/11617 (0%)  
[  5]  98.00-99.00  sec  88.4 MBytes   742 Mbits/sec  0.112 ms  0/11318 (0%)  
[  5]  99.00-100.00 sec  88.2 MBytes   740 Mbits/sec  0.091 ms  0/11296 (0%)  


iperf Done.
