Connecting to host 1.0.0.1, port 5201
[  4] local 10.0.10.1 port 33517 connected to 1.0.0.1 port 5201
[ ID] Interval           Transfer     Bandwidth       Total Datagrams
[  4]   0.00-1.00   sec  82.4 MBytes   691 Mbits/sec  10545  
[  4]   1.00-2.00   sec  92.4 MBytes   775 Mbits/sec  11833  
[  4]   2.00-3.00   sec  88.9 MBytes   746 Mbits/sec  11383  
[  4]   3.00-4.00   sec  89.4 MBytes   750 Mbits/sec  11440  
[  4]   4.00-5.00   sec  90.9 MBytes   763 Mbits/sec  11635  
[  4]   5.00-6.00   sec  91.8 MBytes   770 Mbits/sec  11755  
[  4]   6.00-7.00   sec  89.3 MBytes   749 Mbits/sec  11432  
[  4]   7.00-8.00   sec  91.2 MBytes   765 Mbits/sec  11680  
[  4]   8.00-9.00   sec  89.4 MBytes   750 Mbits/sec  11449  
[  4]   9.00-10.00  sec  91.0 MBytes   763 Mbits/sec  11649  
[  4]  10.00-11.00  sec  88.7 MBytes   744 Mbits/sec  11359  
[  4]  11.00-12.00  sec  89.4 MBytes   750 Mbits/sec  11441  
[  4]  12.00-13.00  sec  90.1 MBytes   755 Mbits/sec  11527  
[  4]  13.00-14.00  sec  88.4 MBytes   741 Mbits/sec  11313  
[  4]  14.00-15.00  sec  90.2 MBytes   757 Mbits/sec  11552  
[  4]  15.00-16.00  sec  91.4 MBytes   767 Mbits/sec  11696  
[  4]  16.00-17.00  sec  91.0 MBytes   763 Mbits/sec  11649  
[  4]  17.00-18.00  sec  89.9 MBytes   754 Mbits/sec  11504  
[  4]  18.00-19.00  sec  89.1 MBytes   747 Mbits/sec  11405  
[  4]  19.00-20.00  sec  90.6 MBytes   760 Mbits/sec  11599  
[  4]  20.00-21.00  sec  88.9 MBytes   746 Mbits/sec  11377  
[  4]  21.00-22.00  sec  90.9 MBytes   763 Mbits/sec  11639  
[  4]  22.00-23.00  sec  90.2 MBytes   757 Mbits/sec  11545  
[  4]  23.00-24.00  sec  88.6 MBytes   743 Mbits/sec  11344  
[  4]  24.00-25.00  sec  88.8 MBytes   745 Mbits/sec  11365  
[  4]  25.00-26.00  sec  89.2 MBytes   748 Mbits/sec  11416  
[  4]  26.00-27.00  sec  89.6 MBytes   751 Mbits/sec  11464  
[  4]  27.00-28.00  sec  89.6 MBytes   751 Mbits/sec  11465  
[  4]  28.00-29.00  sec  88.3 MBytes   741 Mbits/sec  11303  
[  4]  29.00-30.00  sec  91.2 MBytes   765 Mbits/sec  11677  
[  4]  30.00-31.00  sec  89.4 MBytes   750 Mbits/sec  11447  
[  4]  31.00-32.00  sec  90.1 MBytes   756 Mbits/sec  11533  
[  4]  32.00-33.00  sec  88.8 MBytes   745 Mbits/sec  11369  
[  4]  33.00-34.00  sec  91.2 MBytes   765 Mbits/sec  11674  
[  4]  34.00-35.00  sec  90.7 MBytes   761 Mbits/sec  11608  
[  4]  35.00-36.00  sec  90.2 MBytes   757 Mbits/sec  11544  
[  4]  36.00-37.00  sec  89.4 MBytes   750 Mbits/sec  11443  
[  4]  37.00-38.00  sec  89.9 MBytes   754 Mbits/sec  11501  
[  4]  38.00-39.00  sec  89.5 MBytes   751 Mbits/sec  11456  
[  4]  39.00-40.00  sec  90.4 MBytes   759 Mbits/sec  11577  
[  4]  40.00-41.00  sec  90.8 MBytes   762 Mbits/sec  11623  
[  4]  41.00-42.00  sec  91.7 MBytes   769 Mbits/sec  11737  
[  4]  42.00-43.00  sec  90.3 MBytes   757 Mbits/sec  11555  
[  4]  43.00-44.00  sec  90.9 MBytes   763 Mbits/sec  11641  
[  4]  44.00-45.00  sec  90.4 MBytes   759 Mbits/sec  11575  
[  4]  45.00-46.00  sec  92.1 MBytes   773 Mbits/sec  11793  
[  4]  46.00-47.00  sec  89.6 MBytes   751 Mbits/sec  11464  
[  4]  47.00-48.00  sec  89.3 MBytes   749 Mbits/sec  11428  
[  4]  48.00-49.00  sec  89.6 MBytes   752 Mbits/sec  11467  
[  4]  49.00-50.00  sec  89.5 MBytes   751 Mbits/sec  11461  
[  4]  50.00-51.00  sec  88.9 MBytes   746 Mbits/sec  11378  
[  4]  51.00-52.00  sec  89.3 MBytes   749 Mbits/sec  11430  
[  4]  52.00-53.00  sec  89.4 MBytes   750 Mbits/sec  11447  
[  4]  53.00-54.00  sec  89.6 MBytes   752 Mbits/sec  11475  
[  4]  54.00-55.00  sec  90.5 MBytes   759 Mbits/sec  11585  
[  4]  55.00-56.00  sec  89.7 MBytes   752 Mbits/sec  11479  
[  4]  56.00-57.00  sec  88.9 MBytes   746 Mbits/sec  11377  
[  4]  57.00-58.00  sec  89.1 MBytes   748 Mbits/sec  11408  
[  4]  58.00-59.00  sec  89.1 MBytes   747 Mbits/sec  11399  
[  4]  59.00-60.00  sec  89.5 MBytes   751 Mbits/sec  11454  
[  4]  60.00-61.00  sec  89.6 MBytes   752 Mbits/sec  11468  
[  4]  61.00-62.00  sec  89.4 MBytes   750 Mbits/sec  11439  
[  4]  62.00-63.00  sec  88.6 MBytes   743 Mbits/sec  11337  
[  4]  63.00-64.00  sec  88.9 MBytes   746 Mbits/sec  11383  
[  4]  64.00-65.00  sec  90.3 MBytes   757 Mbits/sec  11557  
[  4]  65.00-66.00  sec  89.9 MBytes   754 Mbits/sec  11508  
[  4]  66.00-67.00  sec  89.6 MBytes   752 Mbits/sec  11472  
[  4]  67.00-68.00  sec  90.3 MBytes   758 Mbits/sec  11559  
[  4]  68.00-69.00  sec  89.4 MBytes   750 Mbits/sec  11441  
[  4]  69.00-70.00  sec  89.9 MBytes   754 Mbits/sec  11512  
[  4]  70.00-71.00  sec  88.8 MBytes   745 Mbits/sec  11368  
[  4]  71.00-72.00  sec  89.0 MBytes   747 Mbits/sec  11393  
[  4]  72.00-73.00  sec  89.9 MBytes   754 Mbits/sec  11504  
[  4]  73.00-74.00  sec  92.0 MBytes   771 Mbits/sec  11770  
[  4]  74.00-75.00  sec  91.2 MBytes   765 Mbits/sec  11678  
[  4]  75.00-76.00  sec  90.6 MBytes   760 Mbits/sec  11601  
[  4]  76.00-77.00  sec  90.1 MBytes   756 Mbits/sec  11536  
[  4]  77.00-78.00  sec  88.8 MBytes   745 Mbits/sec  11368  
[  4]  78.00-79.00  sec  90.4 MBytes   759 Mbits/sec  11577  
[  4]  79.00-80.00  sec  91.9 MBytes   771 Mbits/sec  11759  
[  4]  80.00-81.00  sec  89.5 MBytes   751 Mbits/sec  11456  
[  4]  81.00-82.00  sec  90.5 MBytes   759 Mbits/sec  11584  
[  4]  82.00-83.00  sec  90.2 MBytes   757 Mbits/sec  11552  
[  4]  83.00-84.00  sec  89.2 MBytes   749 Mbits/sec  11424  
[  4]  84.00-85.00  sec  90.1 MBytes   756 Mbits/sec  11536  
[  4]  85.00-86.00  sec  92.2 MBytes   773 Mbits/sec  11800  
[  4]  86.00-87.00  sec  90.3 MBytes   757 Mbits/sec  11553  
[  4]  87.00-88.00  sec  89.1 MBytes   747 Mbits/sec  11399  
[  4]  88.00-89.00  sec  90.6 MBytes   760 Mbits/sec  11600  
[  4]  89.00-90.00  sec  91.4 MBytes   767 Mbits/sec  11705  
[  4]  90.00-91.00  sec  91.4 MBytes   767 Mbits/sec  11696  
[  4]  91.00-92.00  sec  89.2 MBytes   749 Mbits/sec  11423  
[  4]  92.00-93.00  sec  89.4 MBytes   750 Mbits/sec  11448  
[  4]  93.00-94.00  sec  89.0 MBytes   747 Mbits/sec  11392  
[  4]  94.00-95.00  sec  90.1 MBytes   756 Mbits/sec  11529  
[  4]  95.00-96.00  sec  90.5 MBytes   759 Mbits/sec  11584  
[  4]  96.00-97.00  sec  89.6 MBytes   752 Mbits/sec  11473  
[  4]  97.00-98.00  sec  88.6 MBytes   743 Mbits/sec  11345  
[  4]  98.00-99.00  sec  90.0 MBytes   755 Mbits/sec  11524  
[  4]  99.00-100.00 sec  89.7 MBytes   752 Mbits/sec  11483  
- - - - - - - - - - - - - - - - - - - - - - - - -
[ ID] Interval           Transfer     Bandwidth       Jitter    Lost/Total Datagrams
[  4]   0.00-100.00 sec  8.78 GBytes   754 Mbits/sec  0.107 ms  51/1150504 (0.0044%)  
[  4] Sent 1150504 datagrams

Server output:
Accepted connection from 10.0.10.1, port 60274
[  5] local 1.0.0.1 port 5201 connected to 10.0.10.1 port 33517
[ ID] Interval           Transfer     Bandwidth       Jitter    Lost/Total Datagrams
[  5]   0.00-1.00   sec  78.6 MBytes   659 Mbits/sec  0.096 ms  0/10055 (0%)  
[  5]   1.00-2.00   sec  92.3 MBytes   774 Mbits/sec  0.121 ms  18/11836 (0.15%)  
[  5]   2.00-3.00   sec  88.9 MBytes   746 Mbits/sec  0.109 ms  0/11382 (0%)  
[  5]   3.00-4.00   sec  89.4 MBytes   750 Mbits/sec  0.114 ms  0/11446 (0%)  
[  5]   4.00-5.00   sec  90.8 MBytes   761 Mbits/sec  0.115 ms  0/11619 (0%)  
[  5]   5.00-6.00   sec  91.7 MBytes   769 Mbits/sec  0.110 ms  0/11741 (0%)  
[  5]   6.00-7.00   sec  89.5 MBytes   751 Mbits/sec  0.126 ms  0/11458 (0%)  
[  5]   7.00-8.00   sec  91.2 MBytes   765 Mbits/sec  0.104 ms  0/11670 (0%)  
[  5]   8.00-9.00   sec  89.4 MBytes   750 Mbits/sec  0.115 ms  0/11444 (0%)  
[  5]   9.00-10.00  sec  91.1 MBytes   764 Mbits/sec  0.100 ms  0/11665 (0%)  
[  5]  10.00-11.00  sec  88.7 MBytes   744 Mbits/sec  0.118 ms  0/11350 (0%)  
[  5]  11.00-12.00  sec  89.4 MBytes   750 Mbits/sec  0.109 ms  0/11445 (0%)  
[  5]  12.00-13.00  sec  90.1 MBytes   756 Mbits/sec  0.130 ms  0/11530 (0%)  
[  5]  13.00-14.00  sec  88.3 MBytes   741 Mbits/sec  0.121 ms  0/11306 (0%)  
[  5]  14.00-15.00  sec  90.1 MBytes   756 Mbits/sec  0.107 ms  0/11539 (0%)  
[  5]  15.00-16.00  sec  91.4 MBytes   767 Mbits/sec  0.110 ms  0/11704 (0%)  
[  5]  16.00-17.00  sec  91.1 MBytes   765 Mbits/sec  0.091 ms  0/11667 (0%)  
[  5]  17.00-18.00  sec  89.8 MBytes   753 Mbits/sec  0.108 ms  0/11491 (0%)  
[  5]  18.00-19.00  sec  89.0 MBytes   747 Mbits/sec  0.111 ms  0/11395 (0%)  
[  5]  19.00-20.00  sec  90.7 MBytes   761 Mbits/sec  0.092 ms  0/11613 (0%)  
[  5]  20.00-21.00  sec  88.7 MBytes   744 Mbits/sec  0.118 ms  20/11379 (0.18%)  
[  5]  21.00-22.00  sec  90.7 MBytes   761 Mbits/sec  0.101 ms  0/11615 (0%)  
[  5]  22.00-23.00  sec  90.4 MBytes   759 Mbits/sec  0.108 ms  0/11575 (0%)  
[  5]  23.00-24.00  sec  88.7 MBytes   744 Mbits/sec  0.125 ms  0/11349 (0%)  
[  5]  24.00-25.00  sec  88.7 MBytes   744 Mbits/sec  0.107 ms  0/11354 (0%)  
[  5]  25.00-26.00  sec  89.1 MBytes   748 Mbits/sec  0.100 ms  0/11407 (0%)  
[  5]  26.00-27.00  sec  89.6 MBytes   751 Mbits/sec  0.116 ms  0/11467 (0%)  
[  5]  27.00-28.00  sec  89.6 MBytes   752 Mbits/sec  0.115 ms  0/11473 (0%)  
[  5]  28.00-29.00  sec  88.2 MBytes   740 Mbits/sec  0.092 ms  0/11288 (0%)  
[  5]  29.00-30.00  sec  91.3 MBytes   766 Mbits/sec  0.113 ms  0/11687 (0%)  
[  5]  30.00-31.00  sec  89.5 MBytes   750 Mbits/sec  0.126 ms  0/11451 (0%)  
[  5]  31.00-32.00  sec  90.1 MBytes   756 Mbits/sec  0.104 ms  0/11537 (0%)  
[  5]  32.00-33.00  sec  88.9 MBytes   745 Mbits/sec  0.083 ms  0/11374 (0%)  
[  5]  33.00-34.00  sec  91.1 MBytes   764 Mbits/sec  0.119 ms  0/11660 (0%)  
[  5]  34.00-35.00  sec  90.5 MBytes   759 Mbits/sec  0.118 ms  13/11591 (0.11%)  
[  5]  35.00-36.00  sec  90.4 MBytes   758 Mbits/sec  0.122 ms  0/11570 (0%)  
[  5]  36.00-37.00  sec  89.4 MBytes   750 Mbits/sec  0.105 ms  0/11441 (0%)  
[  5]  37.00-38.00  sec  89.9 MBytes   754 Mbits/sec  0.122 ms  0/11502 (0%)  
[  5]  38.00-39.00  sec  89.4 MBytes   750 Mbits/sec  0.098 ms  0/11444 (0%)  
[  5]  39.00-40.00  sec  90.4 MBytes   758 Mbits/sec  0.105 ms  0/11566 (0%)  
[  5]  40.00-41.00  sec  90.9 MBytes   763 Mbits/sec  0.124 ms  0/11636 (0%)  
[  5]  41.00-42.00  sec  91.7 MBytes   769 Mbits/sec  0.106 ms  0/11733 (0%)  
[  5]  42.00-43.00  sec  90.3 MBytes   758 Mbits/sec  0.117 ms  0/11561 (0%)  
[  5]  43.00-44.00  sec  91.0 MBytes   763 Mbits/sec  0.126 ms  0/11647 (0%)  
[  5]  44.00-45.00  sec  90.4 MBytes   758 Mbits/sec  0.113 ms  0/11565 (0%)  
[  5]  45.00-46.00  sec  92.2 MBytes   773 Mbits/sec  0.106 ms  0/11798 (0%)  
[  5]  46.00-47.00  sec  89.6 MBytes   752 Mbits/sec  0.123 ms  0/11471 (0%)  
[  5]  47.00-48.00  sec  89.2 MBytes   748 Mbits/sec  0.111 ms  0/11416 (0%)  
[  5]  48.00-49.00  sec  89.6 MBytes   751 Mbits/sec  0.127 ms  0/11466 (0%)  
[  5]  49.00-50.00  sec  89.7 MBytes   752 Mbits/sec  0.112 ms  0/11477 (0%)  
[  5]  50.00-51.00  sec  88.9 MBytes   746 Mbits/sec  0.112 ms  0/11376 (0%)  
[  5]  51.00-52.00  sec  89.3 MBytes   749 Mbits/sec  0.115 ms  0/11431 (0%)  
[  5]  52.00-53.00  sec  89.4 MBytes   750 Mbits/sec  0.116 ms  0/11445 (0%)  
[  5]  53.00-54.00  sec  89.6 MBytes   752 Mbits/sec  0.118 ms  0/11467 (0%)  
[  5]  54.00-55.00  sec  90.4 MBytes   758 Mbits/sec  0.120 ms  0/11573 (0%)  
[  5]  55.00-56.00  sec  89.8 MBytes   753 Mbits/sec  0.108 ms  0/11488 (0%)  
[  5]  56.00-57.00  sec  88.9 MBytes   746 Mbits/sec  0.126 ms  0/11378 (0%)  
[  5]  57.00-58.00  sec  89.2 MBytes   748 Mbits/sec  0.121 ms  0/11416 (0%)  
[  5]  58.00-59.00  sec  88.9 MBytes   746 Mbits/sec  0.115 ms  0/11377 (0%)  
[  5]  59.00-60.00  sec  89.6 MBytes   752 Mbits/sec  0.124 ms  0/11472 (0%)  
[  5]  60.00-61.00  sec  89.6 MBytes   752 Mbits/sec  0.110 ms  0/11469 (0%)  
[  5]  61.00-62.00  sec  89.4 MBytes   750 Mbits/sec  0.103 ms  0/11441 (0%)  
[  5]  62.00-63.00  sec  88.6 MBytes   743 Mbits/sec  0.111 ms  0/11341 (0%)  
[  5]  63.00-64.00  sec  88.9 MBytes   746 Mbits/sec  0.087 ms  0/11377 (0%)  
[  5]  64.00-65.00  sec  90.2 MBytes   757 Mbits/sec  0.113 ms  0/11550 (0%)  
[  5]  65.00-66.00  sec  90.0 MBytes   755 Mbits/sec  0.133 ms  0/11517 (0%)  
[  5]  66.00-67.00  sec  89.7 MBytes   752 Mbits/sec  0.108 ms  0/11477 (0%)  
[  5]  67.00-68.00  sec  90.3 MBytes   757 Mbits/sec  0.125 ms  0/11556 (0%)  
[  5]  68.00-69.00  sec  89.2 MBytes   748 Mbits/sec  0.125 ms  0/11416 (0%)  
[  5]  69.00-70.00  sec  90.1 MBytes   756 Mbits/sec  0.104 ms  0/11533 (0%)  
[  5]  70.00-71.00  sec  88.8 MBytes   745 Mbits/sec  0.130 ms  0/11372 (0%)  
[  5]  71.00-72.00  sec  88.8 MBytes   745 Mbits/sec  0.109 ms  0/11366 (0%)  
[  5]  72.00-73.00  sec  90.0 MBytes   755 Mbits/sec  0.107 ms  0/11519 (0%)  
[  5]  73.00-74.00  sec  91.9 MBytes   771 Mbits/sec  0.092 ms  0/11761 (0%)  
[  5]  74.00-75.00  sec  91.3 MBytes   766 Mbits/sec  0.099 ms  0/11683 (0%)  
[  5]  75.00-76.00  sec  90.8 MBytes   761 Mbits/sec  0.102 ms  0/11616 (0%)  
[  5]  76.00-77.00  sec  90.2 MBytes   756 Mbits/sec  0.106 ms  0/11541 (0%)  
[  5]  77.00-78.00  sec  88.7 MBytes   744 Mbits/sec  0.109 ms  0/11359 (0%)  
[  5]  78.00-79.00  sec  90.4 MBytes   758 Mbits/sec  0.105 ms  0/11573 (0%)  
[  5]  79.00-80.00  sec  91.9 MBytes   771 Mbits/sec  0.109 ms  0/11764 (0%)  
[  5]  80.00-81.00  sec  89.4 MBytes   750 Mbits/sec  0.116 ms  0/11446 (0%)  
[  5]  81.00-82.00  sec  90.4 MBytes   758 Mbits/sec  0.131 ms  0/11573 (0%)  
[  5]  82.00-83.00  sec  90.4 MBytes   758 Mbits/sec  0.103 ms  0/11566 (0%)  
[  5]  83.00-84.00  sec  89.1 MBytes   748 Mbits/sec  0.126 ms  0/11409 (0%)  
[  5]  84.00-85.00  sec  90.1 MBytes   756 Mbits/sec  0.135 ms  0/11536 (0%)  
[  5]  85.00-86.00  sec  92.2 MBytes   773 Mbits/sec  0.096 ms  0/11799 (0%)  
[  5]  86.00-87.00  sec  90.5 MBytes   759 Mbits/sec  0.117 ms  0/11580 (0%)  
[  5]  87.00-88.00  sec  88.9 MBytes   746 Mbits/sec  0.111 ms  0/11379 (0%)  
[  5]  88.00-89.00  sec  90.6 MBytes   760 Mbits/sec  0.101 ms  0/11600 (0%)  
[  5]  89.00-90.00  sec  91.5 MBytes   767 Mbits/sec  0.118 ms  0/11707 (0%)  
[  5]  90.00-91.00  sec  91.5 MBytes   768 Mbits/sec  0.109 ms  0/11716 (0%)  
[  5]  91.00-92.00  sec  89.2 MBytes   748 Mbits/sec  0.127 ms  0/11413 (0%)  
[  5]  92.00-93.00  sec  89.5 MBytes   751 Mbits/sec  0.110 ms  0/11453 (0%)  
[  5]  93.00-94.00  sec  88.9 MBytes   746 Mbits/sec  0.102 ms  0/11380 (0%)  
[  5]  94.00-95.00  sec  90.1 MBytes   756 Mbits/sec  0.118 ms  0/11534 (0%)  
[  5]  95.00-96.00  sec  90.5 MBytes   759 Mbits/sec  0.121 ms  0/11584 (0%)  
[  5]  96.00-97.00  sec  89.6 MBytes   752 Mbits/sec  0.114 ms  0/11470 (0%)  
[  5]  97.00-98.00  sec  88.8 MBytes   744 Mbits/sec  0.104 ms  0/11360 (0%)  
[  5]  98.00-99.00  sec  89.9 MBytes   754 Mbits/sec  0.112 ms  0/11510 (0%)  
[  5]  99.00-100.00 sec  89.8 MBytes   753 Mbits/sec  0.106 ms  0/11493 (0%)  


iperf Done.
