Connecting to host 1.0.0.1, port 5201
[  4] local 10.0.10.1 port 42166 connected to 1.0.0.1 port 5201
[ ID] Interval           Transfer     Bandwidth       Total Datagrams
[  4]   0.00-1.00   sec  82.7 MBytes   694 Mbits/sec  10585  
[  4]   1.00-2.00   sec  91.8 MBytes   770 Mbits/sec  11744  
[  4]   2.00-3.00   sec  90.8 MBytes   762 Mbits/sec  11624  
[  4]   3.00-4.00   sec  89.7 MBytes   752 Mbits/sec  11476  
[  4]   4.00-5.00   sec  90.0 MBytes   755 Mbits/sec  11516  
[  4]   5.00-6.00   sec  90.0 MBytes   755 Mbits/sec  11517  
[  4]   6.00-7.00   sec  90.8 MBytes   762 Mbits/sec  11619  
[  4]   7.00-8.00   sec  90.8 MBytes   762 Mbits/sec  11622  
[  4]   8.00-9.00   sec  91.4 MBytes   767 Mbits/sec  11704  
[  4]   9.00-10.00  sec  91.2 MBytes   765 Mbits/sec  11673  
[  4]  10.00-11.00  sec  91.2 MBytes   765 Mbits/sec  11671  
[  4]  11.00-12.00  sec  91.2 MBytes   765 Mbits/sec  11672  
[  4]  12.00-13.00  sec  90.9 MBytes   762 Mbits/sec  11633  
[  4]  13.00-14.00  sec  91.4 MBytes   767 Mbits/sec  11701  
[  4]  14.00-15.00  sec  90.2 MBytes   757 Mbits/sec  11545  
[  4]  15.00-16.00  sec  92.0 MBytes   772 Mbits/sec  11775  
[  4]  16.00-17.00  sec  93.4 MBytes   783 Mbits/sec  11952  
[  4]  17.00-18.00  sec  88.8 MBytes   745 Mbits/sec  11361  
[  4]  18.00-19.00  sec  91.7 MBytes   769 Mbits/sec  11738  
[  4]  19.00-20.00  sec  91.0 MBytes   763 Mbits/sec  11648  
[  4]  20.00-21.00  sec  91.2 MBytes   765 Mbits/sec  11680  
[  4]  21.00-22.00  sec  88.9 MBytes   746 Mbits/sec  11376  
[  4]  22.00-23.00  sec  89.3 MBytes   749 Mbits/sec  11427  
[  4]  23.00-24.00  sec  88.4 MBytes   741 Mbits/sec  11314  
[  4]  24.00-25.00  sec  89.8 MBytes   753 Mbits/sec  11497  
[  4]  25.00-26.00  sec  89.6 MBytes   752 Mbits/sec  11466  
[  4]  26.00-27.00  sec  89.2 MBytes   748 Mbits/sec  11422  
[  4]  27.00-28.00  sec  88.2 MBytes   740 Mbits/sec  11296  
[  4]  28.00-29.00  sec  89.1 MBytes   747 Mbits/sec  11402  
[  4]  29.00-30.00  sec  88.2 MBytes   740 Mbits/sec  11285  
[  4]  30.00-31.00  sec  89.1 MBytes   747 Mbits/sec  11406  
[  4]  31.00-32.00  sec  88.2 MBytes   740 Mbits/sec  11287  
[  4]  32.00-33.00  sec  90.8 MBytes   762 Mbits/sec  11627  
[  4]  33.00-34.00  sec  88.6 MBytes   743 Mbits/sec  11344  
[  4]  34.00-35.00  sec  89.9 MBytes   754 Mbits/sec  11505  
[  4]  35.00-36.00  sec  90.2 MBytes   757 Mbits/sec  11552  
[  4]  36.00-37.00  sec  90.1 MBytes   756 Mbits/sec  11537  
[  4]  37.00-38.00  sec  89.4 MBytes   750 Mbits/sec  11439  
[  4]  38.00-39.00  sec  89.6 MBytes   751 Mbits/sec  11463  
[  4]  39.00-40.00  sec  88.3 MBytes   741 Mbits/sec  11303  
[  4]  40.00-41.00  sec  89.1 MBytes   748 Mbits/sec  11408  
[  4]  41.00-42.00  sec  88.7 MBytes   744 Mbits/sec  11358  
[  4]  42.00-43.00  sec  88.4 MBytes   741 Mbits/sec  11312  
[  4]  43.00-44.00  sec  88.3 MBytes   741 Mbits/sec  11307  
[  4]  44.00-45.00  sec  88.1 MBytes   739 Mbits/sec  11271  
[  4]  45.00-46.00  sec  90.0 MBytes   755 Mbits/sec  11520  
[  4]  46.00-47.00  sec  89.5 MBytes   751 Mbits/sec  11456  
[  4]  47.00-48.00  sec  91.0 MBytes   763 Mbits/sec  11648  
[  4]  48.00-49.00  sec  92.3 MBytes   774 Mbits/sec  11814  
[  4]  49.00-50.00  sec  90.4 MBytes   759 Mbits/sec  11576  
[  4]  50.00-51.00  sec  90.6 MBytes   760 Mbits/sec  11592  
[  4]  51.00-52.00  sec  88.8 MBytes   745 Mbits/sec  11360  
[  4]  52.00-53.00  sec  91.2 MBytes   765 Mbits/sec  11673  
[  4]  53.00-54.00  sec  90.0 MBytes   755 Mbits/sec  11524  
[  4]  54.00-55.00  sec  90.8 MBytes   762 Mbits/sec  11625  
[  4]  55.00-56.00  sec  90.2 MBytes   757 Mbits/sec  11544  
[  4]  56.00-57.00  sec  90.3 MBytes   757 Mbits/sec  11553  
[  4]  57.00-58.00  sec  90.6 MBytes   760 Mbits/sec  11599  
[  4]  58.00-59.00  sec  91.4 MBytes   767 Mbits/sec  11698  
[  4]  59.00-60.00  sec  90.4 MBytes   759 Mbits/sec  11575  
[  4]  60.00-61.00  sec  93.3 MBytes   783 Mbits/sec  11946  
[  4]  61.00-62.00  sec  90.9 MBytes   763 Mbits/sec  11638  
[  4]  62.00-63.00  sec  91.9 MBytes   771 Mbits/sec  11760  
[  4]  63.00-64.00  sec  90.9 MBytes   763 Mbits/sec  11638  
[  4]  64.00-65.00  sec  90.4 MBytes   759 Mbits/sec  11577  
[  4]  65.00-66.00  sec  90.4 MBytes   758 Mbits/sec  11567  
[  4]  66.00-67.00  sec  90.3 MBytes   758 Mbits/sec  11560  
[  4]  67.00-68.00  sec  90.1 MBytes   756 Mbits/sec  11529  
[  4]  68.00-69.00  sec  90.7 MBytes   761 Mbits/sec  11607  
[  4]  69.00-70.00  sec  91.6 MBytes   768 Mbits/sec  11721  
[  4]  70.00-71.00  sec  89.9 MBytes   754 Mbits/sec  11504  
[  4]  71.00-72.00  sec  90.8 MBytes   762 Mbits/sec  11621  
[  4]  72.00-73.00  sec  90.6 MBytes   760 Mbits/sec  11593  
[  4]  73.00-74.00  sec  89.8 MBytes   753 Mbits/sec  11492  
[  4]  74.00-75.00  sec  90.6 MBytes   760 Mbits/sec  11600  
[  4]  75.00-76.00  sec  90.7 MBytes   761 Mbits/sec  11608  
[  4]  76.00-77.00  sec  91.3 MBytes   766 Mbits/sec  11681  
[  4]  77.00-78.00  sec  90.8 MBytes   762 Mbits/sec  11628  
[  4]  78.00-79.00  sec  91.2 MBytes   765 Mbits/sec  11674  
[  4]  79.00-80.00  sec  91.9 MBytes   771 Mbits/sec  11765  
[  4]  80.00-81.00  sec  91.5 MBytes   768 Mbits/sec  11718  
[  4]  81.00-82.00  sec  91.2 MBytes   765 Mbits/sec  11675  
[  4]  82.00-83.00  sec  90.1 MBytes   756 Mbits/sec  11537  
[  4]  83.00-84.00  sec  89.2 MBytes   748 Mbits/sec  11419  
[  4]  84.00-85.00  sec  90.1 MBytes   756 Mbits/sec  11536  
[  4]  85.00-86.00  sec  90.5 MBytes   759 Mbits/sec  11583  
[  4]  86.00-87.00  sec  90.5 MBytes   759 Mbits/sec  11584  
[  4]  87.00-88.00  sec  88.8 MBytes   745 Mbits/sec  11360  
[  4]  88.00-89.00  sec  91.1 MBytes   764 Mbits/sec  11662  
[  4]  89.00-90.00  sec  91.8 MBytes   770 Mbits/sec  11752  
[  4]  90.00-91.00  sec  91.8 MBytes   770 Mbits/sec  11744  
[  4]  91.00-92.00  sec  92.4 MBytes   775 Mbits/sec  11832  
[  4]  92.00-93.00  sec  92.4 MBytes   775 Mbits/sec  11832  
[  4]  93.00-94.00  sec  90.4 MBytes   758 Mbits/sec  11573  
[  4]  94.00-95.00  sec  90.4 MBytes   758 Mbits/sec  11568  
[  4]  95.00-96.00  sec  90.5 MBytes   759 Mbits/sec  11586  
[  4]  96.00-97.00  sec  89.8 MBytes   753 Mbits/sec  11495  
[  4]  97.00-98.00  sec  89.4 MBytes   750 Mbits/sec  11447  
[  4]  98.00-99.00  sec  90.6 MBytes   760 Mbits/sec  11603  
[  4]  99.00-100.00 sec  91.3 MBytes   766 Mbits/sec  11689  
[  4] 100.00-101.00 sec  90.1 MBytes   756 Mbits/sec  11535  
[  4] 101.00-102.00 sec  90.4 MBytes   758 Mbits/sec  11569  
[  4] 102.00-103.00 sec  90.9 MBytes   763 Mbits/sec  11639  
[  4] 103.00-104.00 sec  91.2 MBytes   765 Mbits/sec  11677  
[  4] 104.00-105.00 sec  90.8 MBytes   762 Mbits/sec  11624  
[  4] 105.00-106.00 sec  90.8 MBytes   761 Mbits/sec  11616  
[  4] 106.00-107.00 sec  90.8 MBytes   762 Mbits/sec  11624  
[  4] 107.00-108.00 sec  92.3 MBytes   774 Mbits/sec  11817  
[  4] 108.00-109.00 sec  90.2 MBytes   757 Mbits/sec  11546  
[  4] 109.00-110.00 sec  90.7 MBytes   761 Mbits/sec  11605  
[  4] 110.00-111.00 sec  90.9 MBytes   763 Mbits/sec  11641  
[  4] 111.00-112.00 sec  90.6 MBytes   760 Mbits/sec  11599  
[  4] 112.00-113.00 sec  90.8 MBytes   761 Mbits/sec  11616  
[  4] 113.00-114.00 sec  89.7 MBytes   752 Mbits/sec  11481  
[  4] 114.00-115.00 sec  89.7 MBytes   752 Mbits/sec  11479  
[  4] 115.00-116.00 sec  90.6 MBytes   760 Mbits/sec  11600  
[  4] 116.00-117.00 sec  91.2 MBytes   765 Mbits/sec  11680  
[  4] 117.00-118.00 sec  91.5 MBytes   768 Mbits/sec  11711  
[  4] 118.00-119.00 sec  91.4 MBytes   767 Mbits/sec  11699  
[  4] 119.00-120.00 sec  92.2 MBytes   774 Mbits/sec  11807  
[  4] 120.00-121.00 sec  90.6 MBytes   760 Mbits/sec  11602  
[  4] 121.00-122.00 sec  92.0 MBytes   772 Mbits/sec  11782  
[  4] 122.00-123.00 sec  89.1 MBytes   748 Mbits/sec  11410  
[  4] 123.00-124.00 sec  91.7 MBytes   770 Mbits/sec  11743  
[  4] 124.00-125.00 sec  91.2 MBytes   765 Mbits/sec  11675  
[  4] 125.00-126.00 sec  91.2 MBytes   765 Mbits/sec  11677  
[  4] 126.00-127.00 sec  89.3 MBytes   749 Mbits/sec  11432  
[  4] 127.00-128.00 sec  89.5 MBytes   751 Mbits/sec  11456  
[  4] 128.00-129.00 sec  91.6 MBytes   768 Mbits/sec  11719  
[  4] 129.00-130.00 sec  90.9 MBytes   763 Mbits/sec  11640  
[  4] 130.00-131.00 sec  89.7 MBytes   752 Mbits/sec  11480  
[  4] 131.00-132.00 sec  90.1 MBytes   756 Mbits/sec  11537  
[  4] 132.00-133.00 sec  90.2 MBytes   757 Mbits/sec  11551  
[  4] 133.00-134.00 sec  91.3 MBytes   766 Mbits/sec  11691  
[  4] 134.00-135.00 sec  88.8 MBytes   744 Mbits/sec  11360  
[  4] 135.00-136.00 sec  91.1 MBytes   764 Mbits/sec  11663  
[  4] 136.00-137.00 sec  91.3 MBytes   766 Mbits/sec  11681  
[  4] 137.00-138.00 sec  91.5 MBytes   767 Mbits/sec  11709  
[  4] 138.00-139.00 sec  89.7 MBytes   753 Mbits/sec  11486  
[  4] 139.00-140.00 sec  90.7 MBytes   761 Mbits/sec  11608  
[  4] 140.00-141.00 sec  91.3 MBytes   766 Mbits/sec  11688  
[  4] 141.00-142.00 sec  91.9 MBytes   771 Mbits/sec  11761  
[  4] 142.00-143.00 sec  90.7 MBytes   761 Mbits/sec  11607  
[  4] 143.00-144.00 sec  89.4 MBytes   750 Mbits/sec  11444  
[  4] 144.00-145.00 sec  91.3 MBytes   766 Mbits/sec  11687  
[  4] 145.00-146.00 sec  90.6 MBytes   760 Mbits/sec  11598  
[  4] 146.00-147.00 sec  90.8 MBytes   761 Mbits/sec  11619  
[  4] 147.00-148.00 sec  91.7 MBytes   770 Mbits/sec  11743  
[  4] 148.00-149.00 sec  91.5 MBytes   767 Mbits/sec  11707  
[  4] 149.00-150.00 sec  92.2 MBytes   774 Mbits/sec  11808  
[  4] 150.00-151.00 sec  91.1 MBytes   764 Mbits/sec  11656  
[  4] 151.00-152.00 sec  91.9 MBytes   771 Mbits/sec  11760  
[  4] 152.00-153.00 sec  90.5 MBytes   759 Mbits/sec  11585  
[  4] 153.00-154.00 sec  91.2 MBytes   765 Mbits/sec  11669  
[  4] 154.00-155.00 sec  91.2 MBytes   765 Mbits/sec  11680  
[  4] 155.00-156.00 sec  89.6 MBytes   752 Mbits/sec  11471  
[  4] 156.00-157.00 sec  89.6 MBytes   751 Mbits/sec  11465  
[  4] 157.00-158.00 sec  89.6 MBytes   751 Mbits/sec  11464  
[  4] 158.00-159.00 sec  89.5 MBytes   751 Mbits/sec  11461  
[  4] 159.00-160.00 sec  90.7 MBytes   761 Mbits/sec  11607  
[  4] 160.00-161.00 sec  90.4 MBytes   758 Mbits/sec  11569  
[  4] 161.00-162.00 sec  89.6 MBytes   751 Mbits/sec  11465  
[  4] 162.00-163.00 sec  88.6 MBytes   743 Mbits/sec  11345  
[  4] 163.00-164.00 sec  91.5 MBytes   768 Mbits/sec  11715  
[  4] 164.00-165.00 sec  91.3 MBytes   766 Mbits/sec  11684  
[  4] 165.00-166.00 sec  91.9 MBytes   771 Mbits/sec  11765  
[  4] 166.00-167.00 sec  91.1 MBytes   764 Mbits/sec  11664  
[  4] 167.00-168.00 sec  92.2 MBytes   773 Mbits/sec  11800  
[  4] 168.00-169.00 sec  91.1 MBytes   764 Mbits/sec  11665  
[  4] 169.00-170.00 sec  89.8 MBytes   753 Mbits/sec  11493  
[  4] 170.00-171.00 sec  89.6 MBytes   752 Mbits/sec  11472  
[  4] 171.00-172.00 sec  90.5 MBytes   759 Mbits/sec  11582  
[  4] 172.00-173.00 sec  90.6 MBytes   760 Mbits/sec  11603  
[  4] 173.00-174.00 sec  90.3 MBytes   758 Mbits/sec  11563  
[  4] 174.00-175.00 sec  89.8 MBytes   753 Mbits/sec  11496  
[  4] 175.00-176.00 sec  90.9 MBytes   762 Mbits/sec  11632  
[  4] 176.00-177.00 sec  91.1 MBytes   764 Mbits/sec  11664  
[  4] 177.00-178.00 sec  90.6 MBytes   760 Mbits/sec  11591  
[  4] 178.00-179.00 sec  90.2 MBytes   756 Mbits/sec  11541  
[  4] 179.00-180.00 sec  92.1 MBytes   773 Mbits/sec  11791  
[  4] 180.00-181.00 sec  90.9 MBytes   762 Mbits/sec  11633  
[  4] 181.00-182.00 sec  90.1 MBytes   756 Mbits/sec  11535  
[  4] 182.00-183.00 sec  90.9 MBytes   762 Mbits/sec  11633  
[  4] 183.00-184.00 sec  90.6 MBytes   760 Mbits/sec  11592  
[  4] 184.00-185.00 sec  89.7 MBytes   752 Mbits/sec  11479  
[  4] 185.00-186.00 sec  89.3 MBytes   749 Mbits/sec  11433  
[  4] 186.00-187.00 sec  89.0 MBytes   746 Mbits/sec  11391  
[  4] 187.00-188.00 sec  90.1 MBytes   756 Mbits/sec  11536  
[  4] 188.00-189.00 sec  90.1 MBytes   756 Mbits/sec  11532  
[  4] 189.00-190.00 sec  90.7 MBytes   761 Mbits/sec  11607  
[  4] 190.00-191.00 sec  90.4 MBytes   758 Mbits/sec  11568  
[  4] 191.00-192.00 sec  90.9 MBytes   763 Mbits/sec  11641  
[  4] 192.00-193.00 sec  90.9 MBytes   763 Mbits/sec  11639  
[  4] 193.00-194.00 sec  91.7 MBytes   769 Mbits/sec  11736  
[  4] 194.00-195.00 sec  90.9 MBytes   763 Mbits/sec  11639  
[  4] 195.00-196.00 sec  91.4 MBytes   767 Mbits/sec  11704  
[  4] 196.00-197.00 sec  91.7 MBytes   769 Mbits/sec  11737  
[  4] 197.00-198.00 sec  91.7 MBytes   769 Mbits/sec  11736  
[  4] 198.00-199.00 sec  91.5 MBytes   767 Mbits/sec  11707  
[  4] 199.00-200.00 sec  90.8 MBytes   762 Mbits/sec  11624  
- - - - - - - - - - - - - - - - - - - - - - - - -
[ ID] Interval           Transfer     Bandwidth       Jitter    Lost/Total Datagrams
[  4]   0.00-200.00 sec  17.7 GBytes   759 Mbits/sec  0.103 ms  57/2316869 (0.0025%)  
[  4] Sent 2316869 datagrams

Server output:
Accepted connection from 10.0.10.1, port 56302
[  5] local 1.0.0.1 port 5201 connected to 10.0.10.1 port 42166
[ ID] Interval           Transfer     Bandwidth       Jitter    Lost/Total Datagrams
[  5]   0.00-1.00   sec  78.8 MBytes   661 Mbits/sec  0.045 ms  0/10086 (0%)  
[  5]   1.00-2.00   sec  91.7 MBytes   770 Mbits/sec  0.061 ms  0/11743 (0%)  
[  5]   2.00-3.00   sec  90.9 MBytes   763 Mbits/sec  0.059 ms  0/11637 (0%)  
[  5]   3.00-4.00   sec  89.6 MBytes   752 Mbits/sec  0.050 ms  0/11471 (0%)  
[  5]   4.00-5.00   sec  90.0 MBytes   755 Mbits/sec  0.057 ms  0/11519 (0%)  
[  5]   5.00-6.00   sec  89.8 MBytes   754 Mbits/sec  0.052 ms  0/11499 (0%)  
[  5]   6.00-7.00   sec  90.9 MBytes   763 Mbits/sec  0.063 ms  0/11637 (0%)  
[  5]   7.00-8.00   sec  90.7 MBytes   761 Mbits/sec  0.045 ms  0/11611 (0%)  
[  5]   8.00-9.00   sec  91.4 MBytes   767 Mbits/sec  0.054 ms  0/11704 (0%)  
[  5]   9.00-10.00  sec  91.2 MBytes   765 Mbits/sec  0.050 ms  0/11675 (0%)  
[  5]  10.00-11.00  sec  91.2 MBytes   765 Mbits/sec  0.071 ms  0/11668 (0%)  
[  5]  11.00-12.00  sec  91.2 MBytes   765 Mbits/sec  0.065 ms  0/11674 (0%)  
[  5]  12.00-13.00  sec  90.9 MBytes   762 Mbits/sec  0.047 ms  0/11634 (0%)  
[  5]  13.00-14.00  sec  91.4 MBytes   767 Mbits/sec  0.046 ms  0/11699 (0%)  
[  5]  14.00-15.00  sec  90.2 MBytes   757 Mbits/sec  0.051 ms  0/11550 (0%)  
[  5]  15.00-16.00  sec  91.9 MBytes   771 Mbits/sec  0.056 ms  0/11766 (0%)  
[  5]  16.00-17.00  sec  93.4 MBytes   784 Mbits/sec  0.047 ms  0/11960 (0%)  
[  5]  17.00-18.00  sec  88.7 MBytes   744 Mbits/sec  0.056 ms  0/11349 (0%)  
[  5]  18.00-19.00  sec  91.8 MBytes   770 Mbits/sec  0.060 ms  0/11751 (0%)  
[  5]  19.00-20.00  sec  91.0 MBytes   763 Mbits/sec  0.071 ms  0/11647 (0%)  
[  5]  20.00-21.00  sec  91.2 MBytes   765 Mbits/sec  0.056 ms  0/11677 (0%)  
[  5]  21.00-22.00  sec  88.9 MBytes   746 Mbits/sec  0.051 ms  0/11379 (0%)  
[  5]  22.00-23.00  sec  89.4 MBytes   750 Mbits/sec  0.052 ms  0/11438 (0%)  
[  5]  23.00-24.00  sec  88.3 MBytes   741 Mbits/sec  0.058 ms  0/11304 (0%)  
[  5]  24.00-25.00  sec  89.8 MBytes   753 Mbits/sec  0.070 ms  0/11491 (0%)  
[  5]  25.00-26.00  sec  89.5 MBytes   751 Mbits/sec  0.063 ms  0/11461 (0%)  
[  5]  26.00-27.00  sec  89.4 MBytes   750 Mbits/sec  0.067 ms  0/11443 (0%)  
[  5]  27.00-28.00  sec  88.2 MBytes   740 Mbits/sec  0.056 ms  0/11286 (0%)  
[  5]  28.00-29.00  sec  89.1 MBytes   748 Mbits/sec  0.068 ms  0/11410 (0%)  
[  5]  29.00-30.00  sec  88.2 MBytes   740 Mbits/sec  0.050 ms  0/11285 (0%)  
[  5]  30.00-31.00  sec  89.1 MBytes   748 Mbits/sec  0.062 ms  0/11406 (0%)  
[  5]  31.00-32.00  sec  88.2 MBytes   740 Mbits/sec  0.057 ms  0/11286 (0%)  
[  5]  32.00-33.00  sec  90.8 MBytes   762 Mbits/sec  0.061 ms  0/11620 (0%)  
[  5]  33.00-34.00  sec  88.7 MBytes   744 Mbits/sec  0.054 ms  0/11352 (0%)  
[  5]  34.00-35.00  sec  89.8 MBytes   753 Mbits/sec  0.076 ms  0/11489 (0%)  
[  5]  35.00-36.00  sec  90.3 MBytes   758 Mbits/sec  0.050 ms  0/11560 (0%)  
[  5]  36.00-37.00  sec  90.1 MBytes   756 Mbits/sec  0.064 ms  0/11537 (0%)  
[  5]  37.00-38.00  sec  89.3 MBytes   749 Mbits/sec  0.065 ms  0/11433 (0%)  
[  5]  38.00-39.00  sec  89.7 MBytes   752 Mbits/sec  0.064 ms  0/11480 (0%)  
[  5]  39.00-40.00  sec  88.3 MBytes   741 Mbits/sec  0.047 ms  0/11300 (0%)  
[  5]  40.00-41.00  sec  89.1 MBytes   748 Mbits/sec  0.069 ms  0/11407 (0%)  
[  5]  41.00-42.00  sec  88.8 MBytes   745 Mbits/sec  0.067 ms  0/11367 (0%)  
[  5]  42.00-43.00  sec  88.3 MBytes   741 Mbits/sec  0.068 ms  0/11304 (0%)  
[  5]  43.00-44.00  sec  88.5 MBytes   742 Mbits/sec  0.067 ms  0/11323 (0%)  
[  5]  44.00-45.00  sec  87.8 MBytes   737 Mbits/sec  0.076 ms  0/11239 (0%)  
[  5]  45.00-46.00  sec  90.1 MBytes   756 Mbits/sec  0.062 ms  0/11536 (0%)  
[  5]  46.00-47.00  sec  89.3 MBytes   749 Mbits/sec  0.060 ms  0/11432 (0%)  
[  5]  47.00-48.00  sec  91.1 MBytes   764 Mbits/sec  0.075 ms  0/11657 (0%)  
[  5]  48.00-49.00  sec  92.2 MBytes   773 Mbits/sec  0.069 ms  0/11800 (0%)  
[  5]  49.00-50.00  sec  90.6 MBytes   760 Mbits/sec  0.067 ms  0/11603 (0%)  
[  5]  50.00-51.00  sec  90.5 MBytes   759 Mbits/sec  0.061 ms  0/11586 (0%)  
[  5]  51.00-52.00  sec  88.8 MBytes   745 Mbits/sec  0.060 ms  0/11362 (0%)  
[  5]  52.00-53.00  sec  91.3 MBytes   766 Mbits/sec  0.057 ms  0/11681 (0%)  
[  5]  53.00-54.00  sec  90.0 MBytes   755 Mbits/sec  0.063 ms  0/11522 (0%)  
[  5]  54.00-55.00  sec  90.7 MBytes   761 Mbits/sec  0.066 ms  0/11615 (0%)  
[  5]  55.00-56.00  sec  90.1 MBytes   756 Mbits/sec  0.088 ms  0/11538 (0%)  
[  5]  56.00-57.00  sec  90.3 MBytes   757 Mbits/sec  0.077 ms  0/11555 (0%)  
[  5]  57.00-58.00  sec  90.6 MBytes   760 Mbits/sec  0.071 ms  0/11592 (0%)  
[  5]  58.00-59.00  sec  91.5 MBytes   768 Mbits/sec  0.059 ms  0/11715 (0%)  
[  5]  59.00-60.00  sec  90.1 MBytes   756 Mbits/sec  0.069 ms  0/11539 (0%)  
[  5]  60.00-61.00  sec  93.6 MBytes   785 Mbits/sec  0.068 ms  0/11975 (0%)  
[  5]  61.00-62.00  sec  90.9 MBytes   762 Mbits/sec  0.075 ms  0/11631 (0%)  
[  5]  62.00-63.00  sec  91.9 MBytes   771 Mbits/sec  0.083 ms  0/11762 (0%)  
[  5]  63.00-64.00  sec  90.9 MBytes   763 Mbits/sec  0.069 ms  0/11640 (0%)  
[  5]  64.00-65.00  sec  90.5 MBytes   759 Mbits/sec  0.071 ms  0/11579 (0%)  
[  5]  65.00-66.00  sec  90.4 MBytes   759 Mbits/sec  0.077 ms  0/11575 (0%)  
[  5]  66.00-67.00  sec  90.3 MBytes   758 Mbits/sec  0.070 ms  0/11562 (0%)  
[  5]  67.00-68.00  sec  90.0 MBytes   755 Mbits/sec  0.074 ms  0/11521 (0%)  
[  5]  68.00-69.00  sec  90.6 MBytes   760 Mbits/sec  0.083 ms  0/11603 (0%)  
[  5]  69.00-70.00  sec  91.7 MBytes   769 Mbits/sec  0.079 ms  0/11735 (0%)  
[  5]  70.00-71.00  sec  89.8 MBytes   753 Mbits/sec  0.078 ms  0/11494 (0%)  
[  5]  71.00-72.00  sec  90.7 MBytes   761 Mbits/sec  0.077 ms  0/11613 (0%)  
[  5]  72.00-73.00  sec  90.6 MBytes   760 Mbits/sec  0.062 ms  0/11599 (0%)  
[  5]  73.00-74.00  sec  89.8 MBytes   754 Mbits/sec  0.081 ms  0/11500 (0%)  
[  5]  74.00-75.00  sec  90.6 MBytes   760 Mbits/sec  0.075 ms  0/11595 (0%)  
[  5]  75.00-76.00  sec  90.7 MBytes   761 Mbits/sec  0.075 ms  0/11607 (0%)  
[  5]  76.00-77.00  sec  91.2 MBytes   765 Mbits/sec  0.069 ms  0/11672 (0%)  
[  5]  77.00-78.00  sec  90.8 MBytes   762 Mbits/sec  0.069 ms  0/11628 (0%)  
[  5]  78.00-79.00  sec  91.3 MBytes   766 Mbits/sec  0.081 ms  0/11684 (0%)  
[  5]  79.00-80.00  sec  91.9 MBytes   771 Mbits/sec  0.082 ms  0/11761 (0%)  
[  5]  80.00-81.00  sec  91.5 MBytes   768 Mbits/sec  0.079 ms  0/11716 (0%)  
[  5]  81.00-82.00  sec  91.2 MBytes   765 Mbits/sec  0.076 ms  0/11678 (0%)  
[  5]  82.00-83.00  sec  90.2 MBytes   757 Mbits/sec  0.070 ms  0/11547 (0%)  
[  5]  83.00-84.00  sec  89.2 MBytes   748 Mbits/sec  0.083 ms  0/11420 (0%)  
[  5]  84.00-85.00  sec  90.1 MBytes   756 Mbits/sec  0.085 ms  0/11528 (0%)  
[  5]  85.00-86.00  sec  90.4 MBytes   759 Mbits/sec  0.078 ms  0/11575 (0%)  
[  5]  86.00-87.00  sec  90.6 MBytes   760 Mbits/sec  0.075 ms  0/11597 (0%)  
[  5]  87.00-88.00  sec  88.7 MBytes   744 Mbits/sec  0.075 ms  0/11352 (0%)  
[  5]  88.00-89.00  sec  91.1 MBytes   764 Mbits/sec  0.090 ms  0/11666 (0%)  
[  5]  89.00-90.00  sec  91.8 MBytes   770 Mbits/sec  0.082 ms  0/11751 (0%)  
[  5]  90.00-91.00  sec  91.7 MBytes   769 Mbits/sec  0.080 ms  0/11740 (0%)  
[  5]  91.00-92.00  sec  92.5 MBytes   776 Mbits/sec  0.073 ms  0/11836 (0%)  
[  5]  92.00-93.00  sec  92.5 MBytes   776 Mbits/sec  0.090 ms  0/11836 (0%)  
[  5]  93.00-94.00  sec  90.5 MBytes   759 Mbits/sec  0.082 ms  0/11578 (0%)  
[  5]  94.00-95.00  sec  90.3 MBytes   757 Mbits/sec  0.078 ms  0/11556 (0%)  
[  5]  95.00-96.00  sec  90.6 MBytes   760 Mbits/sec  0.082 ms  0/11594 (0%)  
[  5]  96.00-97.00  sec  89.8 MBytes   753 Mbits/sec  0.080 ms  0/11493 (0%)  
[  5]  97.00-98.00  sec  89.4 MBytes   750 Mbits/sec  0.083 ms  0/11437 (0%)  
[  5]  98.00-99.00  sec  90.7 MBytes   761 Mbits/sec  0.079 ms  0/11606 (0%)  
[  5]  99.00-100.00 sec  91.4 MBytes   766 Mbits/sec  0.098 ms  0/11694 (0%)  
[  5] 100.00-101.00 sec  90.1 MBytes   756 Mbits/sec  0.082 ms  0/11529 (0%)  
[  5] 101.00-102.00 sec  90.4 MBytes   759 Mbits/sec  0.079 ms  0/11575 (0%)  
[  5] 102.00-103.00 sec  90.9 MBytes   763 Mbits/sec  0.081 ms  0/11635 (0%)  
[  5] 103.00-104.00 sec  91.2 MBytes   765 Mbits/sec  0.084 ms  0/11679 (0%)  
[  5] 104.00-105.00 sec  90.8 MBytes   761 Mbits/sec  0.095 ms  0/11618 (0%)  
[  5] 105.00-106.00 sec  90.6 MBytes   760 Mbits/sec  0.068 ms  20/11615 (0.17%)  
[  5] 106.00-107.00 sec  90.8 MBytes   762 Mbits/sec  0.096 ms  0/11627 (0%)  
[  5] 107.00-108.00 sec  92.3 MBytes   774 Mbits/sec  0.089 ms  0/11813 (0%)  
[  5] 108.00-109.00 sec  90.3 MBytes   758 Mbits/sec  0.081 ms  0/11559 (0%)  
[  5] 109.00-110.00 sec  90.6 MBytes   760 Mbits/sec  0.090 ms  0/11593 (0%)  
[  5] 110.00-111.00 sec  91.0 MBytes   763 Mbits/sec  0.093 ms  0/11645 (0%)  
[  5] 111.00-112.00 sec  90.6 MBytes   760 Mbits/sec  0.100 ms  0/11597 (0%)  
[  5] 112.00-113.00 sec  90.8 MBytes   761 Mbits/sec  0.084 ms  0/11618 (0%)  
[  5] 113.00-114.00 sec  89.9 MBytes   754 Mbits/sec  0.079 ms  0/11507 (0%)  
[  5] 114.00-115.00 sec  89.4 MBytes   750 Mbits/sec  0.087 ms  0/11449 (0%)  
[  5] 115.00-116.00 sec  90.7 MBytes   761 Mbits/sec  0.079 ms  0/11613 (0%)  
[  5] 116.00-117.00 sec  91.2 MBytes   765 Mbits/sec  0.079 ms  0/11673 (0%)  
[  5] 117.00-118.00 sec  91.5 MBytes   767 Mbits/sec  0.085 ms  0/11708 (0%)  
[  5] 118.00-119.00 sec  91.1 MBytes   765 Mbits/sec  0.101 ms  37/11703 (0.32%)  
[  5] 119.00-120.00 sec  92.2 MBytes   773 Mbits/sec  0.099 ms  0/11800 (0%)  
[  5] 120.00-121.00 sec  90.7 MBytes   761 Mbits/sec  0.096 ms  0/11608 (0%)  
[  5] 121.00-122.00 sec  92.0 MBytes   772 Mbits/sec  0.096 ms  0/11778 (0%)  
[  5] 122.00-123.00 sec  89.1 MBytes   748 Mbits/sec  0.100 ms  0/11410 (0%)  
[  5] 123.00-124.00 sec  91.7 MBytes   769 Mbits/sec  0.087 ms  0/11738 (0%)  
[  5] 124.00-125.00 sec  91.2 MBytes   765 Mbits/sec  0.083 ms  0/11673 (0%)  
[  5] 125.00-126.00 sec  91.3 MBytes   766 Mbits/sec  0.093 ms  0/11689 (0%)  
[  5] 126.00-127.00 sec  89.2 MBytes   749 Mbits/sec  0.073 ms  0/11424 (0%)  
[  5] 127.00-128.00 sec  89.4 MBytes   750 Mbits/sec  0.089 ms  0/11446 (0%)  
[  5] 128.00-129.00 sec  91.6 MBytes   769 Mbits/sec  0.085 ms  0/11730 (0%)  
[  5] 129.00-130.00 sec  90.9 MBytes   763 Mbits/sec  0.115 ms  0/11641 (0%)  
[  5] 130.00-131.00 sec  89.7 MBytes   752 Mbits/sec  0.088 ms  0/11480 (0%)  
[  5] 131.00-132.00 sec  90.2 MBytes   756 Mbits/sec  0.101 ms  0/11541 (0%)  
[  5] 132.00-133.00 sec  90.2 MBytes   757 Mbits/sec  0.095 ms  0/11552 (0%)  
[  5] 133.00-134.00 sec  91.4 MBytes   767 Mbits/sec  0.103 ms  0/11698 (0%)  
[  5] 134.00-135.00 sec  88.7 MBytes   744 Mbits/sec  0.120 ms  0/11356 (0%)  
[  5] 135.00-136.00 sec  91.1 MBytes   764 Mbits/sec  0.085 ms  0/11660 (0%)  
[  5] 136.00-137.00 sec  91.2 MBytes   765 Mbits/sec  0.090 ms  0/11677 (0%)  
[  5] 137.00-138.00 sec  91.4 MBytes   767 Mbits/sec  0.098 ms  0/11703 (0%)  
[  5] 138.00-139.00 sec  89.8 MBytes   753 Mbits/sec  0.070 ms  0/11488 (0%)  
[  5] 139.00-140.00 sec  90.7 MBytes   761 Mbits/sec  0.103 ms  0/11611 (0%)  
[  5] 140.00-141.00 sec  91.3 MBytes   766 Mbits/sec  0.101 ms  0/11682 (0%)  
[  5] 141.00-142.00 sec  92.0 MBytes   771 Mbits/sec  0.097 ms  0/11770 (0%)  
[  5] 142.00-143.00 sec  90.7 MBytes   761 Mbits/sec  0.092 ms  0/11605 (0%)  
[  5] 143.00-144.00 sec  89.6 MBytes   751 Mbits/sec  0.098 ms  0/11463 (0%)  
[  5] 144.00-145.00 sec  91.1 MBytes   765 Mbits/sec  0.087 ms  0/11666 (0%)  
[  5] 145.00-146.00 sec  90.7 MBytes   761 Mbits/sec  0.110 ms  0/11610 (0%)  
[  5] 146.00-147.00 sec  90.7 MBytes   761 Mbits/sec  0.103 ms  0/11612 (0%)  
[  5] 147.00-148.00 sec  91.6 MBytes   768 Mbits/sec  0.083 ms  0/11722 (0%)  
[  5] 148.00-149.00 sec  91.6 MBytes   768 Mbits/sec  0.102 ms  0/11724 (0%)  
[  5] 149.00-150.00 sec  92.3 MBytes   774 Mbits/sec  0.111 ms  0/11809 (0%)  
[  5] 150.00-151.00 sec  91.0 MBytes   764 Mbits/sec  0.089 ms  0/11654 (0%)  
[  5] 151.00-152.00 sec  91.9 MBytes   771 Mbits/sec  0.096 ms  0/11759 (0%)  
[  5] 152.00-153.00 sec  90.5 MBytes   760 Mbits/sec  0.102 ms  0/11589 (0%)  
[  5] 153.00-154.00 sec  91.2 MBytes   765 Mbits/sec  0.108 ms  0/11678 (0%)  
[  5] 154.00-155.00 sec  91.1 MBytes   765 Mbits/sec  0.108 ms  0/11667 (0%)  
[  5] 155.00-156.00 sec  89.7 MBytes   753 Mbits/sec  0.099 ms  0/11487 (0%)  
[  5] 156.00-157.00 sec  89.5 MBytes   751 Mbits/sec  0.087 ms  0/11457 (0%)  
[  5] 157.00-158.00 sec  89.5 MBytes   751 Mbits/sec  0.085 ms  0/11460 (0%)  
[  5] 158.00-159.00 sec  89.7 MBytes   753 Mbits/sec  0.092 ms  0/11485 (0%)  
[  5] 159.00-160.00 sec  90.5 MBytes   759 Mbits/sec  0.106 ms  0/11584 (0%)  
[  5] 160.00-161.00 sec  90.4 MBytes   758 Mbits/sec  0.100 ms  0/11571 (0%)  
[  5] 161.00-162.00 sec  89.6 MBytes   752 Mbits/sec  0.116 ms  0/11475 (0%)  
[  5] 162.00-163.00 sec  88.6 MBytes   743 Mbits/sec  0.086 ms  0/11344 (0%)  
[  5] 163.00-164.00 sec  91.5 MBytes   767 Mbits/sec  0.102 ms  0/11708 (0%)  
[  5] 164.00-165.00 sec  91.2 MBytes   765 Mbits/sec  0.109 ms  0/11669 (0%)  
[  5] 165.00-166.00 sec  92.0 MBytes   772 Mbits/sec  0.119 ms  0/11773 (0%)  
[  5] 166.00-167.00 sec  91.1 MBytes   765 Mbits/sec  0.115 ms  0/11667 (0%)  
[  5] 167.00-168.00 sec  92.0 MBytes   771 Mbits/sec  0.107 ms  0/11772 (0%)  
[  5] 168.00-169.00 sec  91.4 MBytes   766 Mbits/sec  0.103 ms  0/11695 (0%)  
[  5] 169.00-170.00 sec  89.9 MBytes   754 Mbits/sec  0.089 ms  0/11501 (0%)  
[  5] 170.00-171.00 sec  89.5 MBytes   751 Mbits/sec  0.077 ms  0/11456 (0%)  
[  5] 171.00-172.00 sec  90.6 MBytes   760 Mbits/sec  0.104 ms  0/11593 (0%)  
[  5] 172.00-173.00 sec  90.7 MBytes   761 Mbits/sec  0.091 ms  0/11607 (0%)  
[  5] 173.00-174.00 sec  90.3 MBytes   757 Mbits/sec  0.098 ms  0/11557 (0%)  
[  5] 174.00-175.00 sec  89.8 MBytes   753 Mbits/sec  0.101 ms  0/11495 (0%)  
[  5] 175.00-176.00 sec  90.8 MBytes   762 Mbits/sec  0.107 ms  0/11627 (0%)  
[  5] 176.00-177.00 sec  91.2 MBytes   765 Mbits/sec  0.119 ms  0/11671 (0%)  
[  5] 177.00-178.00 sec  90.6 MBytes   760 Mbits/sec  0.111 ms  0/11591 (0%)  
[  5] 178.00-179.00 sec  90.2 MBytes   757 Mbits/sec  0.099 ms  0/11548 (0%)  
[  5] 179.00-180.00 sec  92.0 MBytes   772 Mbits/sec  0.108 ms  0/11776 (0%)  
[  5] 180.00-181.00 sec  90.9 MBytes   763 Mbits/sec  0.103 ms  0/11637 (0%)  
[  5] 181.00-182.00 sec  90.2 MBytes   757 Mbits/sec  0.098 ms  0/11543 (0%)  
[  5] 182.00-183.00 sec  90.8 MBytes   762 Mbits/sec  0.100 ms  0/11628 (0%)  
[  5] 183.00-184.00 sec  90.5 MBytes   759 Mbits/sec  0.104 ms  0/11588 (0%)  
[  5] 184.00-185.00 sec  89.7 MBytes   752 Mbits/sec  0.100 ms  0/11476 (0%)  
[  5] 185.00-186.00 sec  89.3 MBytes   749 Mbits/sec  0.116 ms  0/11436 (0%)  
[  5] 186.00-187.00 sec  89.1 MBytes   747 Mbits/sec  0.092 ms  0/11402 (0%)  
[  5] 187.00-188.00 sec  90.0 MBytes   755 Mbits/sec  0.117 ms  0/11524 (0%)  
[  5] 188.00-189.00 sec  90.2 MBytes   757 Mbits/sec  0.123 ms  0/11547 (0%)  
[  5] 189.00-190.00 sec  90.5 MBytes   759 Mbits/sec  0.104 ms  0/11582 (0%)  
[  5] 190.00-191.00 sec  90.4 MBytes   759 Mbits/sec  0.096 ms  0/11574 (0%)  
[  5] 191.00-192.00 sec  91.0 MBytes   763 Mbits/sec  0.108 ms  0/11646 (0%)  
[  5] 192.00-193.00 sec  90.9 MBytes   763 Mbits/sec  0.121 ms  0/11639 (0%)  
[  5] 193.00-194.00 sec  91.7 MBytes   769 Mbits/sec  0.121 ms  0/11741 (0%)  
[  5] 194.00-195.00 sec  90.9 MBytes   763 Mbits/sec  0.116 ms  0/11635 (0%)  
[  5] 195.00-196.00 sec  91.4 MBytes   767 Mbits/sec  0.099 ms  0/11700 (0%)  
[  5] 196.00-197.00 sec  91.7 MBytes   769 Mbits/sec  0.113 ms  0/11741 (0%)  
[  5] 197.00-198.00 sec  91.7 MBytes   769 Mbits/sec  0.118 ms  0/11732 (0%)  
[  5] 198.00-199.00 sec  91.6 MBytes   768 Mbits/sec  0.090 ms  0/11719 (0%)  
[  5] 199.00-200.00 sec  90.8 MBytes   761 Mbits/sec  0.106 ms  0/11616 (0%)  


iperf Done.
