Connecting to host 1.0.0.1, port 5201
[  4] local 10.0.10.1 port 52727 connected to 1.0.0.1 port 5201
[ ID] Interval           Transfer     Bandwidth       Total Datagrams
[  4]   0.00-1.00   sec  82.4 MBytes   691 Mbits/sec  10545  
[  4]   1.00-2.00   sec  91.2 MBytes   765 Mbits/sec  11675  
[  4]   2.00-3.00   sec  90.0 MBytes   755 Mbits/sec  11520  
[  4]   3.00-4.00   sec  89.6 MBytes   751 Mbits/sec  11466  
[  4]   4.00-5.00   sec  89.8 MBytes   753 Mbits/sec  11488  
[  4]   5.00-6.00   sec  89.2 MBytes   749 Mbits/sec  11424  
[  4]   6.00-7.00   sec  90.8 MBytes   761 Mbits/sec  11616  
[  4]   7.00-8.00   sec  90.5 MBytes   759 Mbits/sec  11584  
[  4]   8.00-9.00   sec  90.4 MBytes   759 Mbits/sec  11577  
[  4]   9.00-10.00  sec  88.9 MBytes   746 Mbits/sec  11383  
[  4]  10.00-11.00  sec  88.3 MBytes   741 Mbits/sec  11304  
[  4]  11.00-12.00  sec  89.1 MBytes   747 Mbits/sec  11400  
[  4]  12.00-13.00  sec  89.1 MBytes   748 Mbits/sec  11408  
[  4]  13.00-14.00  sec  88.4 MBytes   741 Mbits/sec  11312  
[  4]  14.00-15.00  sec  89.1 MBytes   748 Mbits/sec  11408  
[  4]  15.00-16.00  sec  90.9 MBytes   763 Mbits/sec  11641  
[  4]  16.00-17.00  sec  89.6 MBytes   751 Mbits/sec  11465  
[  4]  17.00-18.00  sec  90.2 MBytes   756 Mbits/sec  11542  
[  4]  18.00-19.00  sec  91.5 MBytes   767 Mbits/sec  11711  
[  4]  19.00-20.00  sec  89.7 MBytes   753 Mbits/sec  11487  
[  4]  20.00-21.00  sec  89.5 MBytes   751 Mbits/sec  11456  
[  4]  21.00-22.00  sec  89.6 MBytes   752 Mbits/sec  11472  
[  4]  22.00-23.00  sec  89.1 MBytes   748 Mbits/sec  11409  
[  4]  23.00-24.00  sec  88.6 MBytes   744 Mbits/sec  11345  
[  4]  24.00-25.00  sec  89.3 MBytes   749 Mbits/sec  11431  
[  4]  25.00-26.00  sec  89.8 MBytes   753 Mbits/sec  11488  
[  4]  26.00-27.00  sec  89.2 MBytes   749 Mbits/sec  11424  
[  4]  27.00-28.00  sec  90.6 MBytes   760 Mbits/sec  11600  
[  4]  28.00-29.00  sec  89.6 MBytes   752 Mbits/sec  11473  
[  4]  29.00-30.00  sec  89.0 MBytes   747 Mbits/sec  11392  
[  4]  30.00-31.00  sec  88.9 MBytes   746 Mbits/sec  11384  
[  4]  31.00-32.00  sec  89.2 MBytes   748 Mbits/sec  11416  
[  4]  32.00-33.00  sec  89.4 MBytes   750 Mbits/sec  11441  
[  4]  33.00-34.00  sec  89.5 MBytes   751 Mbits/sec  11455  
[  4]  34.00-35.00  sec  90.1 MBytes   755 Mbits/sec  11527  
[  4]  35.00-36.00  sec  90.0 MBytes   755 Mbits/sec  11520  
[  4]  36.00-37.00  sec  88.2 MBytes   740 Mbits/sec  11288  
[  4]  37.00-38.00  sec  90.1 MBytes   756 Mbits/sec  11536  
[  4]  38.00-39.00  sec  89.1 MBytes   748 Mbits/sec  11409  
[  4]  39.00-40.00  sec  89.1 MBytes   748 Mbits/sec  11411  
[  4]  40.00-41.00  sec  89.8 MBytes   753 Mbits/sec  11495  
[  4]  41.00-42.00  sec  89.8 MBytes   753 Mbits/sec  11497  
[  4]  42.00-43.00  sec  89.2 MBytes   748 Mbits/sec  11420  
[  4]  43.00-44.00  sec  88.6 MBytes   743 Mbits/sec  11336  
[  4]  44.00-45.00  sec  90.9 MBytes   763 Mbits/sec  11640  
[  4]  45.00-46.00  sec  89.8 MBytes   753 Mbits/sec  11496  
[  4]  46.00-47.00  sec  90.0 MBytes   755 Mbits/sec  11514  
[  4]  47.00-48.00  sec  90.1 MBytes   756 Mbits/sec  11533  
[  4]  48.00-49.00  sec  89.8 MBytes   753 Mbits/sec  11498  
[  4]  49.00-50.00  sec  87.6 MBytes   735 Mbits/sec  11218  
[  4]  50.00-51.00  sec  89.8 MBytes   754 Mbits/sec  11497  
[  4]  51.00-52.00  sec  89.6 MBytes   752 Mbits/sec  11470  
[  4]  52.00-53.00  sec  88.8 MBytes   745 Mbits/sec  11361  
[  4]  53.00-54.00  sec  88.8 MBytes   745 Mbits/sec  11361  
[  4]  54.00-55.00  sec  90.8 MBytes   762 Mbits/sec  11625  
[  4]  55.00-56.00  sec  89.2 MBytes   749 Mbits/sec  11423  
[  4]  56.00-57.00  sec  88.9 MBytes   746 Mbits/sec  11376  
[  4]  57.00-58.00  sec  89.9 MBytes   754 Mbits/sec  11504  
[  4]  58.00-59.00  sec  89.6 MBytes   752 Mbits/sec  11475  
[  4]  59.00-60.00  sec  88.3 MBytes   741 Mbits/sec  11303  
[  4]  60.00-61.00  sec  89.9 MBytes   754 Mbits/sec  11513  
[  4]  61.00-62.00  sec  88.5 MBytes   742 Mbits/sec  11329  
[  4]  62.00-63.00  sec  89.4 MBytes   750 Mbits/sec  11447  
[  4]  63.00-64.00  sec  90.3 MBytes   758 Mbits/sec  11561  
[  4]  64.00-65.00  sec  90.0 MBytes   755 Mbits/sec  11520  
[  4]  65.00-66.00  sec  89.7 MBytes   752 Mbits/sec  11481  
[  4]  66.00-67.00  sec  90.1 MBytes   755 Mbits/sec  11527  
[  4]  67.00-68.00  sec  91.6 MBytes   768 Mbits/sec  11720  
[  4]  68.00-69.00  sec  90.0 MBytes   755 Mbits/sec  11523  
[  4]  69.00-70.00  sec  88.5 MBytes   742 Mbits/sec  11328  
[  4]  70.00-71.00  sec  89.2 MBytes   748 Mbits/sec  11417  
[  4]  71.00-72.00  sec  89.0 MBytes   746 Mbits/sec  11391  
[  4]  72.00-73.00  sec  88.9 MBytes   746 Mbits/sec  11384  
[  4]  73.00-74.00  sec  88.5 MBytes   743 Mbits/sec  11330  
[  4]  74.00-75.00  sec  88.4 MBytes   742 Mbits/sec  11318  
[  4]  75.00-76.00  sec  88.3 MBytes   741 Mbits/sec  11304  
[  4]  76.00-77.00  sec  88.8 MBytes   745 Mbits/sec  11368  
[  4]  77.00-78.00  sec  89.8 MBytes   753 Mbits/sec  11496  
[  4]  78.00-79.00  sec  89.1 MBytes   747 Mbits/sec  11404  
[  4]  79.00-80.00  sec  88.7 MBytes   744 Mbits/sec  11353  
[  4]  80.00-81.00  sec  89.6 MBytes   751 Mbits/sec  11464  
[  4]  81.00-82.00  sec  88.6 MBytes   743 Mbits/sec  11343  
[  4]  82.00-83.00  sec  91.7 MBytes   769 Mbits/sec  11736  
[  4]  83.00-84.00  sec  89.8 MBytes   753 Mbits/sec  11491  
[  4]  84.00-85.00  sec  91.0 MBytes   763 Mbits/sec  11650  
[  4]  85.00-86.00  sec  88.9 MBytes   746 Mbits/sec  11385  
[  4]  86.00-87.00  sec  89.9 MBytes   754 Mbits/sec  11504  
[  4]  87.00-88.00  sec  90.4 MBytes   758 Mbits/sec  11569  
[  4]  88.00-89.00  sec  90.0 MBytes   755 Mbits/sec  11521  
[  4]  89.00-90.00  sec  88.0 MBytes   738 Mbits/sec  11263  
[  4]  90.00-91.00  sec  88.9 MBytes   746 Mbits/sec  11384  
[  4]  91.00-92.00  sec  88.4 MBytes   742 Mbits/sec  11319  
[  4]  92.00-93.00  sec  89.6 MBytes   751 Mbits/sec  11465  
[  4]  93.00-94.00  sec  89.1 MBytes   748 Mbits/sec  11410  
[  4]  94.00-95.00  sec  89.2 MBytes   749 Mbits/sec  11424  
[  4]  95.00-96.00  sec  91.2 MBytes   765 Mbits/sec  11680  
[  4]  96.00-97.00  sec  90.4 MBytes   759 Mbits/sec  11577  
[  4]  97.00-98.00  sec  91.2 MBytes   765 Mbits/sec  11671  
[  4]  98.00-99.00  sec  90.2 MBytes   757 Mbits/sec  11549  
[  4]  99.00-100.00 sec  89.0 MBytes   746 Mbits/sec  11387  
[  4] 100.00-101.00 sec  89.8 MBytes   753 Mbits/sec  11488  
[  4] 101.00-102.00 sec  88.8 MBytes   745 Mbits/sec  11369  
[  4] 102.00-103.00 sec  89.4 MBytes   750 Mbits/sec  11438  
[  4] 103.00-104.00 sec  89.3 MBytes   749 Mbits/sec  11428  
[  4] 104.00-105.00 sec  90.1 MBytes   756 Mbits/sec  11537  
[  4] 105.00-106.00 sec  88.6 MBytes   743 Mbits/sec  11335  
[  4] 106.00-107.00 sec  89.3 MBytes   749 Mbits/sec  11425  
[  4] 107.00-108.00 sec  90.1 MBytes   755 Mbits/sec  11528  
[  4] 108.00-109.00 sec  90.4 MBytes   758 Mbits/sec  11570  
[  4] 109.00-110.00 sec  90.6 MBytes   760 Mbits/sec  11592  
[  4] 110.00-111.00 sec  89.1 MBytes   748 Mbits/sec  11408  
[  4] 111.00-112.00 sec  88.7 MBytes   744 Mbits/sec  11352  
[  4] 112.00-113.00 sec  89.1 MBytes   747 Mbits/sec  11400  
[  4] 113.00-114.00 sec  89.0 MBytes   746 Mbits/sec  11388  
[  4] 114.00-115.00 sec  90.7 MBytes   761 Mbits/sec  11608  
[  4] 115.00-116.00 sec  88.6 MBytes   743 Mbits/sec  11343  
[  4] 116.00-117.00 sec  89.1 MBytes   747 Mbits/sec  11399  
[  4] 117.00-118.00 sec  89.3 MBytes   749 Mbits/sec  11432  
[  4] 118.00-119.00 sec  90.1 MBytes   756 Mbits/sec  11530  
[  4] 119.00-120.00 sec  88.6 MBytes   743 Mbits/sec  11343  
[  4] 120.00-121.00 sec  89.3 MBytes   749 Mbits/sec  11425  
[  4] 121.00-122.00 sec  90.2 MBytes   756 Mbits/sec  11543  
[  4] 122.00-123.00 sec  90.2 MBytes   757 Mbits/sec  11544  
[  4] 123.00-124.00 sec  89.8 MBytes   754 Mbits/sec  11500  
[  4] 124.00-125.00 sec  89.9 MBytes   754 Mbits/sec  11511  
[  4] 125.00-126.00 sec  90.0 MBytes   755 Mbits/sec  11514  
[  4] 126.00-127.00 sec  90.4 MBytes   759 Mbits/sec  11576  
[  4] 127.00-128.00 sec  92.2 MBytes   773 Mbits/sec  11799  
[  4] 128.00-129.00 sec  89.9 MBytes   754 Mbits/sec  11512  
[  4] 129.00-130.00 sec  88.4 MBytes   742 Mbits/sec  11319  
[  4] 130.00-131.00 sec  90.4 MBytes   758 Mbits/sec  11569  
[  4] 131.00-132.00 sec  89.8 MBytes   753 Mbits/sec  11489  
[  4] 132.00-133.00 sec  89.2 MBytes   748 Mbits/sec  11416  
[  4] 133.00-134.00 sec  90.2 MBytes   757 Mbits/sec  11550  
[  4] 134.00-135.00 sec  90.6 MBytes   760 Mbits/sec  11592  
[  4] 135.00-136.00 sec  91.2 MBytes   765 Mbits/sec  11680  
[  4] 136.00-137.00 sec  90.0 MBytes   755 Mbits/sec  11521  
[  4] 137.00-138.00 sec  90.6 MBytes   760 Mbits/sec  11600  
[  4] 138.00-139.00 sec  89.2 MBytes   748 Mbits/sec  11417  
[  4] 139.00-140.00 sec  90.5 MBytes   759 Mbits/sec  11584  
[  4] 140.00-141.00 sec  89.4 MBytes   750 Mbits/sec  11448  
[  4] 141.00-142.00 sec  89.2 MBytes   749 Mbits/sec  11424  
[  4] 142.00-143.00 sec  89.4 MBytes   750 Mbits/sec  11440  
[  4] 143.00-144.00 sec  89.8 MBytes   754 Mbits/sec  11500  
[  4] 144.00-145.00 sec  89.2 MBytes   748 Mbits/sec  11414  
[  4] 145.00-146.00 sec  88.5 MBytes   742 Mbits/sec  11327  
[  4] 146.00-147.00 sec  89.1 MBytes   748 Mbits/sec  11409  
[  4] 147.00-148.00 sec  90.8 MBytes   762 Mbits/sec  11624  
[  4] 148.00-149.00 sec  91.4 MBytes   766 Mbits/sec  11696  
[  4] 149.00-150.00 sec  89.0 MBytes   747 Mbits/sec  11393  
[  4] 150.00-151.00 sec  89.8 MBytes   753 Mbits/sec  11496  
[  4] 151.00-152.00 sec  89.9 MBytes   754 Mbits/sec  11512  
[  4] 152.00-153.00 sec  89.6 MBytes   751 Mbits/sec  11464  
[  4] 153.00-154.00 sec  91.5 MBytes   768 Mbits/sec  11715  
[  4] 154.00-155.00 sec  89.8 MBytes   753 Mbits/sec  11490  
[  4] 155.00-156.00 sec  90.6 MBytes   760 Mbits/sec  11599  
[  4] 156.00-157.00 sec  89.6 MBytes   752 Mbits/sec  11471  
[  4] 157.00-158.00 sec  90.9 MBytes   763 Mbits/sec  11640  
[  4] 158.00-159.00 sec  89.5 MBytes   751 Mbits/sec  11458  
[  4] 159.00-160.00 sec  89.9 MBytes   754 Mbits/sec  11503  
[  4] 160.00-161.00 sec  89.3 MBytes   749 Mbits/sec  11432  
[  4] 161.00-162.00 sec  89.2 MBytes   749 Mbits/sec  11424  
[  4] 162.00-163.00 sec  88.9 MBytes   746 Mbits/sec  11384  
[  4] 163.00-164.00 sec  90.9 MBytes   763 Mbits/sec  11641  
[  4] 164.00-165.00 sec  89.4 MBytes   750 Mbits/sec  11439  
[  4] 165.00-166.00 sec  90.9 MBytes   762 Mbits/sec  11633  
[  4] 166.00-167.00 sec  89.8 MBytes   753 Mbits/sec  11495  
[  4] 167.00-168.00 sec  91.6 MBytes   769 Mbits/sec  11728  
[  4] 168.00-169.00 sec  88.9 MBytes   746 Mbits/sec  11383  
[  4] 169.00-170.00 sec  89.1 MBytes   748 Mbits/sec  11409  
[  4] 170.00-171.00 sec  90.1 MBytes   756 Mbits/sec  11528  
[  4] 171.00-172.00 sec  89.7 MBytes   752 Mbits/sec  11479  
[  4] 172.00-173.00 sec  88.9 MBytes   746 Mbits/sec  11380  
[  4] 173.00-174.00 sec  90.0 MBytes   755 Mbits/sec  11523  
[  4] 174.00-175.00 sec  89.2 MBytes   749 Mbits/sec  11423  
[  4] 175.00-176.00 sec  88.3 MBytes   740 Mbits/sec  11297  
[  4] 176.00-177.00 sec  89.8 MBytes   753 Mbits/sec  11496  
[  4] 177.00-178.00 sec  89.2 MBytes   748 Mbits/sec  11412  
[  4] 178.00-179.00 sec  88.5 MBytes   742 Mbits/sec  11327  
[  4] 179.00-180.00 sec  89.7 MBytes   752 Mbits/sec  11479  
[  4] 180.00-181.00 sec  88.8 MBytes   745 Mbits/sec  11369  
[  4] 181.00-182.00 sec  89.0 MBytes   747 Mbits/sec  11392  
[  4] 182.00-183.00 sec  88.8 MBytes   744 Mbits/sec  11360  
[  4] 183.00-184.00 sec  89.9 MBytes   754 Mbits/sec  11504  
[  4] 184.00-185.00 sec  88.8 MBytes   744 Mbits/sec  11360  
[  4] 185.00-186.00 sec  89.6 MBytes   752 Mbits/sec  11475  
[  4] 186.00-187.00 sec  89.0 MBytes   746 Mbits/sec  11390  
[  4] 187.00-188.00 sec  91.8 MBytes   770 Mbits/sec  11744  
[  4] 188.00-189.00 sec  89.2 MBytes   748 Mbits/sec  11414  
[  4] 189.00-190.00 sec  90.2 MBytes   757 Mbits/sec  11552  
[  4] 190.00-191.00 sec  88.9 MBytes   746 Mbits/sec  11384  
[  4] 191.00-192.00 sec  89.5 MBytes   751 Mbits/sec  11455  
[  4] 192.00-193.00 sec  89.1 MBytes   747 Mbits/sec  11400  
[  4] 193.00-194.00 sec  89.6 MBytes   752 Mbits/sec  11466  
[  4] 194.00-195.00 sec  88.3 MBytes   741 Mbits/sec  11303  
[  4] 195.00-196.00 sec  91.4 MBytes   766 Mbits/sec  11695  
[  4] 196.00-197.00 sec  90.8 MBytes   762 Mbits/sec  11624  
[  4] 197.00-198.00 sec  90.9 MBytes   762 Mbits/sec  11632  
[  4] 198.00-199.00 sec  90.0 MBytes   755 Mbits/sec  11516  
[  4] 199.00-200.00 sec  90.3 MBytes   758 Mbits/sec  11560  
- - - - - - - - - - - - - - - - - - - - - - - - -
[ ID] Interval           Transfer     Bandwidth       Jitter    Lost/Total Datagrams
[  4]   0.00-200.00 sec  17.5 GBytes   752 Mbits/sec  0.097 ms  26/2293883 (0.0011%)  
[  4] Sent 2293883 datagrams

Server output:
Accepted connection from 10.0.10.1, port 60266
[  5] local 1.0.0.1 port 5201 connected to 10.0.10.1 port 52727
[ ID] Interval           Transfer     Bandwidth       Jitter    Lost/Total Datagrams
[  5]   0.00-1.00   sec  78.6 MBytes   659 Mbits/sec  0.125 ms  0/10058 (0%)  
[  5]   1.00-2.00   sec  91.1 MBytes   765 Mbits/sec  0.119 ms  0/11667 (0%)  
[  5]   2.00-3.00   sec  90.0 MBytes   755 Mbits/sec  0.120 ms  0/11520 (0%)  
[  5]   3.00-4.00   sec  89.6 MBytes   751 Mbits/sec  0.132 ms  0/11465 (0%)  
[  5]   4.00-5.00   sec  89.9 MBytes   754 Mbits/sec  0.102 ms  0/11502 (0%)  
[  5]   5.00-6.00   sec  89.1 MBytes   748 Mbits/sec  0.085 ms  0/11409 (0%)  
[  5]   6.00-7.00   sec  90.8 MBytes   762 Mbits/sec  0.107 ms  0/11625 (0%)  
[  5]   7.00-8.00   sec  90.4 MBytes   758 Mbits/sec  0.097 ms  0/11573 (0%)  
[  5]   8.00-9.00   sec  90.6 MBytes   760 Mbits/sec  0.117 ms  0/11591 (0%)  
[  5]   9.00-10.00  sec  88.9 MBytes   745 Mbits/sec  0.121 ms  0/11374 (0%)  
[  5]  10.00-11.00  sec  88.4 MBytes   741 Mbits/sec  0.117 ms  0/11314 (0%)  
[  5]  11.00-12.00  sec  88.9 MBytes   746 Mbits/sec  0.097 ms  0/11385 (0%)  
[  5]  12.00-13.00  sec  89.1 MBytes   748 Mbits/sec  0.105 ms  0/11410 (0%)  
[  5]  13.00-14.00  sec  88.5 MBytes   742 Mbits/sec  0.115 ms  0/11323 (0%)  
[  5]  14.00-15.00  sec  89.0 MBytes   747 Mbits/sec  0.117 ms  0/11393 (0%)  
[  5]  15.00-16.00  sec  91.0 MBytes   764 Mbits/sec  0.107 ms  0/11651 (0%)  
[  5]  16.00-17.00  sec  89.5 MBytes   751 Mbits/sec  0.125 ms  0/11459 (0%)  
[  5]  17.00-18.00  sec  90.1 MBytes   756 Mbits/sec  0.104 ms  0/11538 (0%)  
[  5]  18.00-19.00  sec  91.5 MBytes   768 Mbits/sec  0.109 ms  0/11712 (0%)  
[  5]  19.00-20.00  sec  89.8 MBytes   753 Mbits/sec  0.097 ms  0/11489 (0%)  
[  5]  20.00-21.00  sec  89.6 MBytes   752 Mbits/sec  0.110 ms  0/11471 (0%)  
[  5]  21.00-22.00  sec  89.4 MBytes   750 Mbits/sec  0.103 ms  0/11443 (0%)  
[  5]  22.00-23.00  sec  89.4 MBytes   750 Mbits/sec  0.113 ms  0/11437 (0%)  
[  5]  23.00-24.00  sec  88.7 MBytes   744 Mbits/sec  0.102 ms  0/11356 (0%)  
[  5]  24.00-25.00  sec  89.2 MBytes   748 Mbits/sec  0.121 ms  0/11412 (0%)  
[  5]  25.00-26.00  sec  89.7 MBytes   753 Mbits/sec  0.112 ms  0/11484 (0%)  
[  5]  26.00-27.00  sec  89.3 MBytes   749 Mbits/sec  0.126 ms  0/11432 (0%)  
[  5]  27.00-28.00  sec  90.6 MBytes   760 Mbits/sec  0.125 ms  0/11592 (0%)  
[  5]  28.00-29.00  sec  89.7 MBytes   752 Mbits/sec  0.094 ms  0/11480 (0%)  
[  5]  29.00-30.00  sec  89.0 MBytes   746 Mbits/sec  0.126 ms  0/11386 (0%)  
[  5]  30.00-31.00  sec  89.0 MBytes   747 Mbits/sec  0.106 ms  0/11391 (0%)  
[  5]  31.00-32.00  sec  89.1 MBytes   747 Mbits/sec  0.130 ms  0/11402 (0%)  
[  5]  32.00-33.00  sec  89.4 MBytes   750 Mbits/sec  0.111 ms  0/11449 (0%)  
[  5]  33.00-34.00  sec  89.5 MBytes   751 Mbits/sec  0.105 ms  0/11452 (0%)  
[  5]  34.00-35.00  sec  90.1 MBytes   756 Mbits/sec  0.108 ms  0/11531 (0%)  
[  5]  35.00-36.00  sec  90.0 MBytes   755 Mbits/sec  0.098 ms  0/11521 (0%)  
[  5]  36.00-37.00  sec  88.2 MBytes   740 Mbits/sec  0.124 ms  3/11293 (0.027%)  
[  5]  37.00-38.00  sec  90.1 MBytes   756 Mbits/sec  0.108 ms  0/11530 (0%)  
[  5]  38.00-39.00  sec  89.2 MBytes   749 Mbits/sec  0.078 ms  0/11424 (0%)  
[  5]  39.00-40.00  sec  88.9 MBytes   746 Mbits/sec  0.100 ms  0/11382 (0%)  
[  5]  40.00-41.00  sec  89.9 MBytes   754 Mbits/sec  0.107 ms  0/11503 (0%)  
[  5]  41.00-42.00  sec  89.8 MBytes   753 Mbits/sec  0.116 ms  0/11490 (0%)  
[  5]  42.00-43.00  sec  89.4 MBytes   750 Mbits/sec  0.130 ms  0/11439 (0%)  
[  5]  43.00-44.00  sec  88.4 MBytes   741 Mbits/sec  0.124 ms  0/11313 (0%)  
[  5]  44.00-45.00  sec  91.0 MBytes   764 Mbits/sec  0.099 ms  0/11652 (0%)  
[  5]  45.00-46.00  sec  89.8 MBytes   753 Mbits/sec  0.106 ms  0/11491 (0%)  
[  5]  46.00-47.00  sec  90.0 MBytes   755 Mbits/sec  0.101 ms  0/11521 (0%)  
[  5]  47.00-48.00  sec  90.1 MBytes   756 Mbits/sec  0.111 ms  0/11532 (0%)  
[  5]  48.00-49.00  sec  90.0 MBytes   755 Mbits/sec  0.101 ms  0/11514 (0%)  
[  5]  49.00-50.00  sec  87.6 MBytes   735 Mbits/sec  0.078 ms  0/11217 (0%)  
[  5]  50.00-51.00  sec  89.8 MBytes   753 Mbits/sec  0.121 ms  0/11491 (0%)  
[  5]  51.00-52.00  sec  89.6 MBytes   751 Mbits/sec  0.127 ms  0/11464 (0%)  
[  5]  52.00-53.00  sec  88.8 MBytes   745 Mbits/sec  0.101 ms  4/11373 (0.035%)  
[  5]  53.00-54.00  sec  88.7 MBytes   744 Mbits/sec  0.113 ms  0/11359 (0%)  
[  5]  54.00-55.00  sec  90.7 MBytes   761 Mbits/sec  0.074 ms  0/11609 (0%)  
[  5]  55.00-56.00  sec  89.4 MBytes   750 Mbits/sec  0.117 ms  0/11439 (0%)  
[  5]  56.00-57.00  sec  88.9 MBytes   746 Mbits/sec  0.106 ms  0/11377 (0%)  
[  5]  57.00-58.00  sec  89.8 MBytes   753 Mbits/sec  0.102 ms  0/11497 (0%)  
[  5]  58.00-59.00  sec  89.7 MBytes   752 Mbits/sec  0.113 ms  0/11478 (0%)  
[  5]  59.00-60.00  sec  88.3 MBytes   741 Mbits/sec  0.090 ms  0/11303 (0%)  
[  5]  60.00-61.00  sec  89.9 MBytes   754 Mbits/sec  0.102 ms  0/11504 (0%)  
[  5]  61.00-62.00  sec  88.6 MBytes   743 Mbits/sec  0.130 ms  0/11338 (0%)  
[  5]  62.00-63.00  sec  89.4 MBytes   750 Mbits/sec  0.125 ms  0/11447 (0%)  
[  5]  63.00-64.00  sec  90.2 MBytes   757 Mbits/sec  0.106 ms  0/11551 (0%)  
[  5]  64.00-65.00  sec  90.0 MBytes   755 Mbits/sec  0.111 ms  0/11516 (0%)  
[  5]  65.00-66.00  sec  89.8 MBytes   753 Mbits/sec  0.130 ms  0/11494 (0%)  
[  5]  66.00-67.00  sec  90.0 MBytes   755 Mbits/sec  0.104 ms  0/11519 (0%)  
[  5]  67.00-68.00  sec  91.5 MBytes   768 Mbits/sec  0.125 ms  0/11715 (0%)  
[  5]  68.00-69.00  sec  90.1 MBytes   756 Mbits/sec  0.124 ms  0/11537 (0%)  
[  5]  69.00-70.00  sec  88.5 MBytes   743 Mbits/sec  0.113 ms  0/11331 (0%)  
[  5]  70.00-71.00  sec  89.2 MBytes   748 Mbits/sec  0.115 ms  0/11419 (0%)  
[  5]  71.00-72.00  sec  89.0 MBytes   746 Mbits/sec  0.116 ms  0/11390 (0%)  
[  5]  72.00-73.00  sec  88.9 MBytes   746 Mbits/sec  0.103 ms  0/11378 (0%)  
[  5]  73.00-74.00  sec  88.6 MBytes   743 Mbits/sec  0.077 ms  0/11344 (0%)  
[  5]  74.00-75.00  sec  88.4 MBytes   742 Mbits/sec  0.138 ms  0/11315 (0%)  
[  5]  75.00-76.00  sec  88.3 MBytes   740 Mbits/sec  0.104 ms  0/11298 (0%)  
[  5]  76.00-77.00  sec  88.8 MBytes   745 Mbits/sec  0.096 ms  0/11364 (0%)  
[  5]  77.00-78.00  sec  89.8 MBytes   753 Mbits/sec  0.098 ms  0/11494 (0%)  
[  5]  78.00-79.00  sec  89.1 MBytes   747 Mbits/sec  0.140 ms  0/11400 (0%)  
[  5]  79.00-80.00  sec  88.7 MBytes   744 Mbits/sec  0.098 ms  0/11356 (0%)  
[  5]  80.00-81.00  sec  89.6 MBytes   752 Mbits/sec  0.118 ms  0/11470 (0%)  
[  5]  81.00-82.00  sec  88.6 MBytes   743 Mbits/sec  0.125 ms  0/11341 (0%)  
[  5]  82.00-83.00  sec  91.6 MBytes   768 Mbits/sec  0.113 ms  0/11723 (0%)  
[  5]  83.00-84.00  sec  89.7 MBytes   753 Mbits/sec  0.121 ms  0/11483 (0%)  
[  5]  84.00-85.00  sec  91.1 MBytes   764 Mbits/sec  0.108 ms  0/11658 (0%)  
[  5]  85.00-86.00  sec  89.1 MBytes   747 Mbits/sec  0.109 ms  0/11403 (0%)  
[  5]  86.00-87.00  sec  89.9 MBytes   754 Mbits/sec  0.113 ms  0/11504 (0%)  
[  5]  87.00-88.00  sec  90.3 MBytes   758 Mbits/sec  0.133 ms  0/11563 (0%)  
[  5]  88.00-89.00  sec  90.1 MBytes   756 Mbits/sec  0.127 ms  0/11530 (0%)  
[  5]  89.00-90.00  sec  88.0 MBytes   738 Mbits/sec  0.116 ms  0/11258 (0%)  
[  5]  90.00-91.00  sec  88.9 MBytes   746 Mbits/sec  0.101 ms  0/11385 (0%)  
[  5]  91.00-92.00  sec  88.4 MBytes   742 Mbits/sec  0.114 ms  0/11320 (0%)  
[  5]  92.00-93.00  sec  89.5 MBytes   751 Mbits/sec  0.130 ms  0/11454 (0%)  
[  5]  93.00-94.00  sec  89.1 MBytes   748 Mbits/sec  0.103 ms  0/11406 (0%)  
[  5]  94.00-95.00  sec  89.2 MBytes   748 Mbits/sec  0.107 ms  0/11421 (0%)  
[  5]  95.00-96.00  sec  91.3 MBytes   766 Mbits/sec  0.103 ms  0/11691 (0%)  
[  5]  96.00-97.00  sec  90.4 MBytes   758 Mbits/sec  0.106 ms  0/11567 (0%)  
[  5]  97.00-98.00  sec  91.2 MBytes   765 Mbits/sec  0.112 ms  0/11672 (0%)  
[  5]  98.00-99.00  sec  90.2 MBytes   757 Mbits/sec  0.106 ms  0/11546 (0%)  
[  5]  99.00-100.00 sec  89.0 MBytes   747 Mbits/sec  0.107 ms  0/11398 (0%)  
[  5] 100.00-101.00 sec  89.6 MBytes   752 Mbits/sec  0.108 ms  0/11475 (0%)  
[  5] 101.00-102.00 sec  89.0 MBytes   746 Mbits/sec  0.102 ms  0/11387 (0%)  
[  5] 102.00-103.00 sec  89.3 MBytes   749 Mbits/sec  0.104 ms  0/11433 (0%)  
[  5] 103.00-104.00 sec  89.3 MBytes   749 Mbits/sec  0.105 ms  0/11427 (0%)  
[  5] 104.00-105.00 sec  90.2 MBytes   757 Mbits/sec  0.111 ms  0/11544 (0%)  
[  5] 105.00-106.00 sec  88.6 MBytes   743 Mbits/sec  0.120 ms  0/11335 (0%)  
[  5] 106.00-107.00 sec  89.2 MBytes   748 Mbits/sec  0.114 ms  0/11414 (0%)  
[  5] 107.00-108.00 sec  90.2 MBytes   756 Mbits/sec  0.105 ms  0/11540 (0%)  
[  5] 108.00-109.00 sec  90.3 MBytes   758 Mbits/sec  0.116 ms  0/11562 (0%)  
[  5] 109.00-110.00 sec  90.6 MBytes   760 Mbits/sec  0.099 ms  0/11594 (0%)  
[  5] 110.00-111.00 sec  89.1 MBytes   748 Mbits/sec  0.110 ms  0/11407 (0%)  
[  5] 111.00-112.00 sec  88.7 MBytes   744 Mbits/sec  0.106 ms  0/11354 (0%)  
[  5] 112.00-113.00 sec  89.0 MBytes   747 Mbits/sec  0.108 ms  0/11392 (0%)  
[  5] 113.00-114.00 sec  89.1 MBytes   747 Mbits/sec  0.100 ms  0/11400 (0%)  
[  5] 114.00-115.00 sec  90.6 MBytes   760 Mbits/sec  0.102 ms  0/11595 (0%)  
[  5] 115.00-116.00 sec  88.7 MBytes   744 Mbits/sec  0.104 ms  0/11358 (0%)  
[  5] 116.00-117.00 sec  88.9 MBytes   746 Mbits/sec  0.106 ms  0/11385 (0%)  
[  5] 117.00-118.00 sec  89.3 MBytes   749 Mbits/sec  0.106 ms  0/11431 (0%)  
[  5] 118.00-119.00 sec  90.1 MBytes   756 Mbits/sec  0.110 ms  0/11538 (0%)  
[  5] 119.00-120.00 sec  88.6 MBytes   744 Mbits/sec  0.129 ms  0/11345 (0%)  
[  5] 120.00-121.00 sec  89.2 MBytes   749 Mbits/sec  0.105 ms  0/11422 (0%)  
[  5] 121.00-122.00 sec  90.2 MBytes   757 Mbits/sec  0.105 ms  0/11544 (0%)  
[  5] 122.00-123.00 sec  90.1 MBytes   756 Mbits/sec  0.115 ms  0/11535 (0%)  
[  5] 123.00-124.00 sec  89.9 MBytes   755 Mbits/sec  0.123 ms  0/11513 (0%)  
[  5] 124.00-125.00 sec  89.7 MBytes   753 Mbits/sec  0.105 ms  0/11484 (0%)  
[  5] 125.00-126.00 sec  90.1 MBytes   756 Mbits/sec  0.112 ms  0/11535 (0%)  
[  5] 126.00-127.00 sec  90.4 MBytes   758 Mbits/sec  0.098 ms  0/11570 (0%)  
[  5] 127.00-128.00 sec  92.1 MBytes   773 Mbits/sec  0.117 ms  0/11788 (0%)  
[  5] 128.00-129.00 sec  90.2 MBytes   756 Mbits/sec  0.087 ms  0/11540 (0%)  
[  5] 129.00-130.00 sec  88.3 MBytes   741 Mbits/sec  0.108 ms  0/11304 (0%)  
[  5] 130.00-131.00 sec  90.3 MBytes   757 Mbits/sec  0.119 ms  0/11555 (0%)  
[  5] 131.00-132.00 sec  89.9 MBytes   754 Mbits/sec  0.108 ms  0/11510 (0%)  
[  5] 132.00-133.00 sec  89.1 MBytes   748 Mbits/sec  0.136 ms  0/11409 (0%)  
[  5] 133.00-134.00 sec  90.3 MBytes   758 Mbits/sec  0.110 ms  0/11563 (0%)  
[  5] 134.00-135.00 sec  90.4 MBytes   758 Mbits/sec  0.115 ms  0/11572 (0%)  
[  5] 135.00-136.00 sec  91.4 MBytes   767 Mbits/sec  0.110 ms  0/11699 (0%)  
[  5] 136.00-137.00 sec  89.9 MBytes   754 Mbits/sec  0.119 ms  0/11508 (0%)  
[  5] 137.00-138.00 sec  90.7 MBytes   761 Mbits/sec  0.105 ms  0/11607 (0%)  
[  5] 138.00-139.00 sec  89.2 MBytes   748 Mbits/sec  0.104 ms  0/11417 (0%)  
[  5] 139.00-140.00 sec  90.5 MBytes   759 Mbits/sec  0.105 ms  0/11588 (0%)  
[  5] 140.00-141.00 sec  89.4 MBytes   750 Mbits/sec  0.114 ms  0/11439 (0%)  
[  5] 141.00-142.00 sec  89.3 MBytes   749 Mbits/sec  0.090 ms  0/11429 (0%)  
[  5] 142.00-143.00 sec  89.3 MBytes   749 Mbits/sec  0.105 ms  0/11430 (0%)  
[  5] 143.00-144.00 sec  89.9 MBytes   754 Mbits/sec  0.116 ms  0/11504 (0%)  
[  5] 144.00-145.00 sec  89.2 MBytes   748 Mbits/sec  0.117 ms  0/11417 (0%)  
[  5] 145.00-146.00 sec  88.5 MBytes   743 Mbits/sec  0.106 ms  0/11331 (0%)  
[  5] 146.00-147.00 sec  89.1 MBytes   748 Mbits/sec  0.103 ms  0/11407 (0%)  
[  5] 147.00-148.00 sec  90.8 MBytes   761 Mbits/sec  0.098 ms  0/11617 (0%)  
[  5] 148.00-149.00 sec  91.3 MBytes   766 Mbits/sec  0.097 ms  0/11689 (0%)  
[  5] 149.00-150.00 sec  89.1 MBytes   748 Mbits/sec  0.100 ms  0/11407 (0%)  
[  5] 150.00-151.00 sec  89.8 MBytes   753 Mbits/sec  0.114 ms  0/11490 (0%)  
[  5] 151.00-152.00 sec  90.1 MBytes   756 Mbits/sec  0.124 ms  0/11528 (0%)  
[  5] 152.00-153.00 sec  89.4 MBytes   750 Mbits/sec  0.113 ms  0/11448 (0%)  
[  5] 153.00-154.00 sec  91.6 MBytes   768 Mbits/sec  0.105 ms  0/11722 (0%)  
[  5] 154.00-155.00 sec  89.7 MBytes   752 Mbits/sec  0.100 ms  0/11481 (0%)  
[  5] 155.00-156.00 sec  90.7 MBytes   761 Mbits/sec  0.104 ms  0/11607 (0%)  
[  5] 156.00-157.00 sec  89.6 MBytes   751 Mbits/sec  0.099 ms  0/11463 (0%)  
[  5] 157.00-158.00 sec  90.9 MBytes   763 Mbits/sec  0.094 ms  0/11641 (0%)  
[  5] 158.00-159.00 sec  89.5 MBytes   750 Mbits/sec  0.086 ms  0/11450 (0%)  
[  5] 159.00-160.00 sec  90.0 MBytes   755 Mbits/sec  0.117 ms  0/11522 (0%)  
[  5] 160.00-161.00 sec  89.1 MBytes   747 Mbits/sec  0.124 ms  0/11399 (0%)  
[  5] 161.00-162.00 sec  89.4 MBytes   750 Mbits/sec  0.115 ms  0/11449 (0%)  
[  5] 162.00-163.00 sec  88.9 MBytes   746 Mbits/sec  0.084 ms  0/11381 (0%)  
[  5] 163.00-164.00 sec  90.9 MBytes   763 Mbits/sec  0.090 ms  0/11640 (0%)  
[  5] 164.00-165.00 sec  89.4 MBytes   750 Mbits/sec  0.117 ms  0/11441 (0%)  
[  5] 165.00-166.00 sec  90.9 MBytes   763 Mbits/sec  0.104 ms  0/11640 (0%)  
[  5] 166.00-167.00 sec  89.7 MBytes   753 Mbits/sec  0.104 ms  0/11486 (0%)  
[  5] 167.00-168.00 sec  91.7 MBytes   769 Mbits/sec  0.108 ms  0/11736 (0%)  
[  5] 168.00-169.00 sec  89.0 MBytes   746 Mbits/sec  0.115 ms  0/11387 (0%)  
[  5] 169.00-170.00 sec  89.1 MBytes   748 Mbits/sec  0.107 ms  0/11409 (0%)  
[  5] 170.00-171.00 sec  90.0 MBytes   755 Mbits/sec  0.117 ms  0/11521 (0%)  
[  5] 171.00-172.00 sec  89.7 MBytes   752 Mbits/sec  0.102 ms  0/11480 (0%)  
[  5] 172.00-173.00 sec  88.8 MBytes   745 Mbits/sec  0.105 ms  19/11380 (0.17%)  
[  5] 173.00-174.00 sec  90.1 MBytes   756 Mbits/sec  0.115 ms  0/11528 (0%)  
[  5] 174.00-175.00 sec  89.2 MBytes   748 Mbits/sec  0.098 ms  0/11413 (0%)  
[  5] 175.00-176.00 sec  88.4 MBytes   741 Mbits/sec  0.106 ms  0/11312 (0%)  
[  5] 176.00-177.00 sec  89.7 MBytes   753 Mbits/sec  0.095 ms  0/11486 (0%)  
[  5] 177.00-178.00 sec  89.2 MBytes   748 Mbits/sec  0.107 ms  0/11419 (0%)  
[  5] 178.00-179.00 sec  88.5 MBytes   742 Mbits/sec  0.120 ms  0/11324 (0%)  
[  5] 179.00-180.00 sec  89.6 MBytes   752 Mbits/sec  0.116 ms  0/11475 (0%)  
[  5] 180.00-181.00 sec  88.9 MBytes   745 Mbits/sec  0.123 ms  0/11375 (0%)  
[  5] 181.00-182.00 sec  89.0 MBytes   747 Mbits/sec  0.086 ms  0/11396 (0%)  
[  5] 182.00-183.00 sec  88.7 MBytes   744 Mbits/sec  0.121 ms  0/11358 (0%)  
[  5] 183.00-184.00 sec  89.9 MBytes   754 Mbits/sec  0.103 ms  0/11504 (0%)  
[  5] 184.00-185.00 sec  88.7 MBytes   744 Mbits/sec  0.106 ms  0/11348 (0%)  
[  5] 185.00-186.00 sec  89.8 MBytes   753 Mbits/sec  0.105 ms  0/11489 (0%)  
[  5] 186.00-187.00 sec  89.0 MBytes   746 Mbits/sec  0.118 ms  0/11387 (0%)  
[  5] 187.00-188.00 sec  91.7 MBytes   769 Mbits/sec  0.103 ms  0/11733 (0%)  
[  5] 188.00-189.00 sec  89.3 MBytes   749 Mbits/sec  0.102 ms  0/11427 (0%)  
[  5] 189.00-190.00 sec  90.2 MBytes   757 Mbits/sec  0.115 ms  0/11551 (0%)  
[  5] 190.00-191.00 sec  88.9 MBytes   746 Mbits/sec  0.098 ms  0/11384 (0%)  
[  5] 191.00-192.00 sec  89.4 MBytes   750 Mbits/sec  0.124 ms  0/11437 (0%)  
[  5] 192.00-193.00 sec  89.2 MBytes   748 Mbits/sec  0.117 ms  0/11415 (0%)  
[  5] 193.00-194.00 sec  89.6 MBytes   752 Mbits/sec  0.092 ms  0/11469 (0%)  
[  5] 194.00-195.00 sec  88.2 MBytes   740 Mbits/sec  0.105 ms  0/11296 (0%)  
[  5] 195.00-196.00 sec  91.3 MBytes   766 Mbits/sec  0.126 ms  0/11683 (0%)  
[  5] 196.00-197.00 sec  90.9 MBytes   763 Mbits/sec  0.103 ms  0/11639 (0%)  
[  5] 197.00-198.00 sec  90.8 MBytes   762 Mbits/sec  0.098 ms  0/11625 (0%)  
[  5] 198.00-199.00 sec  90.0 MBytes   755 Mbits/sec  0.116 ms  0/11519 (0%)  
[  5] 199.00-200.00 sec  90.2 MBytes   757 Mbits/sec  0.110 ms  0/11551 (0%)  


iperf Done.
