Connecting to host 1.2.2.1, port 5201
[  4] local 10.0.10.1 port 35602 connected to 1.2.2.1 port 5201
[ ID] Interval           Transfer     Bandwidth       Total Datagrams
[  4]   0.00-1.00   sec   109 MBytes   912 Mbits/sec  13913  
[  4]   1.00-2.00   sec   119 MBytes   999 Mbits/sec  15237  
[  4]   2.00-3.00   sec   120 MBytes  1.01 Gbits/sec  15370  
[  4]   3.00-4.00   sec   118 MBytes   993 Mbits/sec  15154  
[  4]   4.00-5.00   sec   119 MBytes  1.00 Gbits/sec  15266  
[  4]   5.00-6.00   sec   120 MBytes  1.00 Gbits/sec  15299  
[  4]   6.00-7.00   sec   120 MBytes  1.00 Gbits/sec  15312  
[  4]   7.00-8.00   sec   119 MBytes  1000 Mbits/sec  15257  
[  4]   8.00-9.00   sec   119 MBytes   994 Mbits/sec  15170  
[  4]   9.00-10.00  sec   120 MBytes  1.01 Gbits/sec  15366  
[  4]  10.00-11.00  sec   118 MBytes   993 Mbits/sec  15148  
[  4]  11.00-12.00  sec   120 MBytes  1.01 Gbits/sec  15352  
[  4]  12.00-13.00  sec   119 MBytes  1.00 Gbits/sec  15264  
[  4]  13.00-14.00  sec   119 MBytes   997 Mbits/sec  15219  
[  4]  14.00-15.00  sec   119 MBytes  1.00 Gbits/sec  15260  
[  4]  15.00-16.00  sec   119 MBytes  1.00 Gbits/sec  15268  
[  4]  16.00-17.00  sec   119 MBytes   995 Mbits/sec  15187  
[  4]  17.00-18.00  sec   120 MBytes  1.01 Gbits/sec  15368  
[  4]  18.00-19.00  sec   118 MBytes   993 Mbits/sec  15151  
[  4]  19.00-20.00  sec   119 MBytes  1.00 Gbits/sec  15263  
[  4]  20.00-21.00  sec   119 MBytes  1000 Mbits/sec  15257  
[  4]  21.00-22.00  sec   119 MBytes  1.00 Gbits/sec  15259  
[  4]  22.00-23.00  sec   120 MBytes  1.01 Gbits/sec  15342  
[  4]  23.00-24.00  sec   119 MBytes  1.00 Gbits/sec  15264  
[  4]  24.00-25.00  sec   119 MBytes   999 Mbits/sec  15250  
[  4]  25.00-26.00  sec   119 MBytes  1.00 Gbits/sec  15268  
[  4]  26.00-27.00  sec   119 MBytes   995 Mbits/sec  15177  
[  4]  27.00-28.00  sec   119 MBytes  1000 Mbits/sec  15258  
[  4]  28.00-29.00  sec   119 MBytes  1000 Mbits/sec  15254  
[  4]  29.00-30.00  sec   119 MBytes   999 Mbits/sec  15250  
[  4]  30.00-31.00  sec   119 MBytes  1.00 Gbits/sec  15260  
[  4]  31.00-32.00  sec   120 MBytes  1.01 Gbits/sec  15390  
[  4]  32.00-33.00  sec   118 MBytes   992 Mbits/sec  15141  
[  4]  33.00-34.00  sec   120 MBytes  1.01 Gbits/sec  15368  
[  4]  34.00-35.00  sec   119 MBytes   999 Mbits/sec  15240  
[  4]  35.00-36.00  sec   119 MBytes   994 Mbits/sec  15170  
[  4]  36.00-37.00  sec   119 MBytes   999 Mbits/sec  15243  
[  4]  37.00-38.00  sec   119 MBytes  1.00 Gbits/sec  15265  
[  4]  38.00-39.00  sec   120 MBytes  1.01 Gbits/sec  15345  
[  4]  39.00-40.00  sec   118 MBytes   994 Mbits/sec  15167  
[  4]  40.00-41.00  sec   119 MBytes  1.00 Gbits/sec  15270  
[  4]  41.00-42.00  sec   120 MBytes  1.01 Gbits/sec  15359  
[  4]  42.00-43.00  sec   119 MBytes   995 Mbits/sec  15186  
[  4]  43.00-44.00  sec   119 MBytes   998 Mbits/sec  15229  
[  4]  44.00-45.00  sec   120 MBytes  1.01 Gbits/sec  15350  
[  4]  45.00-46.00  sec   119 MBytes  1.00 Gbits/sec  15267  
[  4]  46.00-47.00  sec   119 MBytes  1.00 Gbits/sec  15260  
[  4]  47.00-48.00  sec   119 MBytes   999 Mbits/sec  15248  
[  4]  48.00-49.00  sec   119 MBytes  1000 Mbits/sec  15258  
[  4]  49.00-50.00  sec   119 MBytes   999 Mbits/sec  15248  
[  4]  50.00-51.00  sec   119 MBytes  1.00 Gbits/sec  15272  
[  4]  51.00-52.00  sec   119 MBytes  1.00 Gbits/sec  15286  
[  4]  52.00-53.00  sec   119 MBytes   999 Mbits/sec  15239  
[  4]  53.00-54.00  sec   118 MBytes   994 Mbits/sec  15165  
[  4]  54.00-55.00  sec   119 MBytes  1.00 Gbits/sec  15261  
[  4]  55.00-56.00  sec   119 MBytes  1000 Mbits/sec  15254  
[  4]  56.00-57.00  sec   120 MBytes  1.00 Gbits/sec  15301  
[  4]  57.00-58.00  sec   120 MBytes  1.00 Gbits/sec  15319  
[  4]  58.00-59.00  sec   119 MBytes   999 Mbits/sec  15245  
[  4]  59.00-60.00  sec   119 MBytes  1.00 Gbits/sec  15283  
[  4]  60.00-61.00  sec   119 MBytes   999 Mbits/sec  15240  
[  4]  61.00-62.00  sec   119 MBytes  1.00 Gbits/sec  15261  
[  4]  62.00-63.00  sec   118 MBytes   994 Mbits/sec  15166  
[  4]  63.00-64.00  sec   119 MBytes   999 Mbits/sec  15246  
[  4]  64.00-65.00  sec   119 MBytes  1.00 Gbits/sec  15273  
[  4]  65.00-66.00  sec   119 MBytes  1.00 Gbits/sec  15270  
[  4]  66.00-67.00  sec   119 MBytes   999 Mbits/sec  15242  
[  4]  67.00-68.00  sec   120 MBytes  1.00 Gbits/sec  15312  
[  4]  68.00-69.00  sec   119 MBytes  1.00 Gbits/sec  15295  
[  4]  69.00-70.00  sec   119 MBytes  1.00 Gbits/sec  15259  
[  4]  70.00-71.00  sec   120 MBytes  1.00 Gbits/sec  15297  
[  4]  71.00-72.00  sec   118 MBytes   992 Mbits/sec  15130  
[  4]  72.00-73.00  sec   119 MBytes   999 Mbits/sec  15250  
[  4]  73.00-74.00  sec   120 MBytes  1.00 Gbits/sec  15333  
[  4]  74.00-75.00  sec   119 MBytes   996 Mbits/sec  15196  
[  4]  75.00-76.00  sec   120 MBytes  1.01 Gbits/sec  15346  
[  4]  76.00-77.00  sec   119 MBytes   994 Mbits/sec  15171  
[  4]  77.00-78.00  sec   119 MBytes   999 Mbits/sec  15252  
[  4]  78.00-79.00  sec   119 MBytes  1.00 Gbits/sec  15278  
[  4]  79.00-80.00  sec   119 MBytes  1.00 Gbits/sec  15261  
[  4]  80.00-81.00  sec   120 MBytes  1.01 Gbits/sec  15348  
[  4]  81.00-82.00  sec   118 MBytes   993 Mbits/sec  15150  
[  4]  82.00-83.00  sec   119 MBytes  1.00 Gbits/sec  15261  
[  4]  83.00-84.00  sec   120 MBytes  1.01 Gbits/sec  15347  
[  4]  84.00-85.00  sec   119 MBytes   995 Mbits/sec  15179  
[  4]  85.00-86.00  sec   120 MBytes  1.01 Gbits/sec  15352  
[  4]  86.00-87.00  sec   119 MBytes   999 Mbits/sec  15241  
[  4]  87.00-88.00  sec   119 MBytes   997 Mbits/sec  15219  
[  4]  88.00-89.00  sec   119 MBytes   999 Mbits/sec  15241  
[  4]  89.00-90.00  sec   120 MBytes  1.00 Gbits/sec  15335  
[  4]  90.00-91.00  sec   118 MBytes   994 Mbits/sec  15163  
[  4]  91.00-92.00  sec   119 MBytes   999 Mbits/sec  15246  
[  4]  92.00-93.00  sec   119 MBytes  1.00 Gbits/sec  15265  
[  4]  93.00-94.00  sec   120 MBytes  1.01 Gbits/sec  15341  
[  4]  94.00-95.00  sec   119 MBytes   998 Mbits/sec  15231  
[  4]  95.00-96.00  sec   120 MBytes  1.00 Gbits/sec  15328  
[  4]  96.00-97.00  sec   118 MBytes   993 Mbits/sec  15149  
[  4]  97.00-98.00  sec   120 MBytes  1.00 Gbits/sec  15304  
[  4]  98.00-99.00  sec   119 MBytes   998 Mbits/sec  15235  
[  4]  99.00-100.00 sec   119 MBytes   997 Mbits/sec  15213  
- - - - - - - - - - - - - - - - - - - - - - - - -
[ ID] Interval           Transfer     Bandwidth       Jitter    Lost/Total Datagrams
[  4]   0.00-100.00 sec  11.6 GBytes   999 Mbits/sec  0.077 ms  1510459/1515734 (1e+02%)  
[  4] Sent 1515734 datagrams

Server output:
Accepted connection from 10.0.10.1, port 34102
[  5] local 1.2.2.1 port 5201 connected to 10.0.10.1 port 35602
[ ID] Interval           Transfer     Bandwidth       Jitter    Lost/Total Datagrams
[  5]   0.00-1.00   sec  4.54 MBytes  38.0 Mbits/sec  0.101 ms  1518/2099 (72%)  
[  5]   1.00-2.00   sec  0.00 Bytes  0.00 bits/sec  0.101 ms  0/0 (-nan%)  
[  5]   2.00-3.00   sec  0.00 Bytes  0.00 bits/sec  0.101 ms  0/0 (-nan%)  
[  5]   3.00-4.00   sec  0.00 Bytes  0.00 bits/sec  0.101 ms  0/0 (-nan%)  
[  5]   4.00-5.00   sec  1.80 MBytes  15.1 Mbits/sec  0.087 ms  63904/64135 (1e+02%)  
[  5]   5.00-6.00   sec  0.00 Bytes  0.00 bits/sec  0.087 ms  0/0 (-nan%)  
[  5]   6.00-7.00   sec  0.00 Bytes  0.00 bits/sec  0.087 ms  0/0 (-nan%)  
[  5]   7.00-8.00   sec  0.00 Bytes  0.00 bits/sec  0.087 ms  0/0 (-nan%)  
[  5]   8.00-9.00   sec  1.35 MBytes  11.3 Mbits/sec  0.068 ms  65307/65480 (1e+02%)  
[  5]   9.00-10.00  sec  0.00 Bytes  0.00 bits/sec  0.068 ms  0/0 (-nan%)  
[  5]  10.00-11.00  sec  0.00 Bytes  0.00 bits/sec  0.068 ms  0/0 (-nan%)  
[  5]  11.00-12.00  sec  0.00 Bytes  0.00 bits/sec  0.068 ms  0/0 (-nan%)  
[  5]  12.00-13.00  sec  1.61 MBytes  13.5 Mbits/sec  0.100 ms  64504/64710 (1e+02%)  
[  5]  13.00-14.00  sec   960 KBytes  7.86 Mbits/sec  0.078 ms  841/961 (88%)  
[  5]  14.00-15.00  sec  0.00 Bytes  0.00 bits/sec  0.078 ms  0/0 (-nan%)  
[  5]  15.00-16.00  sec  0.00 Bytes  0.00 bits/sec  0.078 ms  0/0 (-nan%)  
[  5]  16.00-17.00  sec  0.00 Bytes  0.00 bits/sec  0.078 ms  0/0 (-nan%)  
[  5]  17.00-18.00  sec   800 KBytes  6.56 Mbits/sec  0.079 ms  63924/64024 (1e+02%)  
[  5]  18.00-19.00  sec  0.00 Bytes  0.00 bits/sec  0.079 ms  0/0 (-nan%)  
[  5]  19.00-20.00  sec  0.00 Bytes  0.00 bits/sec  0.079 ms  0/0 (-nan%)  
[  5]  20.00-21.00  sec  0.00 Bytes  0.00 bits/sec  0.079 ms  0/0 (-nan%)  
[  5]  21.00-22.00  sec  1.84 MBytes  15.4 Mbits/sec  0.094 ms  65561/65796 (1e+02%)  
[  5]  22.00-23.00  sec  0.00 Bytes  0.00 bits/sec  0.094 ms  0/0 (-nan%)  
[  5]  23.00-24.00  sec  0.00 Bytes  0.00 bits/sec  0.094 ms  0/0 (-nan%)  
[  5]  24.00-25.00  sec  0.00 Bytes  0.00 bits/sec  0.094 ms  0/0 (-nan%)  
[  5]  25.00-26.00  sec  1.80 MBytes  15.2 Mbits/sec  0.105 ms  64880/65111 (1e+02%)  
[  5]  26.00-27.00  sec  0.00 Bytes  0.00 bits/sec  0.105 ms  0/0 (-nan%)  
[  5]  27.00-28.00  sec  0.00 Bytes  0.00 bits/sec  0.105 ms  0/0 (-nan%)  
[  5]  28.00-29.00  sec  0.00 Bytes  0.00 bits/sec  0.105 ms  0/0 (-nan%)  
[  5]  29.00-30.00  sec  40.0 KBytes   328 Kbits/sec  0.088 ms  63890/63895 (1e+02%)  
[  5]  30.00-31.00  sec   192 KBytes  1.57 Mbits/sec  0.089 ms  1203/1227 (98%)  
[  5]  31.00-32.00  sec  1.84 MBytes  15.4 Mbits/sec  0.091 ms  26742/26977 (99%)  
[  5]  32.00-33.00  sec  0.00 Bytes  0.00 bits/sec  0.091 ms  0/0 (-nan%)  
[  5]  33.00-34.00  sec  0.00 Bytes  0.00 bits/sec  0.091 ms  0/0 (-nan%)  
[  5]  34.00-35.00  sec   152 KBytes  1.25 Mbits/sec  0.095 ms  37895/37914 (1e+02%)  
[  5]  35.00-36.00  sec  0.00 Bytes  0.00 bits/sec  0.095 ms  0/0 (-nan%)  
[  5]  36.00-37.00  sec  1.45 MBytes  12.1 Mbits/sec  0.067 ms  27183/27368 (99%)  
[  5]  37.00-38.00  sec  0.00 Bytes  0.00 bits/sec  0.067 ms  0/0 (-nan%)  
[  5]  38.00-39.00  sec  2.48 MBytes  20.9 Mbits/sec  0.076 ms  37871/38189 (99%)  
[  5]  39.00-40.00  sec  0.00 Bytes  0.00 bits/sec  0.076 ms  0/0 (-nan%)  
[  5]  40.00-41.00  sec  0.00 Bytes  0.00 bits/sec  0.076 ms  0/0 (-nan%)  
[  5]  41.00-42.00  sec  0.00 Bytes  0.00 bits/sec  0.076 ms  0/0 (-nan%)  
[  5]  42.00-43.00  sec  1.61 MBytes  13.5 Mbits/sec  0.090 ms  64220/64426 (1e+02%)  
[  5]  43.00-44.00  sec  0.00 Bytes  0.00 bits/sec  0.090 ms  0/0 (-nan%)  
[  5]  44.00-45.00  sec   120 KBytes   984 Kbits/sec  0.099 ms  27264/27279 (1e+02%)  
[  5]  45.00-46.00  sec  0.00 Bytes  0.00 bits/sec  0.099 ms  0/0 (-nan%)  
[  5]  46.00-47.00  sec  0.00 Bytes  0.00 bits/sec  0.099 ms  0/0 (-nan%)  
[  5]  47.00-48.00  sec  1.49 MBytes  12.5 Mbits/sec  0.074 ms  37802/37993 (99%)  
[  5]  48.00-49.00  sec  8.00 KBytes  65.6 Kbits/sec  0.563 ms  27380/27381 (1e+02%)  
[  5]  49.00-50.00  sec  0.00 Bytes  0.00 bits/sec  0.563 ms  0/0 (-nan%)  
[  5]  50.00-51.00  sec  0.00 Bytes  0.00 bits/sec  0.563 ms  0/0 (-nan%)  
[  5]  51.00-52.00  sec   456 KBytes  3.74 Mbits/sec  0.116 ms  38233/38290 (1e+02%)  
[  5]  52.00-53.00  sec  0.00 Bytes  0.00 bits/sec  0.116 ms  0/0 (-nan%)  
[  5]  53.00-54.00  sec  8.00 KBytes  65.6 Kbits/sec  0.112 ms  26445/26446 (1e+02%)  
[  5]  54.00-55.00  sec  0.00 Bytes  0.00 bits/sec  0.112 ms  0/0 (-nan%)  
[  5]  55.00-56.00  sec   128 KBytes  1.05 Mbits/sec  0.104 ms  38159/38175 (1e+02%)  
[  5]  56.00-57.00  sec  16.0 KBytes   131 Kbits/sec  0.100 ms  10991/10993 (1e+02%)  
[  5]  57.00-58.00  sec  8.00 KBytes  65.5 Kbits/sec  0.099 ms  15928/15929 (1e+02%)  
[  5]  58.00-59.00  sec  0.00 Bytes  0.00 bits/sec  0.099 ms  0/0 (-nan%)  
[  5]  59.00-60.00  sec  1.12 MBytes  9.45 Mbits/sec  0.096 ms  38433/38577 (1e+02%)  
[  5]  60.00-61.00  sec   104 KBytes   852 Kbits/sec  0.094 ms  7650/7663 (1e+02%)  
[  5]  61.00-62.00  sec  0.00 Bytes  0.00 bits/sec  0.094 ms  0/0 (-nan%)  
[  5]  62.00-63.00  sec  1.64 MBytes  13.8 Mbits/sec  0.079 ms  31344/31554 (99%)  
[  5]  63.00-64.00  sec  0.00 Bytes  0.00 bits/sec  0.079 ms  0/0 (-nan%)  
[  5]  64.00-65.00  sec   896 KBytes  7.34 Mbits/sec  0.062 ms  36452/36564 (1e+02%)  
[  5]  65.00-66.00  sec  64.0 KBytes   524 Kbits/sec  0.060 ms  15886/15894 (1e+02%)  
[  5]  66.00-67.00  sec  0.00 Bytes  0.00 bits/sec  0.060 ms  0/0 (-nan%)  
[  5]  67.00-68.00  sec  0.00 Bytes  0.00 bits/sec  0.060 ms  0/0 (-nan%)  
[  5]  68.00-69.00  sec  2.54 MBytes  21.3 Mbits/sec  0.081 ms  45953/46278 (99%)  
[  5]  69.00-70.00  sec  0.00 Bytes  0.00 bits/sec  0.081 ms  0/0 (-nan%)  
[  5]  70.00-71.00  sec  0.00 Bytes  0.00 bits/sec  0.081 ms  0/0 (-nan%)  
[  5]  71.00-72.00  sec  0.00 Bytes  0.00 bits/sec  0.081 ms  0/0 (-nan%)  
[  5]  72.00-73.00  sec  8.00 KBytes  65.6 Kbits/sec  0.090 ms  56945/56946 (1e+02%)  
[  5]  73.00-74.00  sec   104 KBytes   852 Kbits/sec  0.100 ms  11063/11076 (1e+02%)  
[  5]  74.00-75.00  sec  1.69 MBytes  14.2 Mbits/sec  0.069 ms  20683/20899 (99%)  
[  5]  75.00-76.00  sec   480 KBytes  3.93 Mbits/sec  0.081 ms  7680/7740 (99%)  
[  5]  76.00-77.00  sec  0.00 Bytes  0.00 bits/sec  0.081 ms  0/0 (-nan%)  
[  5]  77.00-78.00  sec  0.00 Bytes  0.00 bits/sec  0.081 ms  0/0 (-nan%)  
[  5]  78.00-79.00  sec  0.00 Bytes  0.00 bits/sec  0.081 ms  0/0 (-nan%)  
[  5]  79.00-80.00  sec  16.0 KBytes   131 Kbits/sec  0.084 ms  65092/65094 (1e+02%)  
[  5]  80.00-81.00  sec  0.00 Bytes  0.00 bits/sec  0.084 ms  0/0 (-nan%)  
[  5]  81.00-82.00  sec  1.56 MBytes  13.1 Mbits/sec  0.066 ms  27710/27910 (99%)  
[  5]  82.00-83.00  sec  0.00 Bytes  0.00 bits/sec  0.066 ms  0/0 (-nan%)  
[  5]  83.00-84.00  sec  1.63 MBytes  13.7 Mbits/sec  0.085 ms  24231/24440 (99%)  
[  5]  84.00-85.00  sec  0.00 Bytes  0.00 bits/sec  0.085 ms  0/0 (-nan%)  
[  5]  85.00-86.00  sec   592 KBytes  4.85 Mbits/sec  0.071 ms  38528/38602 (1e+02%)  
[  5]  86.00-87.00  sec  0.00 Bytes  0.00 bits/sec  0.071 ms  0/0 (-nan%)  
[  5]  87.00-88.00  sec  0.00 Bytes  0.00 bits/sec  0.071 ms  0/0 (-nan%)  
[  5]  88.00-89.00  sec  0.00 Bytes  0.00 bits/sec  0.071 ms  0/0 (-nan%)  
[  5]  89.00-90.00  sec  0.00 Bytes  0.00 bits/sec  0.071 ms  0/0 (-nan%)  
[  5]  90.00-91.00  sec   240 KBytes  1.97 Mbits/sec  0.083 ms  72731/72761 (1e+02%)  
[  5]  91.00-92.00  sec  1.77 MBytes  14.9 Mbits/sec  0.069 ms  13587/13814 (98%)  
[  5]  92.00-93.00  sec  8.00 KBytes  65.5 Kbits/sec  0.078 ms  17751/17752 (1e+02%)  
[  5]  93.00-94.00  sec  8.00 KBytes  65.6 Kbits/sec  0.079 ms  24048/24049 (1e+02%)  
[  5]  94.00-95.00  sec   200 KBytes  1.64 Mbits/sec  0.078 ms  9460/9485 (1e+02%)  
[  5]  95.00-96.00  sec   200 KBytes  1.64 Mbits/sec  0.087 ms  18891/18916 (1e+02%)  
[  5]  96.00-97.00  sec  8.00 KBytes  65.5 Kbits/sec  0.086 ms  12736/12737 (1e+02%)  
[  5]  97.00-98.00  sec  0.00 Bytes  0.00 bits/sec  0.086 ms  0/0 (-nan%)  
[  5]  98.00-99.00  sec  56.0 KBytes   459 Kbits/sec  0.093 ms  25492/25499 (1e+02%)  
[  5]  99.00-100.00 sec  1.70 MBytes  14.3 Mbits/sec  0.077 ms  16468/16686 (99%)  


iperf Done.
