Connecting to host 1.2.2.1, port 5201
[  4] local 10.0.10.1 port 38661 connected to 1.2.2.1 port 5201
[ ID] Interval           Transfer     Bandwidth       Total Datagrams
[  4]   0.00-1.00   sec  10.7 MBytes  89.4 Mbits/sec  1365  
[  4]   1.00-2.00   sec  11.8 MBytes  99.0 Mbits/sec  1510  
[  4]   2.00-3.00   sec  11.8 MBytes  98.8 Mbits/sec  1508  
[  4]   3.00-4.00   sec  11.8 MBytes  99.2 Mbits/sec  1513  
[  4]   4.00-5.00   sec  11.8 MBytes  99.0 Mbits/sec  1510  
[  4]   5.00-6.00   sec  11.8 MBytes  99.0 Mbits/sec  1511  
[  4]   6.00-7.00   sec  11.8 MBytes  99.0 Mbits/sec  1510  
[  4]   7.00-8.00   sec  11.8 MBytes  99.0 Mbits/sec  1511  
[  4]   8.00-9.00   sec  11.8 MBytes  98.9 Mbits/sec  1509  
[  4]   9.00-10.00  sec  11.8 MBytes  99.1 Mbits/sec  1512  
[  4]  10.00-11.00  sec  11.8 MBytes  99.0 Mbits/sec  1511  
[  4]  11.00-12.00  sec  11.8 MBytes  98.8 Mbits/sec  1508  
[  4]  12.00-13.00  sec  11.8 MBytes  99.0 Mbits/sec  1511  
[  4]  13.00-14.00  sec  11.8 MBytes  99.0 Mbits/sec  1510  
[  4]  14.00-15.00  sec  11.8 MBytes  99.1 Mbits/sec  1512  
[  4]  15.00-16.00  sec  11.8 MBytes  99.1 Mbits/sec  1512  
[  4]  16.00-17.00  sec  11.8 MBytes  99.0 Mbits/sec  1510  
[  4]  17.00-18.00  sec  11.8 MBytes  99.0 Mbits/sec  1511  
[  4]  18.00-19.00  sec  11.8 MBytes  99.0 Mbits/sec  1511  
[  4]  19.00-20.00  sec  11.8 MBytes  99.0 Mbits/sec  1510  
[  4]  20.00-21.00  sec  11.8 MBytes  98.9 Mbits/sec  1509  
[  4]  21.00-22.00  sec  11.8 MBytes  99.0 Mbits/sec  1511  
[  4]  22.00-23.00  sec  11.8 MBytes  99.0 Mbits/sec  1510  
[  4]  23.00-24.00  sec  11.8 MBytes  99.0 Mbits/sec  1511  
[  4]  24.00-25.00  sec  11.8 MBytes  99.1 Mbits/sec  1512  
[  4]  25.00-26.00  sec  11.8 MBytes  99.0 Mbits/sec  1511  
[  4]  26.00-27.00  sec  11.8 MBytes  98.9 Mbits/sec  1509  
[  4]  27.00-28.00  sec  11.8 MBytes  99.0 Mbits/sec  1510  
[  4]  28.00-29.00  sec  11.8 MBytes  99.0 Mbits/sec  1511  
[  4]  29.00-30.00  sec  11.8 MBytes  99.1 Mbits/sec  1512  
[  4]  30.00-31.00  sec  11.8 MBytes  99.0 Mbits/sec  1510  
[  4]  31.00-32.00  sec  11.8 MBytes  99.0 Mbits/sec  1510  
[  4]  32.00-33.00  sec  11.8 MBytes  99.0 Mbits/sec  1511  
[  4]  33.00-34.00  sec  11.8 MBytes  99.0 Mbits/sec  1510  
[  4]  34.00-35.00  sec  11.8 MBytes  99.1 Mbits/sec  1512  
[  4]  35.00-36.00  sec  11.8 MBytes  98.9 Mbits/sec  1509  
[  4]  36.00-37.00  sec  11.8 MBytes  99.2 Mbits/sec  1513  
[  4]  37.00-38.00  sec  11.8 MBytes  99.1 Mbits/sec  1512  
[  4]  38.00-39.00  sec  11.8 MBytes  98.9 Mbits/sec  1509  
[  4]  39.00-40.00  sec  11.8 MBytes  99.0 Mbits/sec  1511  
[  4]  40.00-41.00  sec  11.8 MBytes  98.8 Mbits/sec  1508  
[  4]  41.00-42.00  sec  11.8 MBytes  99.2 Mbits/sec  1513  
[  4]  42.00-43.00  sec  11.8 MBytes  99.2 Mbits/sec  1513  
[  4]  43.00-44.00  sec  11.8 MBytes  98.7 Mbits/sec  1506  
[  4]  44.00-45.00  sec  11.8 MBytes  99.1 Mbits/sec  1512  
[  4]  45.00-46.00  sec  11.8 MBytes  99.0 Mbits/sec  1511  
[  4]  46.00-47.00  sec  11.8 MBytes  98.9 Mbits/sec  1509  
[  4]  47.00-48.00  sec  11.8 MBytes  99.2 Mbits/sec  1513  
[  4]  48.00-49.00  sec  11.8 MBytes  99.0 Mbits/sec  1510  
[  4]  49.00-50.00  sec  11.8 MBytes  99.0 Mbits/sec  1511  
[  4]  50.00-51.00  sec  11.8 MBytes  98.9 Mbits/sec  1509  
[  4]  51.00-52.00  sec  11.8 MBytes  99.1 Mbits/sec  1512  
[  4]  52.00-53.00  sec  11.8 MBytes  98.9 Mbits/sec  1509  
[  4]  53.00-54.00  sec  11.8 MBytes  99.1 Mbits/sec  1512  
[  4]  54.00-55.00  sec  11.8 MBytes  99.0 Mbits/sec  1511  
[  4]  55.00-56.00  sec  11.8 MBytes  99.0 Mbits/sec  1510  
[  4]  56.00-57.00  sec  11.8 MBytes  99.0 Mbits/sec  1511  
[  4]  57.00-58.00  sec  11.8 MBytes  99.0 Mbits/sec  1511  
[  4]  58.00-59.00  sec  11.8 MBytes  99.0 Mbits/sec  1511  
[  4]  59.00-60.00  sec  11.8 MBytes  99.0 Mbits/sec  1510  
[  4]  60.00-61.00  sec  11.8 MBytes  99.0 Mbits/sec  1510  
[  4]  61.00-62.00  sec  11.8 MBytes  98.9 Mbits/sec  1509  
[  4]  62.00-63.00  sec  11.8 MBytes  99.1 Mbits/sec  1513  
[  4]  63.00-64.00  sec  11.8 MBytes  99.0 Mbits/sec  1510  
[  4]  64.00-65.00  sec  11.8 MBytes  99.0 Mbits/sec  1511  
[  4]  65.00-66.00  sec  11.8 MBytes  99.0 Mbits/sec  1511  
[  4]  66.00-67.00  sec  11.8 MBytes  99.0 Mbits/sec  1511  
[  4]  67.00-68.00  sec  11.8 MBytes  98.8 Mbits/sec  1508  
[  4]  68.00-69.00  sec  11.8 MBytes  99.0 Mbits/sec  1511  
[  4]  69.00-70.00  sec  11.8 MBytes  99.0 Mbits/sec  1510  
[  4]  70.00-71.00  sec  11.8 MBytes  99.1 Mbits/sec  1512  
[  4]  71.00-72.00  sec  11.8 MBytes  99.0 Mbits/sec  1510  
[  4]  72.00-73.00  sec  11.8 MBytes  99.1 Mbits/sec  1512  
[  4]  73.00-74.00  sec  11.8 MBytes  99.0 Mbits/sec  1511  
[  4]  74.00-75.00  sec  11.8 MBytes  98.9 Mbits/sec  1509  
[  4]  75.00-76.00  sec  11.8 MBytes  99.2 Mbits/sec  1514  
[  4]  76.00-77.00  sec  11.8 MBytes  98.9 Mbits/sec  1509  
[  4]  77.00-78.00  sec  11.8 MBytes  99.0 Mbits/sec  1510  
[  4]  78.00-79.00  sec  11.8 MBytes  99.0 Mbits/sec  1510  
[  4]  79.00-80.00  sec  11.8 MBytes  99.1 Mbits/sec  1512  
[  4]  80.00-81.00  sec  11.8 MBytes  99.0 Mbits/sec  1510  
[  4]  81.00-82.00  sec  11.8 MBytes  99.0 Mbits/sec  1511  
[  4]  82.00-83.00  sec  11.8 MBytes  99.0 Mbits/sec  1510  
[  4]  83.00-84.00  sec  11.8 MBytes  99.1 Mbits/sec  1512  
[  4]  84.00-85.00  sec  11.8 MBytes  99.0 Mbits/sec  1510  
[  4]  85.00-86.00  sec  11.8 MBytes  99.0 Mbits/sec  1510  
[  4]  86.00-87.00  sec  11.8 MBytes  98.9 Mbits/sec  1509  
[  4]  87.00-88.00  sec  11.8 MBytes  99.1 Mbits/sec  1512  
[  4]  88.00-89.00  sec  11.8 MBytes  98.9 Mbits/sec  1509  
[  4]  89.00-90.00  sec  11.8 MBytes  99.2 Mbits/sec  1513  
[  4]  90.00-91.00  sec  11.8 MBytes  99.0 Mbits/sec  1510  
[  4]  91.00-92.00  sec  11.8 MBytes  99.1 Mbits/sec  1512  
[  4]  92.00-93.00  sec  11.8 MBytes  98.8 Mbits/sec  1508  
[  4]  93.00-94.00  sec  11.8 MBytes  99.1 Mbits/sec  1512  
[  4]  94.00-95.00  sec  11.8 MBytes  99.2 Mbits/sec  1513  
[  4]  95.00-96.00  sec  11.8 MBytes  98.8 Mbits/sec  1507  
[  4]  96.00-97.00  sec  11.8 MBytes  99.0 Mbits/sec  1510  
[  4]  97.00-98.00  sec  11.8 MBytes  99.2 Mbits/sec  1513  
[  4]  98.00-99.00  sec  11.8 MBytes  98.9 Mbits/sec  1509  
[  4]  99.00-100.00 sec  11.8 MBytes  99.1 Mbits/sec  1512  
[  4] 100.00-101.00 sec  11.8 MBytes  98.9 Mbits/sec  1509  
[  4] 101.00-102.00 sec  11.8 MBytes  99.1 Mbits/sec  1512  
[  4] 102.00-103.00 sec  11.8 MBytes  99.0 Mbits/sec  1511  
[  4] 103.00-104.00 sec  11.8 MBytes  99.1 Mbits/sec  1512  
[  4] 104.00-105.00 sec  11.8 MBytes  98.9 Mbits/sec  1509  
[  4] 105.00-106.00 sec  11.8 MBytes  98.9 Mbits/sec  1509  
[  4] 106.00-107.00 sec  11.8 MBytes  99.0 Mbits/sec  1511  
[  4] 107.00-108.00 sec  11.8 MBytes  99.0 Mbits/sec  1511  
[  4] 108.00-109.00 sec  11.8 MBytes  99.0 Mbits/sec  1510  
[  4] 109.00-110.00 sec  11.8 MBytes  99.1 Mbits/sec  1513  
[  4] 110.00-111.00 sec  11.8 MBytes  99.0 Mbits/sec  1510  
[  4] 111.00-112.00 sec  11.8 MBytes  99.0 Mbits/sec  1510  
[  4] 112.00-113.00 sec  11.8 MBytes  99.0 Mbits/sec  1510  
[  4] 113.00-114.00 sec  11.8 MBytes  99.0 Mbits/sec  1510  
[  4] 114.00-115.00 sec  11.8 MBytes  99.0 Mbits/sec  1510  
[  4] 115.00-116.00 sec  11.8 MBytes  99.1 Mbits/sec  1512  
[  4] 116.00-117.00 sec  11.8 MBytes  99.0 Mbits/sec  1510  
[  4] 117.00-118.00 sec  11.8 MBytes  99.1 Mbits/sec  1512  
[  4] 118.00-119.00 sec  11.8 MBytes  99.0 Mbits/sec  1511  
[  4] 119.00-120.00 sec  11.8 MBytes  99.0 Mbits/sec  1511  
[  4] 120.00-121.00 sec  11.8 MBytes  99.0 Mbits/sec  1511  
[  4] 121.00-122.00 sec  11.8 MBytes  98.9 Mbits/sec  1509  
[  4] 122.00-123.00 sec  11.8 MBytes  99.0 Mbits/sec  1511  
[  4] 123.00-124.00 sec  11.8 MBytes  99.0 Mbits/sec  1511  
[  4] 124.00-125.00 sec  11.8 MBytes  99.0 Mbits/sec  1511  
[  4] 125.00-126.00 sec  11.8 MBytes  99.0 Mbits/sec  1510  
[  4] 126.00-127.00 sec  11.8 MBytes  99.0 Mbits/sec  1510  
[  4] 127.00-128.00 sec  11.8 MBytes  99.0 Mbits/sec  1511  
[  4] 128.00-129.00 sec  11.8 MBytes  99.1 Mbits/sec  1512  
[  4] 129.00-130.00 sec  11.8 MBytes  98.9 Mbits/sec  1509  
[  4] 130.00-131.00 sec  11.8 MBytes  98.9 Mbits/sec  1509  
[  4] 131.00-132.00 sec  11.8 MBytes  99.0 Mbits/sec  1511  
[  4] 131.00-132.00 sec  11.8 MBytes  99.0 Mbits/sec  1511  
- - - - - - - - - - - - - - - - - - - - - - - - -
[ ID] Interval           Transfer     Bandwidth       Jitter    Lost/Total Datagrams
[  4]   0.00-132.00 sec  1.53 GBytes  99.6 Mbits/sec  0.000 ms  0/200614 (0%)  
[  4] Sent 200614 datagrams
